20-Nov-2024 13:32:02.996 INFO [main] org.apache.catalina.startup.VersionLoggerListener.log Server version name:   Apache Tomcat/9.0.38
20-Nov-2024 13:32:02.999 INFO [main] org.apache.catalina.startup.VersionLoggerListener.log Server built:          Sep 10 2020 08:20:30 UTC
20-Nov-2024 13:32:02.999 INFO [main] org.apache.catalina.startup.VersionLoggerListener.log Server version number: 9.0.38.0
20-Nov-2024 13:32:02.999 INFO [main] org.apache.catalina.startup.VersionLoggerListener.log OS Name:               Windows 10
20-Nov-2024 13:32:03.000 INFO [main] org.apache.catalina.startup.VersionLoggerListener.log OS Version:            10.0
20-Nov-2024 13:32:03.000 INFO [main] org.apache.catalina.startup.VersionLoggerListener.log Architecture:          amd64
20-Nov-2024 13:32:03.000 INFO [main] org.apache.catalina.startup.VersionLoggerListener.log Java Home:             C:\Program Files\Java\jdk1.8.0_261\jre
20-Nov-2024 13:32:03.000 INFO [main] org.apache.catalina.startup.VersionLoggerListener.log JVM Version:           1.8.0_261-b12
20-Nov-2024 13:32:03.000 INFO [main] org.apache.catalina.startup.VersionLoggerListener.log JVM Vendor:            Oracle Corporation
20-Nov-2024 13:32:03.000 INFO [main] org.apache.catalina.startup.VersionLoggerListener.log CATALINA_BASE:         C:\Users\NEW\IdeaProjects\metro-application
20-Nov-2024 13:32:03.000 INFO [main] org.apache.catalina.startup.VersionLoggerListener.log CATALINA_HOME:         D:\Program Files\apache-tomcat-9.0.38
20-Nov-2024 13:32:03.003 INFO [main] org.apache.catalina.startup.VersionLoggerListener.log Command line argument: -Dcatalina.home=D:\Program Files\apache-tomcat-9.0.38
20-Nov-2024 13:32:03.003 INFO [main] org.apache.catalina.startup.VersionLoggerListener.log Command line argument: -Dcatalina.base=C:\Users\NEW\IdeaProjects\metro-application
20-Nov-2024 13:32:03.003 INFO [main] org.apache.catalina.startup.VersionLoggerListener.log Command line argument: -Djava.io.tmpdir=C:\Users\NEW\IdeaProjects\metro-application\temp
20-Nov-2024 13:32:03.003 INFO [main] org.apache.catalina.startup.VersionLoggerListener.log Command line argument: -Djava.util.logging.config.file=C:\Users\NEW\IdeaProjects\metro-application\conf\logging.properties
20-Nov-2024 13:32:03.003 INFO [main] org.apache.catalina.startup.VersionLoggerListener.log Command line argument: -Djava.util.logging.manager=org.apache.juli.ClassLoaderLogManager
20-Nov-2024 13:32:03.003 INFO [main] org.apache.catalina.startup.VersionLoggerListener.log Command line argument: -javaagent:C:\Program Files\JetBrains\IntelliJ IDEA Community Edition 2023.3.6\lib\idea_rt.jar=50199:C:\Program Files\JetBrains\IntelliJ IDEA Community Edition 2023.3.6\bin
20-Nov-2024 13:32:03.003 INFO [main] org.apache.catalina.startup.VersionLoggerListener.log Command line argument: -Dfile.encoding=UTF-8
20-Nov-2024 13:32:03.185 INFO [main] org.apache.catalina.core.AprLifecycleListener.lifecycleEvent Loaded Apache Tomcat Native library [1.2.25] using APR version [1.7.0].
20-Nov-2024 13:32:03.185 INFO [main] org.apache.catalina.core.AprLifecycleListener.lifecycleEvent APR capabilities: IPv6 [true], sendfile [true], accept filters [false], random [true].
20-Nov-2024 13:32:03.186 INFO [main] org.apache.catalina.core.AprLifecycleListener.lifecycleEvent APR/OpenSSL configuration: useAprConnector [false], useOpenSSL [true]
20-Nov-2024 13:32:03.225 INFO [main] org.apache.catalina.core.AprLifecycleListener.initializeSSL OpenSSL successfully initialized [OpenSSL 1.1.1g  21 Apr 2020]
20-Nov-2024 13:32:03.756 INFO [main] org.apache.coyote.AbstractProtocol.init Initializing ProtocolHandler ["http-nio-8083"]
20-Nov-2024 13:32:04.007 INFO [main] org.apache.catalina.startup.Catalina.load Server initialization in [1282] milliseconds
20-Nov-2024 13:32:04.043 INFO [main] org.apache.catalina.core.StandardService.startInternal Starting service [Catalina]
20-Nov-2024 13:32:04.044 INFO [main] org.apache.catalina.core.StandardEngine.startInternal Starting Servlet engine: [Apache Tomcat/9.0.38]
20-Nov-2024 13:32:04.070 INFO [main] org.apache.catalina.startup.HostConfig.deployDescriptor Deploying deployment descriptor [C:\Users\NEW\IdeaProjects\metro-application\conf\Catalina\localhost\metro-application.xml]
20-Nov-2024 13:32:09.756 INFO [main] org.apache.jasper.servlet.TldScanner.scanJars At least one JAR was scanned for TLDs yet contained no TLDs. Enable debug logging for this logger for a complete list of JARs that were scanned but no TLDs were found in them. Skipping unneeded JARs during scanning can improve startup time and JSP compilation time.
20-Nov-2024 13:32:21.588 INFO [main] org.apache.catalina.startup.HostConfig.deployDescriptor Deployment of deployment descriptor [C:\Users\NEW\IdeaProjects\metro-application\conf\Catalina\localhost\metro-application.xml] has finished in [17,518] ms
20-Nov-2024 13:32:21.593 INFO [main] org.apache.coyote.AbstractProtocol.start Starting ProtocolHandler ["http-nio-8083"]
20-Nov-2024 13:32:21.604 INFO [main] org.apache.catalina.startup.Catalina.start Server startup in [17596] milliseconds
20-Nov-2024 13:44:33.091 INFO [Thread-5] org.apache.coyote.AbstractProtocol.pause Pausing ProtocolHandler ["http-nio-8083"]
20-Nov-2024 13:44:33.357 INFO [Thread-5] org.apache.catalina.core.StandardService.stopInternal Stopping service [Catalina]
20-Nov-2024 13:44:33.412 WARNING [Thread-5] org.apache.catalina.loader.WebappClassLoaderBase.clearReferencesJdbc The web application [metro-application] registered the JDBC driver [com.mysql.cj.jdbc.Driver] but failed to unregister it when the web application was stopped. To prevent a memory leak, the JDBC Driver has been forcibly unregistered.
20-Nov-2024 13:44:33.413 WARNING [Thread-5] org.apache.catalina.loader.WebappClassLoaderBase.clearReferencesThreads The web application [metro-application] appears to have started a thread named [mysql-cj-abandoned-connection-cleanup] but has failed to stop it. This is very likely to create a memory leak. Stack trace of thread:
 java.lang.Object.wait(Native Method)
 java.lang.ref.ReferenceQueue.remove(ReferenceQueue.java:144)
 com.mysql.cj.jdbc.AbandonedConnectionCleanupThread.run(AbandonedConnectionCleanupThread.java:91)
 java.util.concurrent.ThreadPoolExecutor.runWorker(ThreadPoolExecutor.java:1149)
 java.util.concurrent.ThreadPoolExecutor$Worker.run(ThreadPoolExecutor.java:624)
 java.lang.Thread.run(Thread.java:748)
20-Nov-2024 13:44:33.426 INFO [Thread-5] org.apache.coyote.AbstractProtocol.stop Stopping ProtocolHandler ["http-nio-8083"]
20-Nov-2024 13:44:33.458 INFO [Thread-5] org.apache.coyote.AbstractProtocol.destroy Destroying ProtocolHandler ["http-nio-8083"]
20-Nov-2024 13:44:45.076 INFO [main] org.apache.catalina.startup.VersionLoggerListener.log Server version name:   Apache Tomcat/9.0.38
20-Nov-2024 13:44:45.080 INFO [main] org.apache.catalina.startup.VersionLoggerListener.log Server built:          Sep 10 2020 08:20:30 UTC
20-Nov-2024 13:44:45.080 INFO [main] org.apache.catalina.startup.VersionLoggerListener.log Server version number: 9.0.38.0
20-Nov-2024 13:44:45.080 INFO [main] org.apache.catalina.startup.VersionLoggerListener.log OS Name:               Windows 10
20-Nov-2024 13:44:45.081 INFO [main] org.apache.catalina.startup.VersionLoggerListener.log OS Version:            10.0
20-Nov-2024 13:44:45.081 INFO [main] org.apache.catalina.startup.VersionLoggerListener.log Architecture:          amd64
20-Nov-2024 13:44:45.081 INFO [main] org.apache.catalina.startup.VersionLoggerListener.log Java Home:             C:\Program Files\Java\jdk1.8.0_261\jre
20-Nov-2024 13:44:45.081 INFO [main] org.apache.catalina.startup.VersionLoggerListener.log JVM Version:           1.8.0_261-b12
20-Nov-2024 13:44:45.081 INFO [main] org.apache.catalina.startup.VersionLoggerListener.log JVM Vendor:            Oracle Corporation
20-Nov-2024 13:44:45.081 INFO [main] org.apache.catalina.startup.VersionLoggerListener.log CATALINA_BASE:         C:\Users\NEW\IdeaProjects\metro-application
20-Nov-2024 13:44:45.081 INFO [main] org.apache.catalina.startup.VersionLoggerListener.log CATALINA_HOME:         D:\Program Files\apache-tomcat-9.0.38
20-Nov-2024 13:44:45.083 INFO [main] org.apache.catalina.startup.VersionLoggerListener.log Command line argument: -Dcatalina.home=D:\Program Files\apache-tomcat-9.0.38
20-Nov-2024 13:44:45.083 INFO [main] org.apache.catalina.startup.VersionLoggerListener.log Command line argument: -Dcatalina.base=C:\Users\NEW\IdeaProjects\metro-application
20-Nov-2024 13:44:45.084 INFO [main] org.apache.catalina.startup.VersionLoggerListener.log Command line argument: -Djava.io.tmpdir=C:\Users\NEW\IdeaProjects\metro-application\temp
20-Nov-2024 13:44:45.084 INFO [main] org.apache.catalina.startup.VersionLoggerListener.log Command line argument: -Djava.util.logging.config.file=C:\Users\NEW\IdeaProjects\metro-application\conf\logging.properties
20-Nov-2024 13:44:45.084 INFO [main] org.apache.catalina.startup.VersionLoggerListener.log Command line argument: -Djava.util.logging.manager=org.apache.juli.ClassLoaderLogManager
20-Nov-2024 13:44:45.084 INFO [main] org.apache.catalina.startup.VersionLoggerListener.log Command line argument: -javaagent:C:\Program Files\JetBrains\IntelliJ IDEA Community Edition 2023.3.6\lib\idea_rt.jar=50266:C:\Program Files\JetBrains\IntelliJ IDEA Community Edition 2023.3.6\bin
20-Nov-2024 13:44:45.084 INFO [main] org.apache.catalina.startup.VersionLoggerListener.log Command line argument: -Dfile.encoding=UTF-8
20-Nov-2024 13:44:45.089 INFO [main] org.apache.catalina.core.AprLifecycleListener.lifecycleEvent Loaded Apache Tomcat Native library [1.2.25] using APR version [1.7.0].
20-Nov-2024 13:44:45.089 INFO [main] org.apache.catalina.core.AprLifecycleListener.lifecycleEvent APR capabilities: IPv6 [true], sendfile [true], accept filters [false], random [true].
20-Nov-2024 13:44:45.089 INFO [main] org.apache.catalina.core.AprLifecycleListener.lifecycleEvent APR/OpenSSL configuration: useAprConnector [false], useOpenSSL [true]
20-Nov-2024 13:44:45.095 INFO [main] org.apache.catalina.core.AprLifecycleListener.initializeSSL OpenSSL successfully initialized [OpenSSL 1.1.1g  21 Apr 2020]
20-Nov-2024 13:44:45.680 INFO [main] org.apache.coyote.AbstractProtocol.init Initializing ProtocolHandler ["http-nio-8083"]
20-Nov-2024 13:44:45.989 INFO [main] org.apache.catalina.startup.Catalina.load Server initialization in [1240] milliseconds
20-Nov-2024 13:44:46.025 INFO [main] org.apache.catalina.core.StandardService.startInternal Starting service [Catalina]
20-Nov-2024 13:44:46.026 INFO [main] org.apache.catalina.core.StandardEngine.startInternal Starting Servlet engine: [Apache Tomcat/9.0.38]
20-Nov-2024 13:44:46.039 INFO [main] org.apache.catalina.startup.HostConfig.deployDescriptor Deploying deployment descriptor [C:\Users\NEW\IdeaProjects\metro-application\conf\Catalina\localhost\metro-application.xml]
20-Nov-2024 13:44:51.484 INFO [main] org.apache.jasper.servlet.TldScanner.scanJars At least one JAR was scanned for TLDs yet contained no TLDs. Enable debug logging for this logger for a complete list of JARs that were scanned but no TLDs were found in them. Skipping unneeded JARs during scanning can improve startup time and JSP compilation time.
20-Nov-2024 13:45:02.644 INFO [main] org.apache.catalina.startup.HostConfig.deployDescriptor Deployment of deployment descriptor [C:\Users\NEW\IdeaProjects\metro-application\conf\Catalina\localhost\metro-application.xml] has finished in [16,604] ms
20-Nov-2024 13:45:02.649 INFO [main] org.apache.coyote.AbstractProtocol.start Starting ProtocolHandler ["http-nio-8083"]
20-Nov-2024 13:45:02.661 INFO [main] org.apache.catalina.startup.Catalina.start Server startup in [16671] milliseconds
20-Nov-2024 13:53:01.867 INFO [Thread-5] org.apache.coyote.AbstractProtocol.pause Pausing ProtocolHandler ["http-nio-8083"]
20-Nov-2024 13:53:02.137 INFO [Thread-5] org.apache.catalina.core.StandardService.stopInternal Stopping service [Catalina]
20-Nov-2024 13:53:02.175 WARNING [Thread-5] org.apache.catalina.loader.WebappClassLoaderBase.clearReferencesJdbc The web application [metro-application] registered the JDBC driver [com.mysql.cj.jdbc.Driver] but failed to unregister it when the web application was stopped. To prevent a memory leak, the JDBC Driver has been forcibly unregistered.
20-Nov-2024 13:53:02.176 WARNING [Thread-5] org.apache.catalina.loader.WebappClassLoaderBase.clearReferencesThreads The web application [metro-application] appears to have started a thread named [mysql-cj-abandoned-connection-cleanup] but has failed to stop it. This is very likely to create a memory leak. Stack trace of thread:
 java.lang.Object.wait(Native Method)
 java.lang.ref.ReferenceQueue.remove(ReferenceQueue.java:144)
 com.mysql.cj.jdbc.AbandonedConnectionCleanupThread.run(AbandonedConnectionCleanupThread.java:91)
 java.util.concurrent.ThreadPoolExecutor.runWorker(ThreadPoolExecutor.java:1149)
 java.util.concurrent.ThreadPoolExecutor$Worker.run(ThreadPoolExecutor.java:624)
 java.lang.Thread.run(Thread.java:748)
20-Nov-2024 13:53:02.182 INFO [Thread-5] org.apache.coyote.AbstractProtocol.stop Stopping ProtocolHandler ["http-nio-8083"]
20-Nov-2024 13:53:02.202 INFO [Thread-5] org.apache.coyote.AbstractProtocol.destroy Destroying ProtocolHandler ["http-nio-8083"]
20-Nov-2024 13:53:18.079 INFO [main] org.apache.catalina.startup.VersionLoggerListener.log Server version name:   Apache Tomcat/9.0.38
20-Nov-2024 13:53:18.085 INFO [main] org.apache.catalina.startup.VersionLoggerListener.log Server built:          Sep 10 2020 08:20:30 UTC
20-Nov-2024 13:53:18.085 INFO [main] org.apache.catalina.startup.VersionLoggerListener.log Server version number: 9.0.38.0
20-Nov-2024 13:53:18.085 INFO [main] org.apache.catalina.startup.VersionLoggerListener.log OS Name:               Windows 10
20-Nov-2024 13:53:18.085 INFO [main] org.apache.catalina.startup.VersionLoggerListener.log OS Version:            10.0
20-Nov-2024 13:53:18.086 INFO [main] org.apache.catalina.startup.VersionLoggerListener.log Architecture:          amd64
20-Nov-2024 13:53:18.086 INFO [main] org.apache.catalina.startup.VersionLoggerListener.log Java Home:             C:\Program Files\Java\jdk1.8.0_261\jre
20-Nov-2024 13:53:18.086 INFO [main] org.apache.catalina.startup.VersionLoggerListener.log JVM Version:           1.8.0_261-b12
20-Nov-2024 13:53:18.086 INFO [main] org.apache.catalina.startup.VersionLoggerListener.log JVM Vendor:            Oracle Corporation
20-Nov-2024 13:53:18.086 INFO [main] org.apache.catalina.startup.VersionLoggerListener.log CATALINA_BASE:         C:\Users\NEW\IdeaProjects\metro-application
20-Nov-2024 13:53:18.086 INFO [main] org.apache.catalina.startup.VersionLoggerListener.log CATALINA_HOME:         D:\Program Files\apache-tomcat-9.0.38
20-Nov-2024 13:53:18.088 INFO [main] org.apache.catalina.startup.VersionLoggerListener.log Command line argument: -Dcatalina.home=D:\Program Files\apache-tomcat-9.0.38
20-Nov-2024 13:53:18.088 INFO [main] org.apache.catalina.startup.VersionLoggerListener.log Command line argument: -Dcatalina.base=C:\Users\NEW\IdeaProjects\metro-application
20-Nov-2024 13:53:18.088 INFO [main] org.apache.catalina.startup.VersionLoggerListener.log Command line argument: -Djava.io.tmpdir=C:\Users\NEW\IdeaProjects\metro-application\temp
20-Nov-2024 13:53:18.089 INFO [main] org.apache.catalina.startup.VersionLoggerListener.log Command line argument: -Djava.util.logging.config.file=C:\Users\NEW\IdeaProjects\metro-application\conf\logging.properties
20-Nov-2024 13:53:18.089 INFO [main] org.apache.catalina.startup.VersionLoggerListener.log Command line argument: -Djava.util.logging.manager=org.apache.juli.ClassLoaderLogManager
20-Nov-2024 13:53:18.089 INFO [main] org.apache.catalina.startup.VersionLoggerListener.log Command line argument: -javaagent:C:\Program Files\JetBrains\IntelliJ IDEA Community Edition 2023.3.6\lib\idea_rt.jar=50329:C:\Program Files\JetBrains\IntelliJ IDEA Community Edition 2023.3.6\bin
20-Nov-2024 13:53:18.089 INFO [main] org.apache.catalina.startup.VersionLoggerListener.log Command line argument: -Dfile.encoding=UTF-8
20-Nov-2024 13:53:18.093 INFO [main] org.apache.catalina.core.AprLifecycleListener.lifecycleEvent Loaded Apache Tomcat Native library [1.2.25] using APR version [1.7.0].
20-Nov-2024 13:53:18.094 INFO [main] org.apache.catalina.core.AprLifecycleListener.lifecycleEvent APR capabilities: IPv6 [true], sendfile [true], accept filters [false], random [true].
20-Nov-2024 13:53:18.094 INFO [main] org.apache.catalina.core.AprLifecycleListener.lifecycleEvent APR/OpenSSL configuration: useAprConnector [false], useOpenSSL [true]
20-Nov-2024 13:53:18.101 INFO [main] org.apache.catalina.core.AprLifecycleListener.initializeSSL OpenSSL successfully initialized [OpenSSL 1.1.1g  21 Apr 2020]
20-Nov-2024 13:53:18.936 INFO [main] org.apache.coyote.AbstractProtocol.init Initializing ProtocolHandler ["http-nio-8083"]
20-Nov-2024 13:53:19.287 INFO [main] org.apache.catalina.startup.Catalina.load Server initialization in [1653] milliseconds
20-Nov-2024 13:53:19.325 INFO [main] org.apache.catalina.core.StandardService.startInternal Starting service [Catalina]
20-Nov-2024 13:53:19.325 INFO [main] org.apache.catalina.core.StandardEngine.startInternal Starting Servlet engine: [Apache Tomcat/9.0.38]
20-Nov-2024 13:53:19.336 INFO [main] org.apache.catalina.startup.HostConfig.deployDescriptor Deploying deployment descriptor [C:\Users\NEW\IdeaProjects\metro-application\conf\Catalina\localhost\metro-application.xml]
20-Nov-2024 13:53:26.669 INFO [main] org.apache.jasper.servlet.TldScanner.scanJars At least one JAR was scanned for TLDs yet contained no TLDs. Enable debug logging for this logger for a complete list of JARs that were scanned but no TLDs were found in them. Skipping unneeded JARs during scanning can improve startup time and JSP compilation time.
20-Nov-2024 13:53:37.393 INFO [main] org.apache.catalina.startup.HostConfig.deployDescriptor Deployment of deployment descriptor [C:\Users\NEW\IdeaProjects\metro-application\conf\Catalina\localhost\metro-application.xml] has finished in [18,056] ms
20-Nov-2024 13:53:37.398 INFO [main] org.apache.coyote.AbstractProtocol.start Starting ProtocolHandler ["http-nio-8083"]
20-Nov-2024 13:53:37.408 INFO [main] org.apache.catalina.startup.Catalina.start Server startup in [18121] milliseconds
20-Nov-2024 13:56:54.643 INFO [Thread-5] org.apache.coyote.AbstractProtocol.pause Pausing ProtocolHandler ["http-nio-8083"]
20-Nov-2024 13:56:54.968 INFO [Thread-5] org.apache.catalina.core.StandardService.stopInternal Stopping service [Catalina]
20-Nov-2024 13:56:55.018 WARNING [Thread-5] org.apache.catalina.loader.WebappClassLoaderBase.clearReferencesJdbc The web application [metro-application] registered the JDBC driver [com.mysql.cj.jdbc.Driver] but failed to unregister it when the web application was stopped. To prevent a memory leak, the JDBC Driver has been forcibly unregistered.
20-Nov-2024 13:56:55.018 WARNING [Thread-5] org.apache.catalina.loader.WebappClassLoaderBase.clearReferencesThreads The web application [metro-application] appears to have started a thread named [mysql-cj-abandoned-connection-cleanup] but has failed to stop it. This is very likely to create a memory leak. Stack trace of thread:
 java.lang.Object.wait(Native Method)
 java.lang.ref.ReferenceQueue.remove(ReferenceQueue.java:144)
 com.mysql.cj.jdbc.AbandonedConnectionCleanupThread.run(AbandonedConnectionCleanupThread.java:91)
 java.util.concurrent.ThreadPoolExecutor.runWorker(ThreadPoolExecutor.java:1149)
 java.util.concurrent.ThreadPoolExecutor$Worker.run(ThreadPoolExecutor.java:624)
 java.lang.Thread.run(Thread.java:748)
20-Nov-2024 13:56:55.026 INFO [Thread-5] org.apache.coyote.AbstractProtocol.stop Stopping ProtocolHandler ["http-nio-8083"]
20-Nov-2024 13:56:55.071 INFO [Thread-5] org.apache.coyote.AbstractProtocol.destroy Destroying ProtocolHandler ["http-nio-8083"]
20-Nov-2024 13:57:06.017 INFO [main] org.apache.catalina.startup.VersionLoggerListener.log Server version name:   Apache Tomcat/9.0.38
20-Nov-2024 13:57:06.021 INFO [main] org.apache.catalina.startup.VersionLoggerListener.log Server built:          Sep 10 2020 08:20:30 UTC
20-Nov-2024 13:57:06.021 INFO [main] org.apache.catalina.startup.VersionLoggerListener.log Server version number: 9.0.38.0
20-Nov-2024 13:57:06.021 INFO [main] org.apache.catalina.startup.VersionLoggerListener.log OS Name:               Windows 10
20-Nov-2024 13:57:06.021 INFO [main] org.apache.catalina.startup.VersionLoggerListener.log OS Version:            10.0
20-Nov-2024 13:57:06.021 INFO [main] org.apache.catalina.startup.VersionLoggerListener.log Architecture:          amd64
20-Nov-2024 13:57:06.021 INFO [main] org.apache.catalina.startup.VersionLoggerListener.log Java Home:             C:\Program Files\Java\jdk1.8.0_261\jre
20-Nov-2024 13:57:06.021 INFO [main] org.apache.catalina.startup.VersionLoggerListener.log JVM Version:           1.8.0_261-b12
20-Nov-2024 13:57:06.021 INFO [main] org.apache.catalina.startup.VersionLoggerListener.log JVM Vendor:            Oracle Corporation
20-Nov-2024 13:57:06.022 INFO [main] org.apache.catalina.startup.VersionLoggerListener.log CATALINA_BASE:         C:\Users\NEW\IdeaProjects\metro-application
20-Nov-2024 13:57:06.022 INFO [main] org.apache.catalina.startup.VersionLoggerListener.log CATALINA_HOME:         D:\Program Files\apache-tomcat-9.0.38
20-Nov-2024 13:57:06.024 INFO [main] org.apache.catalina.startup.VersionLoggerListener.log Command line argument: -Dcatalina.home=D:\Program Files\apache-tomcat-9.0.38
20-Nov-2024 13:57:06.024 INFO [main] org.apache.catalina.startup.VersionLoggerListener.log Command line argument: -Dcatalina.base=C:\Users\NEW\IdeaProjects\metro-application
20-Nov-2024 13:57:06.024 INFO [main] org.apache.catalina.startup.VersionLoggerListener.log Command line argument: -Djava.io.tmpdir=C:\Users\NEW\IdeaProjects\metro-application\temp
20-Nov-2024 13:57:06.024 INFO [main] org.apache.catalina.startup.VersionLoggerListener.log Command line argument: -Djava.util.logging.config.file=C:\Users\NEW\IdeaProjects\metro-application\conf\logging.properties
20-Nov-2024 13:57:06.025 INFO [main] org.apache.catalina.startup.VersionLoggerListener.log Command line argument: -Djava.util.logging.manager=org.apache.juli.ClassLoaderLogManager
20-Nov-2024 13:57:06.025 INFO [main] org.apache.catalina.startup.VersionLoggerListener.log Command line argument: -javaagent:C:\Program Files\JetBrains\IntelliJ IDEA Community Edition 2023.3.6\lib\idea_rt.jar=50550:C:\Program Files\JetBrains\IntelliJ IDEA Community Edition 2023.3.6\bin
20-Nov-2024 13:57:06.025 INFO [main] org.apache.catalina.startup.VersionLoggerListener.log Command line argument: -Dfile.encoding=UTF-8
20-Nov-2024 13:57:06.029 INFO [main] org.apache.catalina.core.AprLifecycleListener.lifecycleEvent Loaded Apache Tomcat Native library [1.2.25] using APR version [1.7.0].
20-Nov-2024 13:57:06.029 INFO [main] org.apache.catalina.core.AprLifecycleListener.lifecycleEvent APR capabilities: IPv6 [true], sendfile [true], accept filters [false], random [true].
20-Nov-2024 13:57:06.029 INFO [main] org.apache.catalina.core.AprLifecycleListener.lifecycleEvent APR/OpenSSL configuration: useAprConnector [false], useOpenSSL [true]
20-Nov-2024 13:57:06.035 INFO [main] org.apache.catalina.core.AprLifecycleListener.initializeSSL OpenSSL successfully initialized [OpenSSL 1.1.1g  21 Apr 2020]
20-Nov-2024 13:57:06.599 INFO [main] org.apache.coyote.AbstractProtocol.init Initializing ProtocolHandler ["http-nio-8083"]
20-Nov-2024 13:57:06.894 INFO [main] org.apache.catalina.startup.Catalina.load Server initialization in [1201] milliseconds
20-Nov-2024 13:57:06.930 INFO [main] org.apache.catalina.core.StandardService.startInternal Starting service [Catalina]
20-Nov-2024 13:57:06.931 INFO [main] org.apache.catalina.core.StandardEngine.startInternal Starting Servlet engine: [Apache Tomcat/9.0.38]
20-Nov-2024 13:57:06.945 INFO [main] org.apache.catalina.startup.HostConfig.deployDescriptor Deploying deployment descriptor [C:\Users\NEW\IdeaProjects\metro-application\conf\Catalina\localhost\metro-application.xml]
20-Nov-2024 13:57:12.386 INFO [main] org.apache.jasper.servlet.TldScanner.scanJars At least one JAR was scanned for TLDs yet contained no TLDs. Enable debug logging for this logger for a complete list of JARs that were scanned but no TLDs were found in them. Skipping unneeded JARs during scanning can improve startup time and JSP compilation time.
20-Nov-2024 13:57:22.677 INFO [main] org.apache.catalina.startup.HostConfig.deployDescriptor Deployment of deployment descriptor [C:\Users\NEW\IdeaProjects\metro-application\conf\Catalina\localhost\metro-application.xml] has finished in [15,731] ms
20-Nov-2024 13:57:22.681 INFO [main] org.apache.coyote.AbstractProtocol.start Starting ProtocolHandler ["http-nio-8083"]
20-Nov-2024 13:57:22.691 INFO [main] org.apache.catalina.startup.Catalina.start Server startup in [15796] milliseconds
20-Nov-2024 14:09:53.251 INFO [Thread-5] org.apache.coyote.AbstractProtocol.pause Pausing ProtocolHandler ["http-nio-8083"]
20-Nov-2024 14:09:53.508 INFO [Thread-5] org.apache.catalina.core.StandardService.stopInternal Stopping service [Catalina]
20-Nov-2024 14:09:53.578 WARNING [Thread-5] org.apache.catalina.loader.WebappClassLoaderBase.clearReferencesJdbc The web application [metro-application] registered the JDBC driver [com.mysql.cj.jdbc.Driver] but failed to unregister it when the web application was stopped. To prevent a memory leak, the JDBC Driver has been forcibly unregistered.
20-Nov-2024 14:09:53.579 WARNING [Thread-5] org.apache.catalina.loader.WebappClassLoaderBase.clearReferencesThreads The web application [metro-application] appears to have started a thread named [mysql-cj-abandoned-connection-cleanup] but has failed to stop it. This is very likely to create a memory leak. Stack trace of thread:
 java.lang.Object.wait(Native Method)
 java.lang.ref.ReferenceQueue.remove(ReferenceQueue.java:144)
 com.mysql.cj.jdbc.AbandonedConnectionCleanupThread.run(AbandonedConnectionCleanupThread.java:91)
 java.util.concurrent.ThreadPoolExecutor.runWorker(ThreadPoolExecutor.java:1149)
 java.util.concurrent.ThreadPoolExecutor$Worker.run(ThreadPoolExecutor.java:624)
 java.lang.Thread.run(Thread.java:748)
20-Nov-2024 14:09:53.588 INFO [Thread-5] org.apache.coyote.AbstractProtocol.stop Stopping ProtocolHandler ["http-nio-8083"]
20-Nov-2024 14:09:53.618 INFO [Thread-5] org.apache.coyote.AbstractProtocol.destroy Destroying ProtocolHandler ["http-nio-8083"]
20-Nov-2024 14:10:05.712 INFO [main] org.apache.catalina.startup.VersionLoggerListener.log Server version name:   Apache Tomcat/9.0.38
20-Nov-2024 14:10:05.715 INFO [main] org.apache.catalina.startup.VersionLoggerListener.log Server built:          Sep 10 2020 08:20:30 UTC
20-Nov-2024 14:10:05.715 INFO [main] org.apache.catalina.startup.VersionLoggerListener.log Server version number: 9.0.38.0
20-Nov-2024 14:10:05.715 INFO [main] org.apache.catalina.startup.VersionLoggerListener.log OS Name:               Windows 10
20-Nov-2024 14:10:05.715 INFO [main] org.apache.catalina.startup.VersionLoggerListener.log OS Version:            10.0
20-Nov-2024 14:10:05.715 INFO [main] org.apache.catalina.startup.VersionLoggerListener.log Architecture:          amd64
20-Nov-2024 14:10:05.715 INFO [main] org.apache.catalina.startup.VersionLoggerListener.log Java Home:             C:\Program Files\Java\jdk1.8.0_261\jre
20-Nov-2024 14:10:05.716 INFO [main] org.apache.catalina.startup.VersionLoggerListener.log JVM Version:           1.8.0_261-b12
20-Nov-2024 14:10:05.716 INFO [main] org.apache.catalina.startup.VersionLoggerListener.log JVM Vendor:            Oracle Corporation
20-Nov-2024 14:10:05.716 INFO [main] org.apache.catalina.startup.VersionLoggerListener.log CATALINA_BASE:         C:\Users\NEW\IdeaProjects\metro-application
20-Nov-2024 14:10:05.716 INFO [main] org.apache.catalina.startup.VersionLoggerListener.log CATALINA_HOME:         D:\Program Files\apache-tomcat-9.0.38
20-Nov-2024 14:10:05.718 INFO [main] org.apache.catalina.startup.VersionLoggerListener.log Command line argument: -Dcatalina.home=D:\Program Files\apache-tomcat-9.0.38
20-Nov-2024 14:10:05.718 INFO [main] org.apache.catalina.startup.VersionLoggerListener.log Command line argument: -Dcatalina.base=C:\Users\NEW\IdeaProjects\metro-application
20-Nov-2024 14:10:05.718 INFO [main] org.apache.catalina.startup.VersionLoggerListener.log Command line argument: -Djava.io.tmpdir=C:\Users\NEW\IdeaProjects\metro-application\temp
20-Nov-2024 14:10:05.718 INFO [main] org.apache.catalina.startup.VersionLoggerListener.log Command line argument: -Djava.util.logging.config.file=C:\Users\NEW\IdeaProjects\metro-application\conf\logging.properties
20-Nov-2024 14:10:05.719 INFO [main] org.apache.catalina.startup.VersionLoggerListener.log Command line argument: -Djava.util.logging.manager=org.apache.juli.ClassLoaderLogManager
20-Nov-2024 14:10:05.719 INFO [main] org.apache.catalina.startup.VersionLoggerListener.log Command line argument: -javaagent:C:\Program Files\JetBrains\IntelliJ IDEA Community Edition 2023.3.6\lib\idea_rt.jar=50623:C:\Program Files\JetBrains\IntelliJ IDEA Community Edition 2023.3.6\bin
20-Nov-2024 14:10:05.719 INFO [main] org.apache.catalina.startup.VersionLoggerListener.log Command line argument: -Dfile.encoding=UTF-8
20-Nov-2024 14:10:05.723 INFO [main] org.apache.catalina.core.AprLifecycleListener.lifecycleEvent Loaded Apache Tomcat Native library [1.2.25] using APR version [1.7.0].
20-Nov-2024 14:10:05.723 INFO [main] org.apache.catalina.core.AprLifecycleListener.lifecycleEvent APR capabilities: IPv6 [true], sendfile [true], accept filters [false], random [true].
20-Nov-2024 14:10:05.723 INFO [main] org.apache.catalina.core.AprLifecycleListener.lifecycleEvent APR/OpenSSL configuration: useAprConnector [false], useOpenSSL [true]
20-Nov-2024 14:10:05.729 INFO [main] org.apache.catalina.core.AprLifecycleListener.initializeSSL OpenSSL successfully initialized [OpenSSL 1.1.1g  21 Apr 2020]
20-Nov-2024 14:10:06.276 INFO [main] org.apache.coyote.AbstractProtocol.init Initializing ProtocolHandler ["http-nio-8083"]
20-Nov-2024 14:10:06.570 INFO [main] org.apache.catalina.startup.Catalina.load Server initialization in [1183] milliseconds
20-Nov-2024 14:10:06.608 INFO [main] org.apache.catalina.core.StandardService.startInternal Starting service [Catalina]
20-Nov-2024 14:10:06.608 INFO [main] org.apache.catalina.core.StandardEngine.startInternal Starting Servlet engine: [Apache Tomcat/9.0.38]
20-Nov-2024 14:10:06.623 INFO [main] org.apache.catalina.startup.HostConfig.deployDescriptor Deploying deployment descriptor [C:\Users\NEW\IdeaProjects\metro-application\conf\Catalina\localhost\metro-application.xml]
20-Nov-2024 14:10:12.438 INFO [main] org.apache.jasper.servlet.TldScanner.scanJars At least one JAR was scanned for TLDs yet contained no TLDs. Enable debug logging for this logger for a complete list of JARs that were scanned but no TLDs were found in them. Skipping unneeded JARs during scanning can improve startup time and JSP compilation time.
20-Nov-2024 14:10:23.534 INFO [main] org.apache.catalina.startup.HostConfig.deployDescriptor Deployment of deployment descriptor [C:\Users\NEW\IdeaProjects\metro-application\conf\Catalina\localhost\metro-application.xml] has finished in [16,911] ms
20-Nov-2024 14:10:23.538 INFO [main] org.apache.coyote.AbstractProtocol.start Starting ProtocolHandler ["http-nio-8083"]
20-Nov-2024 14:10:23.548 INFO [main] org.apache.catalina.startup.Catalina.start Server startup in [16977] milliseconds
20-Nov-2024 14:10:44.121 INFO [Thread-5] org.apache.coyote.AbstractProtocol.pause Pausing ProtocolHandler ["http-nio-8083"]
20-Nov-2024 14:10:44.323 INFO [Thread-5] org.apache.catalina.core.StandardService.stopInternal Stopping service [Catalina]
20-Nov-2024 14:10:44.378 WARNING [Thread-5] org.apache.catalina.loader.WebappClassLoaderBase.clearReferencesJdbc The web application [metro-application] registered the JDBC driver [com.mysql.cj.jdbc.Driver] but failed to unregister it when the web application was stopped. To prevent a memory leak, the JDBC Driver has been forcibly unregistered.
20-Nov-2024 14:10:44.379 WARNING [Thread-5] org.apache.catalina.loader.WebappClassLoaderBase.clearReferencesThreads The web application [metro-application] appears to have started a thread named [mysql-cj-abandoned-connection-cleanup] but has failed to stop it. This is very likely to create a memory leak. Stack trace of thread:
 java.lang.Object.wait(Native Method)
 java.lang.ref.ReferenceQueue.remove(ReferenceQueue.java:144)
 com.mysql.cj.jdbc.AbandonedConnectionCleanupThread.run(AbandonedConnectionCleanupThread.java:91)
 java.util.concurrent.ThreadPoolExecutor.runWorker(ThreadPoolExecutor.java:1149)
 java.util.concurrent.ThreadPoolExecutor$Worker.run(ThreadPoolExecutor.java:624)
 java.lang.Thread.run(Thread.java:748)
20-Nov-2024 14:10:44.384 INFO [Thread-5] org.apache.coyote.AbstractProtocol.stop Stopping ProtocolHandler ["http-nio-8083"]
20-Nov-2024 14:10:44.423 INFO [Thread-5] org.apache.coyote.AbstractProtocol.destroy Destroying ProtocolHandler ["http-nio-8083"]
20-Nov-2024 14:10:56.217 INFO [main] org.apache.catalina.startup.VersionLoggerListener.log Server version name:   Apache Tomcat/9.0.38
20-Nov-2024 14:10:56.221 INFO [main] org.apache.catalina.startup.VersionLoggerListener.log Server built:          Sep 10 2020 08:20:30 UTC
20-Nov-2024 14:10:56.221 INFO [main] org.apache.catalina.startup.VersionLoggerListener.log Server version number: 9.0.38.0
20-Nov-2024 14:10:56.221 INFO [main] org.apache.catalina.startup.VersionLoggerListener.log OS Name:               Windows 10
20-Nov-2024 14:10:56.221 INFO [main] org.apache.catalina.startup.VersionLoggerListener.log OS Version:            10.0
20-Nov-2024 14:10:56.221 INFO [main] org.apache.catalina.startup.VersionLoggerListener.log Architecture:          amd64
20-Nov-2024 14:10:56.222 INFO [main] org.apache.catalina.startup.VersionLoggerListener.log Java Home:             C:\Program Files\Java\jdk1.8.0_261\jre
20-Nov-2024 14:10:56.222 INFO [main] org.apache.catalina.startup.VersionLoggerListener.log JVM Version:           1.8.0_261-b12
20-Nov-2024 14:10:56.222 INFO [main] org.apache.catalina.startup.VersionLoggerListener.log JVM Vendor:            Oracle Corporation
20-Nov-2024 14:10:56.222 INFO [main] org.apache.catalina.startup.VersionLoggerListener.log CATALINA_BASE:         C:\Users\NEW\IdeaProjects\metro-application
20-Nov-2024 14:10:56.222 INFO [main] org.apache.catalina.startup.VersionLoggerListener.log CATALINA_HOME:         D:\Program Files\apache-tomcat-9.0.38
20-Nov-2024 14:10:56.224 INFO [main] org.apache.catalina.startup.VersionLoggerListener.log Command line argument: -Dcatalina.home=D:\Program Files\apache-tomcat-9.0.38
20-Nov-2024 14:10:56.224 INFO [main] org.apache.catalina.startup.VersionLoggerListener.log Command line argument: -Dcatalina.base=C:\Users\NEW\IdeaProjects\metro-application
20-Nov-2024 14:10:56.225 INFO [main] org.apache.catalina.startup.VersionLoggerListener.log Command line argument: -Djava.io.tmpdir=C:\Users\NEW\IdeaProjects\metro-application\temp
20-Nov-2024 14:10:56.225 INFO [main] org.apache.catalina.startup.VersionLoggerListener.log Command line argument: -Djava.util.logging.config.file=C:\Users\NEW\IdeaProjects\metro-application\conf\logging.properties
20-Nov-2024 14:10:56.225 INFO [main] org.apache.catalina.startup.VersionLoggerListener.log Command line argument: -Djava.util.logging.manager=org.apache.juli.ClassLoaderLogManager
20-Nov-2024 14:10:56.225 INFO [main] org.apache.catalina.startup.VersionLoggerListener.log Command line argument: -javaagent:C:\Program Files\JetBrains\IntelliJ IDEA Community Edition 2023.3.6\lib\idea_rt.jar=50637:C:\Program Files\JetBrains\IntelliJ IDEA Community Edition 2023.3.6\bin
20-Nov-2024 14:10:56.225 INFO [main] org.apache.catalina.startup.VersionLoggerListener.log Command line argument: -Dfile.encoding=UTF-8
20-Nov-2024 14:10:56.229 INFO [main] org.apache.catalina.core.AprLifecycleListener.lifecycleEvent Loaded Apache Tomcat Native library [1.2.25] using APR version [1.7.0].
20-Nov-2024 14:10:56.229 INFO [main] org.apache.catalina.core.AprLifecycleListener.lifecycleEvent APR capabilities: IPv6 [true], sendfile [true], accept filters [false], random [true].
20-Nov-2024 14:10:56.229 INFO [main] org.apache.catalina.core.AprLifecycleListener.lifecycleEvent APR/OpenSSL configuration: useAprConnector [false], useOpenSSL [true]
20-Nov-2024 14:10:56.235 INFO [main] org.apache.catalina.core.AprLifecycleListener.initializeSSL OpenSSL successfully initialized [OpenSSL 1.1.1g  21 Apr 2020]
20-Nov-2024 14:10:56.986 INFO [main] org.apache.coyote.AbstractProtocol.init Initializing ProtocolHandler ["http-nio-8083"]
20-Nov-2024 14:10:57.362 INFO [main] org.apache.catalina.startup.Catalina.load Server initialization in [1495] milliseconds
20-Nov-2024 14:10:57.412 INFO [main] org.apache.catalina.core.StandardService.startInternal Starting service [Catalina]
20-Nov-2024 14:10:57.412 INFO [main] org.apache.catalina.core.StandardEngine.startInternal Starting Servlet engine: [Apache Tomcat/9.0.38]
20-Nov-2024 14:10:57.433 INFO [main] org.apache.catalina.startup.HostConfig.deployDescriptor Deploying deployment descriptor [C:\Users\NEW\IdeaProjects\metro-application\conf\Catalina\localhost\metro-application.xml]
20-Nov-2024 14:11:03.253 INFO [main] org.apache.jasper.servlet.TldScanner.scanJars At least one JAR was scanned for TLDs yet contained no TLDs. Enable debug logging for this logger for a complete list of JARs that were scanned but no TLDs were found in them. Skipping unneeded JARs during scanning can improve startup time and JSP compilation time.
20-Nov-2024 14:11:13.363 INFO [main] org.apache.catalina.startup.HostConfig.deployDescriptor Deployment of deployment descriptor [C:\Users\NEW\IdeaProjects\metro-application\conf\Catalina\localhost\metro-application.xml] has finished in [15,928] ms
20-Nov-2024 14:11:13.367 INFO [main] org.apache.coyote.AbstractProtocol.start Starting ProtocolHandler ["http-nio-8083"]
20-Nov-2024 14:11:13.377 INFO [main] org.apache.catalina.startup.Catalina.start Server startup in [16013] milliseconds
20-Nov-2024 14:30:19.466 INFO [Thread-5] org.apache.coyote.AbstractProtocol.pause Pausing ProtocolHandler ["http-nio-8083"]
20-Nov-2024 14:30:19.640 INFO [Thread-5] org.apache.catalina.core.StandardService.stopInternal Stopping service [Catalina]
20-Nov-2024 14:30:19.687 WARNING [Thread-5] org.apache.catalina.loader.WebappClassLoaderBase.clearReferencesJdbc The web application [metro-application] registered the JDBC driver [com.mysql.cj.jdbc.Driver] but failed to unregister it when the web application was stopped. To prevent a memory leak, the JDBC Driver has been forcibly unregistered.
20-Nov-2024 14:30:19.687 WARNING [Thread-5] org.apache.catalina.loader.WebappClassLoaderBase.clearReferencesThreads The web application [metro-application] appears to have started a thread named [mysql-cj-abandoned-connection-cleanup] but has failed to stop it. This is very likely to create a memory leak. Stack trace of thread:
 java.lang.Object.wait(Native Method)
 java.lang.ref.ReferenceQueue.remove(ReferenceQueue.java:144)
 com.mysql.cj.jdbc.AbandonedConnectionCleanupThread.run(AbandonedConnectionCleanupThread.java:91)
 java.util.concurrent.ThreadPoolExecutor.runWorker(ThreadPoolExecutor.java:1149)
 java.util.concurrent.ThreadPoolExecutor$Worker.run(ThreadPoolExecutor.java:624)
 java.lang.Thread.run(Thread.java:748)
20-Nov-2024 14:30:19.694 INFO [Thread-5] org.apache.coyote.AbstractProtocol.stop Stopping ProtocolHandler ["http-nio-8083"]
20-Nov-2024 14:30:19.757 INFO [Thread-5] org.apache.coyote.AbstractProtocol.destroy Destroying ProtocolHandler ["http-nio-8083"]
20-Nov-2024 14:30:31.797 INFO [main] org.apache.catalina.startup.VersionLoggerListener.log Server version name:   Apache Tomcat/9.0.38
20-Nov-2024 14:30:31.802 INFO [main] org.apache.catalina.startup.VersionLoggerListener.log Server built:          Sep 10 2020 08:20:30 UTC
20-Nov-2024 14:30:31.802 INFO [main] org.apache.catalina.startup.VersionLoggerListener.log Server version number: 9.0.38.0
20-Nov-2024 14:30:31.802 INFO [main] org.apache.catalina.startup.VersionLoggerListener.log OS Name:               Windows 10
20-Nov-2024 14:30:31.802 INFO [main] org.apache.catalina.startup.VersionLoggerListener.log OS Version:            10.0
20-Nov-2024 14:30:31.802 INFO [main] org.apache.catalina.startup.VersionLoggerListener.log Architecture:          amd64
20-Nov-2024 14:30:31.802 INFO [main] org.apache.catalina.startup.VersionLoggerListener.log Java Home:             C:\Program Files\Java\jdk1.8.0_261\jre
20-Nov-2024 14:30:31.802 INFO [main] org.apache.catalina.startup.VersionLoggerListener.log JVM Version:           1.8.0_261-b12
20-Nov-2024 14:30:31.803 INFO [main] org.apache.catalina.startup.VersionLoggerListener.log JVM Vendor:            Oracle Corporation
20-Nov-2024 14:30:31.803 INFO [main] org.apache.catalina.startup.VersionLoggerListener.log CATALINA_BASE:         C:\Users\NEW\IdeaProjects\metro-application
20-Nov-2024 14:30:31.803 INFO [main] org.apache.catalina.startup.VersionLoggerListener.log CATALINA_HOME:         D:\Program Files\apache-tomcat-9.0.38
20-Nov-2024 14:30:31.805 INFO [main] org.apache.catalina.startup.VersionLoggerListener.log Command line argument: -Dcatalina.home=D:\Program Files\apache-tomcat-9.0.38
20-Nov-2024 14:30:31.805 INFO [main] org.apache.catalina.startup.VersionLoggerListener.log Command line argument: -Dcatalina.base=C:\Users\NEW\IdeaProjects\metro-application
20-Nov-2024 14:30:31.805 INFO [main] org.apache.catalina.startup.VersionLoggerListener.log Command line argument: -Djava.io.tmpdir=C:\Users\NEW\IdeaProjects\metro-application\temp
20-Nov-2024 14:30:31.805 INFO [main] org.apache.catalina.startup.VersionLoggerListener.log Command line argument: -Djava.util.logging.config.file=C:\Users\NEW\IdeaProjects\metro-application\conf\logging.properties
20-Nov-2024 14:30:31.805 INFO [main] org.apache.catalina.startup.VersionLoggerListener.log Command line argument: -Djava.util.logging.manager=org.apache.juli.ClassLoaderLogManager
20-Nov-2024 14:30:31.805 INFO [main] org.apache.catalina.startup.VersionLoggerListener.log Command line argument: -javaagent:C:\Program Files\JetBrains\IntelliJ IDEA Community Edition 2023.3.6\lib\idea_rt.jar=50760:C:\Program Files\JetBrains\IntelliJ IDEA Community Edition 2023.3.6\bin
20-Nov-2024 14:30:31.806 INFO [main] org.apache.catalina.startup.VersionLoggerListener.log Command line argument: -Dfile.encoding=UTF-8
20-Nov-2024 14:30:31.809 INFO [main] org.apache.catalina.core.AprLifecycleListener.lifecycleEvent Loaded Apache Tomcat Native library [1.2.25] using APR version [1.7.0].
20-Nov-2024 14:30:31.809 INFO [main] org.apache.catalina.core.AprLifecycleListener.lifecycleEvent APR capabilities: IPv6 [true], sendfile [true], accept filters [false], random [true].
20-Nov-2024 14:30:31.809 INFO [main] org.apache.catalina.core.AprLifecycleListener.lifecycleEvent APR/OpenSSL configuration: useAprConnector [false], useOpenSSL [true]
20-Nov-2024 14:30:31.816 INFO [main] org.apache.catalina.core.AprLifecycleListener.initializeSSL OpenSSL successfully initialized [OpenSSL 1.1.1g  21 Apr 2020]
20-Nov-2024 14:30:32.390 INFO [main] org.apache.coyote.AbstractProtocol.init Initializing ProtocolHandler ["http-nio-8083"]
20-Nov-2024 14:30:32.689 INFO [main] org.apache.catalina.startup.Catalina.load Server initialization in [1230] milliseconds
20-Nov-2024 14:30:32.725 INFO [main] org.apache.catalina.core.StandardService.startInternal Starting service [Catalina]
20-Nov-2024 14:30:32.726 INFO [main] org.apache.catalina.core.StandardEngine.startInternal Starting Servlet engine: [Apache Tomcat/9.0.38]
20-Nov-2024 14:30:32.738 INFO [main] org.apache.catalina.startup.HostConfig.deployDescriptor Deploying deployment descriptor [C:\Users\NEW\IdeaProjects\metro-application\conf\Catalina\localhost\metro-application.xml]
20-Nov-2024 14:30:38.212 INFO [main] org.apache.jasper.servlet.TldScanner.scanJars At least one JAR was scanned for TLDs yet contained no TLDs. Enable debug logging for this logger for a complete list of JARs that were scanned but no TLDs were found in them. Skipping unneeded JARs during scanning can improve startup time and JSP compilation time.
20-Nov-2024 14:57:15.295 INFO [main] org.apache.catalina.startup.HostConfig.deployDescriptor Deployment of deployment descriptor [C:\Users\NEW\IdeaProjects\metro-application\conf\Catalina\localhost\metro-application.xml] has finished in [1,602,554] ms
20-Nov-2024 14:57:15.304 INFO [main] org.apache.coyote.AbstractProtocol.start Starting ProtocolHandler ["http-nio-8083"]
20-Nov-2024 14:57:15.329 INFO [main] org.apache.catalina.startup.Catalina.start Server startup in [1602644] milliseconds
20-Nov-2024 17:21:46.945 INFO [Thread-5] org.apache.coyote.AbstractProtocol.pause Pausing ProtocolHandler ["http-nio-8083"]
20-Nov-2024 17:21:47.269 INFO [Thread-5] org.apache.catalina.core.StandardService.stopInternal Stopping service [Catalina]
20-Nov-2024 17:21:48.394 WARNING [Thread-5] org.apache.catalina.loader.WebappClassLoaderBase.clearReferencesJdbc The web application [metro-application] registered the JDBC driver [com.mysql.cj.jdbc.Driver] but failed to unregister it when the web application was stopped. To prevent a memory leak, the JDBC Driver has been forcibly unregistered.
20-Nov-2024 17:21:48.405 WARNING [Thread-5] org.apache.catalina.loader.WebappClassLoaderBase.clearReferencesThreads The web application [metro-application] appears to have started a thread named [mysql-cj-abandoned-connection-cleanup] but has failed to stop it. This is very likely to create a memory leak. Stack trace of thread:
 java.lang.Object.wait(Native Method)
 java.lang.ref.ReferenceQueue.remove(ReferenceQueue.java:144)
 com.mysql.cj.jdbc.AbandonedConnectionCleanupThread.run(AbandonedConnectionCleanupThread.java:91)
 java.util.concurrent.ThreadPoolExecutor.runWorker(ThreadPoolExecutor.java:1149)
 java.util.concurrent.ThreadPoolExecutor$Worker.run(ThreadPoolExecutor.java:624)
 java.lang.Thread.run(Thread.java:748)
20-Nov-2024 17:21:49.292 INFO [mysql-cj-abandoned-connection-cleanup] org.apache.catalina.loader.WebappClassLoaderBase.checkStateForResourceLoading Illegal access: this web application instance has been stopped already. Could not load []. The following stack trace is thrown for debugging purposes as well as to attempt to terminate the thread which caused the illegal access.
	java.lang.IllegalStateException: Illegal access: this web application instance has been stopped already. Could not load []. The following stack trace is thrown for debugging purposes as well as to attempt to terminate the thread which caused the illegal access.
		at org.apache.catalina.loader.WebappClassLoaderBase.checkStateForResourceLoading(WebappClassLoaderBase.java:1385)
		at org.apache.catalina.loader.WebappClassLoaderBase.getResource(WebappClassLoaderBase.java:1038)
		at com.mysql.cj.jdbc.AbandonedConnectionCleanupThread.checkThreadContextClassLoader(AbandonedConnectionCleanupThread.java:123)
		at com.mysql.cj.jdbc.AbandonedConnectionCleanupThread.run(AbandonedConnectionCleanupThread.java:90)
		at java.util.concurrent.ThreadPoolExecutor.runWorker(ThreadPoolExecutor.java:1149)
		at java.util.concurrent.ThreadPoolExecutor$Worker.run(ThreadPoolExecutor.java:624)
		at java.lang.Thread.run(Thread.java:748)
20-Nov-2024 17:21:50.072 INFO [Thread-5] org.apache.coyote.AbstractProtocol.stop Stopping ProtocolHandler ["http-nio-8083"]
20-Nov-2024 17:21:50.122 INFO [Thread-5] org.apache.coyote.AbstractProtocol.destroy Destroying ProtocolHandler ["http-nio-8083"]
