14-Nov-2024 13:00:52.904 INFO [main] org.apache.catalina.startup.VersionLoggerListener.log Server version name:   Apache Tomcat/9.0.38
14-Nov-2024 13:00:52.907 INFO [main] org.apache.catalina.startup.VersionLoggerListener.log Server built:          Sep 10 2020 08:20:30 UTC
14-Nov-2024 13:00:52.907 INFO [main] org.apache.catalina.startup.VersionLoggerListener.log Server version number: 9.0.38.0
14-Nov-2024 13:00:52.908 INFO [main] org.apache.catalina.startup.VersionLoggerListener.log OS Name:               Windows 10
14-Nov-2024 13:00:52.908 INFO [main] org.apache.catalina.startup.VersionLoggerListener.log OS Version:            10.0
14-Nov-2024 13:00:52.908 INFO [main] org.apache.catalina.startup.VersionLoggerListener.log Architecture:          amd64
14-Nov-2024 13:00:52.908 INFO [main] org.apache.catalina.startup.VersionLoggerListener.log Java Home:             C:\Program Files\Java\jdk1.8.0_261\jre
14-Nov-2024 13:00:52.908 INFO [main] org.apache.catalina.startup.VersionLoggerListener.log JVM Version:           1.8.0_261-b12
14-Nov-2024 13:00:52.908 INFO [main] org.apache.catalina.startup.VersionLoggerListener.log JVM Vendor:            Oracle Corporation
14-Nov-2024 13:00:52.908 INFO [main] org.apache.catalina.startup.VersionLoggerListener.log CATALINA_BASE:         C:\Users\NEW\IdeaProjects\metro-application
14-Nov-2024 13:00:52.908 INFO [main] org.apache.catalina.startup.VersionLoggerListener.log CATALINA_HOME:         D:\Program Files\apache-tomcat-9.0.38
14-Nov-2024 13:00:52.910 INFO [main] org.apache.catalina.startup.VersionLoggerListener.log Command line argument: -Dcatalina.home=D:\Program Files\apache-tomcat-9.0.38
14-Nov-2024 13:00:52.911 INFO [main] org.apache.catalina.startup.VersionLoggerListener.log Command line argument: -Dcatalina.base=C:\Users\NEW\IdeaProjects\metro-application
14-Nov-2024 13:00:52.911 INFO [main] org.apache.catalina.startup.VersionLoggerListener.log Command line argument: -Djava.io.tmpdir=C:\Users\NEW\IdeaProjects\metro-application\temp
14-Nov-2024 13:00:52.911 INFO [main] org.apache.catalina.startup.VersionLoggerListener.log Command line argument: -Djava.util.logging.config.file=C:\Users\NEW\IdeaProjects\metro-application\conf\logging.properties
14-Nov-2024 13:00:52.911 INFO [main] org.apache.catalina.startup.VersionLoggerListener.log Command line argument: -Djava.util.logging.manager=org.apache.juli.ClassLoaderLogManager
14-Nov-2024 13:00:52.911 INFO [main] org.apache.catalina.startup.VersionLoggerListener.log Command line argument: -javaagent:C:\Program Files\JetBrains\IntelliJ IDEA Community Edition 2023.3.6\lib\idea_rt.jar=49952:C:\Program Files\JetBrains\IntelliJ IDEA Community Edition 2023.3.6\bin
14-Nov-2024 13:00:52.911 INFO [main] org.apache.catalina.startup.VersionLoggerListener.log Command line argument: -Dfile.encoding=UTF-8
14-Nov-2024 13:00:53.100 INFO [main] org.apache.catalina.core.AprLifecycleListener.lifecycleEvent Loaded Apache Tomcat Native library [1.2.25] using APR version [1.7.0].
14-Nov-2024 13:00:53.101 INFO [main] org.apache.catalina.core.AprLifecycleListener.lifecycleEvent APR capabilities: IPv6 [true], sendfile [true], accept filters [false], random [true].
14-Nov-2024 13:00:53.101 INFO [main] org.apache.catalina.core.AprLifecycleListener.lifecycleEvent APR/OpenSSL configuration: useAprConnector [false], useOpenSSL [true]
14-Nov-2024 13:00:53.149 INFO [main] org.apache.catalina.core.AprLifecycleListener.initializeSSL OpenSSL successfully initialized [OpenSSL 1.1.1g  21 Apr 2020]
14-Nov-2024 13:00:54.347 INFO [main] org.apache.coyote.AbstractProtocol.init Initializing ProtocolHandler ["http-nio-8083"]
14-Nov-2024 13:00:54.663 INFO [main] org.apache.catalina.startup.Catalina.load Server initialization in [2091] milliseconds
14-Nov-2024 13:00:54.693 INFO [main] org.apache.catalina.core.StandardService.startInternal Starting service [Catalina]
14-Nov-2024 13:00:54.694 INFO [main] org.apache.catalina.core.StandardEngine.startInternal Starting Servlet engine: [Apache Tomcat/9.0.38]
14-Nov-2024 13:00:54.718 INFO [main] org.apache.catalina.startup.HostConfig.deployDescriptor Deploying deployment descriptor [C:\Users\NEW\IdeaProjects\metro-application\conf\Catalina\localhost\metro-application.xml]
14-Nov-2024 13:01:01.681 INFO [main] org.apache.jasper.servlet.TldScanner.scanJars At least one JAR was scanned for TLDs yet contained no TLDs. Enable debug logging for this logger for a complete list of JARs that were scanned but no TLDs were found in them. Skipping unneeded JARs during scanning can improve startup time and JSP compilation time.
14-Nov-2024 13:01:14.808 INFO [main] org.apache.catalina.startup.HostConfig.deployDescriptor Deployment of deployment descriptor [C:\Users\NEW\IdeaProjects\metro-application\conf\Catalina\localhost\metro-application.xml] has finished in [20,089] ms
14-Nov-2024 13:01:14.812 INFO [main] org.apache.coyote.AbstractProtocol.start Starting ProtocolHandler ["http-nio-8083"]
14-Nov-2024 13:01:14.821 INFO [main] org.apache.catalina.startup.Catalina.start Server startup in [20158] milliseconds
14-Nov-2024 13:03:34.221 INFO [Thread-5] org.apache.coyote.AbstractProtocol.pause Pausing ProtocolHandler ["http-nio-8083"]
14-Nov-2024 13:03:34.409 INFO [Thread-5] org.apache.catalina.core.StandardService.stopInternal Stopping service [Catalina]
14-Nov-2024 13:03:34.456 WARNING [Thread-5] org.apache.catalina.loader.WebappClassLoaderBase.clearReferencesJdbc The web application [metro-application] registered the JDBC driver [com.mysql.cj.jdbc.Driver] but failed to unregister it when the web application was stopped. To prevent a memory leak, the JDBC Driver has been forcibly unregistered.
14-Nov-2024 13:03:34.457 WARNING [Thread-5] org.apache.catalina.loader.WebappClassLoaderBase.clearReferencesThreads The web application [metro-application] appears to have started a thread named [mysql-cj-abandoned-connection-cleanup] but has failed to stop it. This is very likely to create a memory leak. Stack trace of thread:
 java.lang.Object.wait(Native Method)
 java.lang.ref.ReferenceQueue.remove(ReferenceQueue.java:144)
 com.mysql.cj.jdbc.AbandonedConnectionCleanupThread.run(AbandonedConnectionCleanupThread.java:91)
 java.util.concurrent.ThreadPoolExecutor.runWorker(ThreadPoolExecutor.java:1149)
 java.util.concurrent.ThreadPoolExecutor$Worker.run(ThreadPoolExecutor.java:624)
 java.lang.Thread.run(Thread.java:748)
14-Nov-2024 13:03:34.466 INFO [Thread-5] org.apache.coyote.AbstractProtocol.stop Stopping ProtocolHandler ["http-nio-8083"]
14-Nov-2024 13:03:34.520 INFO [Thread-5] org.apache.coyote.AbstractProtocol.destroy Destroying ProtocolHandler ["http-nio-8083"]
14-Nov-2024 13:03:39.400 INFO [main] org.apache.catalina.startup.VersionLoggerListener.log Server version name:   Apache Tomcat/9.0.38
14-Nov-2024 13:03:39.404 INFO [main] org.apache.catalina.startup.VersionLoggerListener.log Server built:          Sep 10 2020 08:20:30 UTC
14-Nov-2024 13:03:39.404 INFO [main] org.apache.catalina.startup.VersionLoggerListener.log Server version number: 9.0.38.0
14-Nov-2024 13:03:39.404 INFO [main] org.apache.catalina.startup.VersionLoggerListener.log OS Name:               Windows 10
14-Nov-2024 13:03:39.404 INFO [main] org.apache.catalina.startup.VersionLoggerListener.log OS Version:            10.0
14-Nov-2024 13:03:39.404 INFO [main] org.apache.catalina.startup.VersionLoggerListener.log Architecture:          amd64
14-Nov-2024 13:03:39.404 INFO [main] org.apache.catalina.startup.VersionLoggerListener.log Java Home:             C:\Program Files\Java\jdk1.8.0_261\jre
14-Nov-2024 13:03:39.405 INFO [main] org.apache.catalina.startup.VersionLoggerListener.log JVM Version:           1.8.0_261-b12
14-Nov-2024 13:03:39.405 INFO [main] org.apache.catalina.startup.VersionLoggerListener.log JVM Vendor:            Oracle Corporation
14-Nov-2024 13:03:39.405 INFO [main] org.apache.catalina.startup.VersionLoggerListener.log CATALINA_BASE:         C:\Users\NEW\IdeaProjects\metro-application
14-Nov-2024 13:03:39.405 INFO [main] org.apache.catalina.startup.VersionLoggerListener.log CATALINA_HOME:         D:\Program Files\apache-tomcat-9.0.38
14-Nov-2024 13:03:39.407 INFO [main] org.apache.catalina.startup.VersionLoggerListener.log Command line argument: -Dcatalina.home=D:\Program Files\apache-tomcat-9.0.38
14-Nov-2024 13:03:39.407 INFO [main] org.apache.catalina.startup.VersionLoggerListener.log Command line argument: -Dcatalina.base=C:\Users\NEW\IdeaProjects\metro-application
14-Nov-2024 13:03:39.408 INFO [main] org.apache.catalina.startup.VersionLoggerListener.log Command line argument: -Djava.io.tmpdir=C:\Users\NEW\IdeaProjects\metro-application\temp
14-Nov-2024 13:03:39.408 INFO [main] org.apache.catalina.startup.VersionLoggerListener.log Command line argument: -Djava.util.logging.config.file=C:\Users\NEW\IdeaProjects\metro-application\conf\logging.properties
14-Nov-2024 13:03:39.408 INFO [main] org.apache.catalina.startup.VersionLoggerListener.log Command line argument: -Djava.util.logging.manager=org.apache.juli.ClassLoaderLogManager
14-Nov-2024 13:03:39.408 INFO [main] org.apache.catalina.startup.VersionLoggerListener.log Command line argument: -javaagent:C:\Program Files\JetBrains\IntelliJ IDEA Community Edition 2023.3.6\lib\idea_rt.jar=50127:C:\Program Files\JetBrains\IntelliJ IDEA Community Edition 2023.3.6\bin
14-Nov-2024 13:03:39.408 INFO [main] org.apache.catalina.startup.VersionLoggerListener.log Command line argument: -Dfile.encoding=UTF-8
14-Nov-2024 13:03:39.412 INFO [main] org.apache.catalina.core.AprLifecycleListener.lifecycleEvent Loaded Apache Tomcat Native library [1.2.25] using APR version [1.7.0].
14-Nov-2024 13:03:39.412 INFO [main] org.apache.catalina.core.AprLifecycleListener.lifecycleEvent APR capabilities: IPv6 [true], sendfile [true], accept filters [false], random [true].
14-Nov-2024 13:03:39.412 INFO [main] org.apache.catalina.core.AprLifecycleListener.lifecycleEvent APR/OpenSSL configuration: useAprConnector [false], useOpenSSL [true]
14-Nov-2024 13:03:39.419 INFO [main] org.apache.catalina.core.AprLifecycleListener.initializeSSL OpenSSL successfully initialized [OpenSSL 1.1.1g  21 Apr 2020]
14-Nov-2024 13:03:39.998 INFO [main] org.apache.coyote.AbstractProtocol.init Initializing ProtocolHandler ["http-nio-8083"]
14-Nov-2024 13:03:40.324 INFO [main] org.apache.catalina.startup.Catalina.load Server initialization in [1279] milliseconds
14-Nov-2024 13:03:40.364 INFO [main] org.apache.catalina.core.StandardService.startInternal Starting service [Catalina]
14-Nov-2024 13:03:40.365 INFO [main] org.apache.catalina.core.StandardEngine.startInternal Starting Servlet engine: [Apache Tomcat/9.0.38]
14-Nov-2024 13:03:40.384 INFO [main] org.apache.catalina.startup.HostConfig.deployDescriptor Deploying deployment descriptor [C:\Users\NEW\IdeaProjects\metro-application\conf\Catalina\localhost\metro-application.xml]
14-Nov-2024 13:03:45.956 INFO [main] org.apache.jasper.servlet.TldScanner.scanJars At least one JAR was scanned for TLDs yet contained no TLDs. Enable debug logging for this logger for a complete list of JARs that were scanned but no TLDs were found in them. Skipping unneeded JARs during scanning can improve startup time and JSP compilation time.
14-Nov-2024 13:03:56.303 INFO [main] org.apache.catalina.startup.HostConfig.deployDescriptor Deployment of deployment descriptor [C:\Users\NEW\IdeaProjects\metro-application\conf\Catalina\localhost\metro-application.xml] has finished in [15,918] ms
14-Nov-2024 13:03:56.307 INFO [main] org.apache.coyote.AbstractProtocol.start Starting ProtocolHandler ["http-nio-8083"]
14-Nov-2024 13:03:56.315 INFO [main] org.apache.catalina.startup.Catalina.start Server startup in [15991] milliseconds
14-Nov-2024 13:08:38.485 INFO [Thread-5] org.apache.coyote.AbstractProtocol.pause Pausing ProtocolHandler ["http-nio-8083"]
14-Nov-2024 13:08:38.770 INFO [Thread-5] org.apache.catalina.core.StandardService.stopInternal Stopping service [Catalina]
14-Nov-2024 13:08:38.938 WARNING [Thread-5] org.apache.catalina.loader.WebappClassLoaderBase.clearReferencesJdbc The web application [metro-application] registered the JDBC driver [com.mysql.cj.jdbc.Driver] but failed to unregister it when the web application was stopped. To prevent a memory leak, the JDBC Driver has been forcibly unregistered.
14-Nov-2024 13:08:38.939 WARNING [Thread-5] org.apache.catalina.loader.WebappClassLoaderBase.clearReferencesThreads The web application [metro-application] appears to have started a thread named [mysql-cj-abandoned-connection-cleanup] but has failed to stop it. This is very likely to create a memory leak. Stack trace of thread:
 java.lang.Object.wait(Native Method)
 java.lang.ref.ReferenceQueue.remove(ReferenceQueue.java:144)
 com.mysql.cj.jdbc.AbandonedConnectionCleanupThread.run(AbandonedConnectionCleanupThread.java:91)
 java.util.concurrent.ThreadPoolExecutor.runWorker(ThreadPoolExecutor.java:1149)
 java.util.concurrent.ThreadPoolExecutor$Worker.run(ThreadPoolExecutor.java:624)
 java.lang.Thread.run(Thread.java:748)
14-Nov-2024 13:08:38.954 INFO [Thread-5] org.apache.coyote.AbstractProtocol.stop Stopping ProtocolHandler ["http-nio-8083"]
14-Nov-2024 13:08:39.025 INFO [Thread-5] org.apache.coyote.AbstractProtocol.destroy Destroying ProtocolHandler ["http-nio-8083"]
14-Nov-2024 13:08:56.294 INFO [main] org.apache.catalina.startup.VersionLoggerListener.log Server version name:   Apache Tomcat/9.0.38
14-Nov-2024 13:08:56.299 INFO [main] org.apache.catalina.startup.VersionLoggerListener.log Server built:          Sep 10 2020 08:20:30 UTC
14-Nov-2024 13:08:56.299 INFO [main] org.apache.catalina.startup.VersionLoggerListener.log Server version number: 9.0.38.0
14-Nov-2024 13:08:56.299 INFO [main] org.apache.catalina.startup.VersionLoggerListener.log OS Name:               Windows 10
14-Nov-2024 13:08:56.299 INFO [main] org.apache.catalina.startup.VersionLoggerListener.log OS Version:            10.0
14-Nov-2024 13:08:56.299 INFO [main] org.apache.catalina.startup.VersionLoggerListener.log Architecture:          amd64
14-Nov-2024 13:08:56.299 INFO [main] org.apache.catalina.startup.VersionLoggerListener.log Java Home:             C:\Program Files\Java\jdk1.8.0_261\jre
14-Nov-2024 13:08:56.300 INFO [main] org.apache.catalina.startup.VersionLoggerListener.log JVM Version:           1.8.0_261-b12
14-Nov-2024 13:08:56.300 INFO [main] org.apache.catalina.startup.VersionLoggerListener.log JVM Vendor:            Oracle Corporation
14-Nov-2024 13:08:56.300 INFO [main] org.apache.catalina.startup.VersionLoggerListener.log CATALINA_BASE:         C:\Users\NEW\IdeaProjects\metro-application
14-Nov-2024 13:08:56.300 INFO [main] org.apache.catalina.startup.VersionLoggerListener.log CATALINA_HOME:         D:\Program Files\apache-tomcat-9.0.38
14-Nov-2024 13:08:56.302 INFO [main] org.apache.catalina.startup.VersionLoggerListener.log Command line argument: -Dcatalina.home=D:\Program Files\apache-tomcat-9.0.38
14-Nov-2024 13:08:56.303 INFO [main] org.apache.catalina.startup.VersionLoggerListener.log Command line argument: -Dcatalina.base=C:\Users\NEW\IdeaProjects\metro-application
14-Nov-2024 13:08:56.303 INFO [main] org.apache.catalina.startup.VersionLoggerListener.log Command line argument: -Djava.io.tmpdir=C:\Users\NEW\IdeaProjects\metro-application\temp
14-Nov-2024 13:08:56.303 INFO [main] org.apache.catalina.startup.VersionLoggerListener.log Command line argument: -Djava.util.logging.config.file=C:\Users\NEW\IdeaProjects\metro-application\conf\logging.properties
14-Nov-2024 13:08:56.303 INFO [main] org.apache.catalina.startup.VersionLoggerListener.log Command line argument: -Djava.util.logging.manager=org.apache.juli.ClassLoaderLogManager
14-Nov-2024 13:08:56.303 INFO [main] org.apache.catalina.startup.VersionLoggerListener.log Command line argument: -javaagent:C:\Program Files\JetBrains\IntelliJ IDEA Community Edition 2023.3.6\lib\idea_rt.jar=50220:C:\Program Files\JetBrains\IntelliJ IDEA Community Edition 2023.3.6\bin
14-Nov-2024 13:08:56.303 INFO [main] org.apache.catalina.startup.VersionLoggerListener.log Command line argument: -Dfile.encoding=UTF-8
14-Nov-2024 13:08:56.309 INFO [main] org.apache.catalina.core.AprLifecycleListener.lifecycleEvent Loaded Apache Tomcat Native library [1.2.25] using APR version [1.7.0].
14-Nov-2024 13:08:56.309 INFO [main] org.apache.catalina.core.AprLifecycleListener.lifecycleEvent APR capabilities: IPv6 [true], sendfile [true], accept filters [false], random [true].
14-Nov-2024 13:08:56.309 INFO [main] org.apache.catalina.core.AprLifecycleListener.lifecycleEvent APR/OpenSSL configuration: useAprConnector [false], useOpenSSL [true]
14-Nov-2024 13:08:56.316 INFO [main] org.apache.catalina.core.AprLifecycleListener.initializeSSL OpenSSL successfully initialized [OpenSSL 1.1.1g  21 Apr 2020]
14-Nov-2024 13:08:57.151 INFO [main] org.apache.coyote.AbstractProtocol.init Initializing ProtocolHandler ["http-nio-8083"]
14-Nov-2024 13:08:57.590 INFO [main] org.apache.catalina.startup.Catalina.load Server initialization in [1776] milliseconds
14-Nov-2024 13:08:57.639 INFO [main] org.apache.catalina.core.StandardService.startInternal Starting service [Catalina]
14-Nov-2024 13:08:57.640 INFO [main] org.apache.catalina.core.StandardEngine.startInternal Starting Servlet engine: [Apache Tomcat/9.0.38]
14-Nov-2024 13:08:57.658 INFO [main] org.apache.catalina.startup.HostConfig.deployDescriptor Deploying deployment descriptor [C:\Users\NEW\IdeaProjects\metro-application\conf\Catalina\localhost\metro-application.xml]
14-Nov-2024 13:09:07.162 INFO [main] org.apache.jasper.servlet.TldScanner.scanJars At least one JAR was scanned for TLDs yet contained no TLDs. Enable debug logging for this logger for a complete list of JARs that were scanned but no TLDs were found in them. Skipping unneeded JARs during scanning can improve startup time and JSP compilation time.
14-Nov-2024 13:09:25.758 INFO [main] org.apache.catalina.startup.HostConfig.deployDescriptor Deployment of deployment descriptor [C:\Users\NEW\IdeaProjects\metro-application\conf\Catalina\localhost\metro-application.xml] has finished in [28,099] ms
14-Nov-2024 13:09:25.763 INFO [main] org.apache.coyote.AbstractProtocol.start Starting ProtocolHandler ["http-nio-8083"]
14-Nov-2024 13:09:25.776 INFO [main] org.apache.catalina.startup.Catalina.start Server startup in [28184] milliseconds
14-Nov-2024 13:10:25.981 INFO [Thread-5] org.apache.coyote.AbstractProtocol.pause Pausing ProtocolHandler ["http-nio-8083"]
14-Nov-2024 13:10:26.224 INFO [Thread-5] org.apache.catalina.core.StandardService.stopInternal Stopping service [Catalina]
14-Nov-2024 13:10:26.285 WARNING [Thread-5] org.apache.catalina.loader.WebappClassLoaderBase.clearReferencesJdbc The web application [metro-application] registered the JDBC driver [com.mysql.cj.jdbc.Driver] but failed to unregister it when the web application was stopped. To prevent a memory leak, the JDBC Driver has been forcibly unregistered.
14-Nov-2024 13:10:26.287 WARNING [Thread-5] org.apache.catalina.loader.WebappClassLoaderBase.clearReferencesThreads The web application [metro-application] appears to have started a thread named [mysql-cj-abandoned-connection-cleanup] but has failed to stop it. This is very likely to create a memory leak. Stack trace of thread:
 java.lang.Object.wait(Native Method)
 java.lang.ref.ReferenceQueue.remove(ReferenceQueue.java:144)
 com.mysql.cj.jdbc.AbandonedConnectionCleanupThread.run(AbandonedConnectionCleanupThread.java:91)
 java.util.concurrent.ThreadPoolExecutor.runWorker(ThreadPoolExecutor.java:1149)
 java.util.concurrent.ThreadPoolExecutor$Worker.run(ThreadPoolExecutor.java:624)
 java.lang.Thread.run(Thread.java:748)
14-Nov-2024 13:10:26.300 INFO [Thread-5] org.apache.coyote.AbstractProtocol.stop Stopping ProtocolHandler ["http-nio-8083"]
14-Nov-2024 13:10:26.351 INFO [Thread-5] org.apache.coyote.AbstractProtocol.destroy Destroying ProtocolHandler ["http-nio-8083"]
14-Nov-2024 13:10:30.830 INFO [main] org.apache.catalina.startup.VersionLoggerListener.log Server version name:   Apache Tomcat/9.0.38
14-Nov-2024 13:10:30.840 INFO [main] org.apache.catalina.startup.VersionLoggerListener.log Server built:          Sep 10 2020 08:20:30 UTC
14-Nov-2024 13:10:30.840 INFO [main] org.apache.catalina.startup.VersionLoggerListener.log Server version number: 9.0.38.0
14-Nov-2024 13:10:30.841 INFO [main] org.apache.catalina.startup.VersionLoggerListener.log OS Name:               Windows 10
14-Nov-2024 13:10:30.841 INFO [main] org.apache.catalina.startup.VersionLoggerListener.log OS Version:            10.0
14-Nov-2024 13:10:30.841 INFO [main] org.apache.catalina.startup.VersionLoggerListener.log Architecture:          amd64
14-Nov-2024 13:10:30.841 INFO [main] org.apache.catalina.startup.VersionLoggerListener.log Java Home:             C:\Program Files\Java\jdk1.8.0_261\jre
14-Nov-2024 13:10:30.842 INFO [main] org.apache.catalina.startup.VersionLoggerListener.log JVM Version:           1.8.0_261-b12
14-Nov-2024 13:10:30.842 INFO [main] org.apache.catalina.startup.VersionLoggerListener.log JVM Vendor:            Oracle Corporation
14-Nov-2024 13:10:30.842 INFO [main] org.apache.catalina.startup.VersionLoggerListener.log CATALINA_BASE:         C:\Users\NEW\IdeaProjects\metro-application
14-Nov-2024 13:10:30.843 INFO [main] org.apache.catalina.startup.VersionLoggerListener.log CATALINA_HOME:         D:\Program Files\apache-tomcat-9.0.38
14-Nov-2024 13:10:30.844 INFO [main] org.apache.catalina.startup.VersionLoggerListener.log Command line argument: -Dcatalina.home=D:\Program Files\apache-tomcat-9.0.38
14-Nov-2024 13:10:30.844 INFO [main] org.apache.catalina.startup.VersionLoggerListener.log Command line argument: -Dcatalina.base=C:\Users\NEW\IdeaProjects\metro-application
14-Nov-2024 13:10:30.844 INFO [main] org.apache.catalina.startup.VersionLoggerListener.log Command line argument: -Djava.io.tmpdir=C:\Users\NEW\IdeaProjects\metro-application\temp
14-Nov-2024 13:10:30.845 INFO [main] org.apache.catalina.startup.VersionLoggerListener.log Command line argument: -Djava.util.logging.config.file=C:\Users\NEW\IdeaProjects\metro-application\conf\logging.properties
14-Nov-2024 13:10:30.845 INFO [main] org.apache.catalina.startup.VersionLoggerListener.log Command line argument: -Djava.util.logging.manager=org.apache.juli.ClassLoaderLogManager
14-Nov-2024 13:10:30.845 INFO [main] org.apache.catalina.startup.VersionLoggerListener.log Command line argument: -javaagent:C:\Program Files\JetBrains\IntelliJ IDEA Community Edition 2023.3.6\lib\idea_rt.jar=50240:C:\Program Files\JetBrains\IntelliJ IDEA Community Edition 2023.3.6\bin
14-Nov-2024 13:10:30.845 INFO [main] org.apache.catalina.startup.VersionLoggerListener.log Command line argument: -Dfile.encoding=UTF-8
14-Nov-2024 13:10:30.849 INFO [main] org.apache.catalina.core.AprLifecycleListener.lifecycleEvent Loaded Apache Tomcat Native library [1.2.25] using APR version [1.7.0].
14-Nov-2024 13:10:30.850 INFO [main] org.apache.catalina.core.AprLifecycleListener.lifecycleEvent APR capabilities: IPv6 [true], sendfile [true], accept filters [false], random [true].
14-Nov-2024 13:10:30.850 INFO [main] org.apache.catalina.core.AprLifecycleListener.lifecycleEvent APR/OpenSSL configuration: useAprConnector [false], useOpenSSL [true]
14-Nov-2024 13:10:30.857 INFO [main] org.apache.catalina.core.AprLifecycleListener.initializeSSL OpenSSL successfully initialized [OpenSSL 1.1.1g  21 Apr 2020]
14-Nov-2024 13:10:31.536 INFO [main] org.apache.coyote.AbstractProtocol.init Initializing ProtocolHandler ["http-nio-8083"]
14-Nov-2024 13:10:31.927 INFO [main] org.apache.catalina.startup.Catalina.load Server initialization in [1450] milliseconds
14-Nov-2024 13:10:31.988 INFO [main] org.apache.catalina.core.StandardService.startInternal Starting service [Catalina]
14-Nov-2024 13:10:31.989 INFO [main] org.apache.catalina.core.StandardEngine.startInternal Starting Servlet engine: [Apache Tomcat/9.0.38]
14-Nov-2024 13:10:32.016 INFO [main] org.apache.catalina.startup.HostConfig.deployDescriptor Deploying deployment descriptor [C:\Users\NEW\IdeaProjects\metro-application\conf\Catalina\localhost\metro-application.xml]
14-Nov-2024 13:10:39.377 INFO [main] org.apache.jasper.servlet.TldScanner.scanJars At least one JAR was scanned for TLDs yet contained no TLDs. Enable debug logging for this logger for a complete list of JARs that were scanned but no TLDs were found in them. Skipping unneeded JARs during scanning can improve startup time and JSP compilation time.
14-Nov-2024 13:10:52.866 INFO [main] org.apache.catalina.startup.HostConfig.deployDescriptor Deployment of deployment descriptor [C:\Users\NEW\IdeaProjects\metro-application\conf\Catalina\localhost\metro-application.xml] has finished in [20,850] ms
14-Nov-2024 13:10:52.870 INFO [main] org.apache.coyote.AbstractProtocol.start Starting ProtocolHandler ["http-nio-8083"]
14-Nov-2024 13:10:52.879 INFO [main] org.apache.catalina.startup.Catalina.start Server startup in [20950] milliseconds
14-Nov-2024 13:17:39.127 INFO [Thread-5] org.apache.coyote.AbstractProtocol.pause Pausing ProtocolHandler ["http-nio-8083"]
14-Nov-2024 13:17:39.327 INFO [Thread-5] org.apache.catalina.core.StandardService.stopInternal Stopping service [Catalina]
14-Nov-2024 13:17:39.376 WARNING [Thread-5] org.apache.catalina.loader.WebappClassLoaderBase.clearReferencesJdbc The web application [metro-application] registered the JDBC driver [com.mysql.cj.jdbc.Driver] but failed to unregister it when the web application was stopped. To prevent a memory leak, the JDBC Driver has been forcibly unregistered.
14-Nov-2024 13:17:39.377 WARNING [Thread-5] org.apache.catalina.loader.WebappClassLoaderBase.clearReferencesThreads The web application [metro-application] appears to have started a thread named [mysql-cj-abandoned-connection-cleanup] but has failed to stop it. This is very likely to create a memory leak. Stack trace of thread:
 java.lang.Object.wait(Native Method)
 java.lang.ref.ReferenceQueue.remove(ReferenceQueue.java:144)
 com.mysql.cj.jdbc.AbandonedConnectionCleanupThread.run(AbandonedConnectionCleanupThread.java:91)
 java.util.concurrent.ThreadPoolExecutor.runWorker(ThreadPoolExecutor.java:1149)
 java.util.concurrent.ThreadPoolExecutor$Worker.run(ThreadPoolExecutor.java:624)
 java.lang.Thread.run(Thread.java:748)
14-Nov-2024 13:17:39.403 INFO [Thread-5] org.apache.coyote.AbstractProtocol.stop Stopping ProtocolHandler ["http-nio-8083"]
14-Nov-2024 13:17:39.433 INFO [Thread-5] org.apache.coyote.AbstractProtocol.destroy Destroying ProtocolHandler ["http-nio-8083"]
14-Nov-2024 13:17:49.172 INFO [main] org.apache.catalina.startup.VersionLoggerListener.log Server version name:   Apache Tomcat/9.0.38
14-Nov-2024 13:17:49.176 INFO [main] org.apache.catalina.startup.VersionLoggerListener.log Server built:          Sep 10 2020 08:20:30 UTC
14-Nov-2024 13:17:49.176 INFO [main] org.apache.catalina.startup.VersionLoggerListener.log Server version number: 9.0.38.0
14-Nov-2024 13:17:49.176 INFO [main] org.apache.catalina.startup.VersionLoggerListener.log OS Name:               Windows 10
14-Nov-2024 13:17:49.177 INFO [main] org.apache.catalina.startup.VersionLoggerListener.log OS Version:            10.0
14-Nov-2024 13:17:49.177 INFO [main] org.apache.catalina.startup.VersionLoggerListener.log Architecture:          amd64
14-Nov-2024 13:17:49.177 INFO [main] org.apache.catalina.startup.VersionLoggerListener.log Java Home:             C:\Program Files\Java\jdk1.8.0_261\jre
14-Nov-2024 13:17:49.177 INFO [main] org.apache.catalina.startup.VersionLoggerListener.log JVM Version:           1.8.0_261-b12
14-Nov-2024 13:17:49.177 INFO [main] org.apache.catalina.startup.VersionLoggerListener.log JVM Vendor:            Oracle Corporation
14-Nov-2024 13:17:49.177 INFO [main] org.apache.catalina.startup.VersionLoggerListener.log CATALINA_BASE:         C:\Users\NEW\IdeaProjects\metro-application
14-Nov-2024 13:17:49.177 INFO [main] org.apache.catalina.startup.VersionLoggerListener.log CATALINA_HOME:         D:\Program Files\apache-tomcat-9.0.38
14-Nov-2024 13:17:49.179 INFO [main] org.apache.catalina.startup.VersionLoggerListener.log Command line argument: -Dcatalina.home=D:\Program Files\apache-tomcat-9.0.38
14-Nov-2024 13:17:49.180 INFO [main] org.apache.catalina.startup.VersionLoggerListener.log Command line argument: -Dcatalina.base=C:\Users\NEW\IdeaProjects\metro-application
14-Nov-2024 13:17:49.180 INFO [main] org.apache.catalina.startup.VersionLoggerListener.log Command line argument: -Djava.io.tmpdir=C:\Users\NEW\IdeaProjects\metro-application\temp
14-Nov-2024 13:17:49.180 INFO [main] org.apache.catalina.startup.VersionLoggerListener.log Command line argument: -Djava.util.logging.config.file=C:\Users\NEW\IdeaProjects\metro-application\conf\logging.properties
14-Nov-2024 13:17:49.180 INFO [main] org.apache.catalina.startup.VersionLoggerListener.log Command line argument: -Djava.util.logging.manager=org.apache.juli.ClassLoaderLogManager
14-Nov-2024 13:17:49.180 INFO [main] org.apache.catalina.startup.VersionLoggerListener.log Command line argument: -javaagent:C:\Program Files\JetBrains\IntelliJ IDEA Community Edition 2023.3.6\lib\idea_rt.jar=50298:C:\Program Files\JetBrains\IntelliJ IDEA Community Edition 2023.3.6\bin
14-Nov-2024 13:17:49.180 INFO [main] org.apache.catalina.startup.VersionLoggerListener.log Command line argument: -Dfile.encoding=UTF-8
14-Nov-2024 13:17:49.186 INFO [main] org.apache.catalina.core.AprLifecycleListener.lifecycleEvent Loaded Apache Tomcat Native library [1.2.25] using APR version [1.7.0].
14-Nov-2024 13:17:49.186 INFO [main] org.apache.catalina.core.AprLifecycleListener.lifecycleEvent APR capabilities: IPv6 [true], sendfile [true], accept filters [false], random [true].
14-Nov-2024 13:17:49.186 INFO [main] org.apache.catalina.core.AprLifecycleListener.lifecycleEvent APR/OpenSSL configuration: useAprConnector [false], useOpenSSL [true]
14-Nov-2024 13:17:49.193 INFO [main] org.apache.catalina.core.AprLifecycleListener.initializeSSL OpenSSL successfully initialized [OpenSSL 1.1.1g  21 Apr 2020]
14-Nov-2024 13:17:49.805 INFO [main] org.apache.coyote.AbstractProtocol.init Initializing ProtocolHandler ["http-nio-8083"]
14-Nov-2024 13:17:50.115 INFO [main] org.apache.catalina.startup.Catalina.load Server initialization in [1266] milliseconds
14-Nov-2024 13:17:50.152 INFO [main] org.apache.catalina.core.StandardService.startInternal Starting service [Catalina]
14-Nov-2024 13:17:50.152 INFO [main] org.apache.catalina.core.StandardEngine.startInternal Starting Servlet engine: [Apache Tomcat/9.0.38]
14-Nov-2024 13:17:50.166 INFO [main] org.apache.catalina.startup.HostConfig.deployDescriptor Deploying deployment descriptor [C:\Users\NEW\IdeaProjects\metro-application\conf\Catalina\localhost\metro-application.xml]
14-Nov-2024 13:17:55.955 INFO [main] org.apache.jasper.servlet.TldScanner.scanJars At least one JAR was scanned for TLDs yet contained no TLDs. Enable debug logging for this logger for a complete list of JARs that were scanned but no TLDs were found in them. Skipping unneeded JARs during scanning can improve startup time and JSP compilation time.
14-Nov-2024 13:18:06.891 INFO [main] org.apache.catalina.startup.HostConfig.deployDescriptor Deployment of deployment descriptor [C:\Users\NEW\IdeaProjects\metro-application\conf\Catalina\localhost\metro-application.xml] has finished in [16,724] ms
14-Nov-2024 13:18:06.896 INFO [main] org.apache.coyote.AbstractProtocol.start Starting ProtocolHandler ["http-nio-8083"]
14-Nov-2024 13:18:06.906 INFO [main] org.apache.catalina.startup.Catalina.start Server startup in [16790] milliseconds
14-Nov-2024 13:20:13.228 INFO [Thread-5] org.apache.coyote.AbstractProtocol.pause Pausing ProtocolHandler ["http-nio-8083"]
14-Nov-2024 13:20:13.399 INFO [Thread-5] org.apache.catalina.core.StandardService.stopInternal Stopping service [Catalina]
14-Nov-2024 13:20:13.440 WARNING [Thread-5] org.apache.catalina.loader.WebappClassLoaderBase.clearReferencesJdbc The web application [metro-application] registered the JDBC driver [com.mysql.cj.jdbc.Driver] but failed to unregister it when the web application was stopped. To prevent a memory leak, the JDBC Driver has been forcibly unregistered.
14-Nov-2024 13:20:13.441 WARNING [Thread-5] org.apache.catalina.loader.WebappClassLoaderBase.clearReferencesThreads The web application [metro-application] appears to have started a thread named [mysql-cj-abandoned-connection-cleanup] but has failed to stop it. This is very likely to create a memory leak. Stack trace of thread:
 java.lang.Object.wait(Native Method)
 java.lang.ref.ReferenceQueue.remove(ReferenceQueue.java:144)
 com.mysql.cj.jdbc.AbandonedConnectionCleanupThread.run(AbandonedConnectionCleanupThread.java:91)
 java.util.concurrent.ThreadPoolExecutor.runWorker(ThreadPoolExecutor.java:1149)
 java.util.concurrent.ThreadPoolExecutor$Worker.run(ThreadPoolExecutor.java:624)
 java.lang.Thread.run(Thread.java:748)
14-Nov-2024 13:20:13.446 INFO [Thread-5] org.apache.coyote.AbstractProtocol.stop Stopping ProtocolHandler ["http-nio-8083"]
14-Nov-2024 13:20:13.506 INFO [Thread-5] org.apache.coyote.AbstractProtocol.destroy Destroying ProtocolHandler ["http-nio-8083"]
14-Nov-2024 13:20:23.197 INFO [main] org.apache.catalina.startup.VersionLoggerListener.log Server version name:   Apache Tomcat/9.0.38
14-Nov-2024 13:20:23.200 INFO [main] org.apache.catalina.startup.VersionLoggerListener.log Server built:          Sep 10 2020 08:20:30 UTC
14-Nov-2024 13:20:23.200 INFO [main] org.apache.catalina.startup.VersionLoggerListener.log Server version number: 9.0.38.0
14-Nov-2024 13:20:23.201 INFO [main] org.apache.catalina.startup.VersionLoggerListener.log OS Name:               Windows 10
14-Nov-2024 13:20:23.201 INFO [main] org.apache.catalina.startup.VersionLoggerListener.log OS Version:            10.0
14-Nov-2024 13:20:23.201 INFO [main] org.apache.catalina.startup.VersionLoggerListener.log Architecture:          amd64
14-Nov-2024 13:20:23.201 INFO [main] org.apache.catalina.startup.VersionLoggerListener.log Java Home:             C:\Program Files\Java\jdk1.8.0_261\jre
14-Nov-2024 13:20:23.201 INFO [main] org.apache.catalina.startup.VersionLoggerListener.log JVM Version:           1.8.0_261-b12
14-Nov-2024 13:20:23.201 INFO [main] org.apache.catalina.startup.VersionLoggerListener.log JVM Vendor:            Oracle Corporation
14-Nov-2024 13:20:23.201 INFO [main] org.apache.catalina.startup.VersionLoggerListener.log CATALINA_BASE:         C:\Users\NEW\IdeaProjects\metro-application
14-Nov-2024 13:20:23.202 INFO [main] org.apache.catalina.startup.VersionLoggerListener.log CATALINA_HOME:         D:\Program Files\apache-tomcat-9.0.38
14-Nov-2024 13:20:23.204 INFO [main] org.apache.catalina.startup.VersionLoggerListener.log Command line argument: -Dcatalina.home=D:\Program Files\apache-tomcat-9.0.38
14-Nov-2024 13:20:23.204 INFO [main] org.apache.catalina.startup.VersionLoggerListener.log Command line argument: -Dcatalina.base=C:\Users\NEW\IdeaProjects\metro-application
14-Nov-2024 13:20:23.204 INFO [main] org.apache.catalina.startup.VersionLoggerListener.log Command line argument: -Djava.io.tmpdir=C:\Users\NEW\IdeaProjects\metro-application\temp
14-Nov-2024 13:20:23.204 INFO [main] org.apache.catalina.startup.VersionLoggerListener.log Command line argument: -Djava.util.logging.config.file=C:\Users\NEW\IdeaProjects\metro-application\conf\logging.properties
14-Nov-2024 13:20:23.204 INFO [main] org.apache.catalina.startup.VersionLoggerListener.log Command line argument: -Djava.util.logging.manager=org.apache.juli.ClassLoaderLogManager
14-Nov-2024 13:20:23.204 INFO [main] org.apache.catalina.startup.VersionLoggerListener.log Command line argument: -javaagent:C:\Program Files\JetBrains\IntelliJ IDEA Community Edition 2023.3.6\lib\idea_rt.jar=50320:C:\Program Files\JetBrains\IntelliJ IDEA Community Edition 2023.3.6\bin
14-Nov-2024 13:20:23.204 INFO [main] org.apache.catalina.startup.VersionLoggerListener.log Command line argument: -Dfile.encoding=UTF-8
14-Nov-2024 13:20:23.208 INFO [main] org.apache.catalina.core.AprLifecycleListener.lifecycleEvent Loaded Apache Tomcat Native library [1.2.25] using APR version [1.7.0].
14-Nov-2024 13:20:23.208 INFO [main] org.apache.catalina.core.AprLifecycleListener.lifecycleEvent APR capabilities: IPv6 [true], sendfile [true], accept filters [false], random [true].
14-Nov-2024 13:20:23.208 INFO [main] org.apache.catalina.core.AprLifecycleListener.lifecycleEvent APR/OpenSSL configuration: useAprConnector [false], useOpenSSL [true]
14-Nov-2024 13:20:23.214 INFO [main] org.apache.catalina.core.AprLifecycleListener.initializeSSL OpenSSL successfully initialized [OpenSSL 1.1.1g  21 Apr 2020]
14-Nov-2024 13:20:23.792 INFO [main] org.apache.coyote.AbstractProtocol.init Initializing ProtocolHandler ["http-nio-8083"]
14-Nov-2024 13:20:24.107 INFO [main] org.apache.catalina.startup.Catalina.load Server initialization in [1203] milliseconds
14-Nov-2024 13:20:24.144 INFO [main] org.apache.catalina.core.StandardService.startInternal Starting service [Catalina]
14-Nov-2024 13:20:24.144 INFO [main] org.apache.catalina.core.StandardEngine.startInternal Starting Servlet engine: [Apache Tomcat/9.0.38]
14-Nov-2024 13:20:24.158 INFO [main] org.apache.catalina.startup.HostConfig.deployDescriptor Deploying deployment descriptor [C:\Users\NEW\IdeaProjects\metro-application\conf\Catalina\localhost\metro-application.xml]
14-Nov-2024 13:20:29.682 INFO [main] org.apache.jasper.servlet.TldScanner.scanJars At least one JAR was scanned for TLDs yet contained no TLDs. Enable debug logging for this logger for a complete list of JARs that were scanned but no TLDs were found in them. Skipping unneeded JARs during scanning can improve startup time and JSP compilation time.
14-Nov-2024 13:20:40.227 INFO [main] org.apache.catalina.startup.HostConfig.deployDescriptor Deployment of deployment descriptor [C:\Users\NEW\IdeaProjects\metro-application\conf\Catalina\localhost\metro-application.xml] has finished in [16,068] ms
14-Nov-2024 13:20:40.233 INFO [main] org.apache.coyote.AbstractProtocol.start Starting ProtocolHandler ["http-nio-8083"]
14-Nov-2024 13:20:40.245 INFO [main] org.apache.catalina.startup.Catalina.start Server startup in [16137] milliseconds
14-Nov-2024 13:21:47.953 INFO [Thread-5] org.apache.coyote.AbstractProtocol.pause Pausing ProtocolHandler ["http-nio-8083"]
14-Nov-2024 13:21:48.158 INFO [Thread-5] org.apache.catalina.core.StandardService.stopInternal Stopping service [Catalina]
14-Nov-2024 13:21:48.260 WARNING [Thread-5] org.apache.catalina.loader.WebappClassLoaderBase.clearReferencesJdbc The web application [metro-application] registered the JDBC driver [com.mysql.cj.jdbc.Driver] but failed to unregister it when the web application was stopped. To prevent a memory leak, the JDBC Driver has been forcibly unregistered.
14-Nov-2024 13:21:48.261 WARNING [Thread-5] org.apache.catalina.loader.WebappClassLoaderBase.clearReferencesThreads The web application [metro-application] appears to have started a thread named [mysql-cj-abandoned-connection-cleanup] but has failed to stop it. This is very likely to create a memory leak. Stack trace of thread:
 java.lang.Object.wait(Native Method)
 java.lang.ref.ReferenceQueue.remove(ReferenceQueue.java:144)
 com.mysql.cj.jdbc.AbandonedConnectionCleanupThread.run(AbandonedConnectionCleanupThread.java:91)
 java.util.concurrent.ThreadPoolExecutor.runWorker(ThreadPoolExecutor.java:1149)
 java.util.concurrent.ThreadPoolExecutor$Worker.run(ThreadPoolExecutor.java:624)
 java.lang.Thread.run(Thread.java:748)
14-Nov-2024 13:21:48.271 INFO [Thread-5] org.apache.coyote.AbstractProtocol.stop Stopping ProtocolHandler ["http-nio-8083"]
14-Nov-2024 13:21:48.280 INFO [Thread-5] org.apache.coyote.AbstractProtocol.destroy Destroying ProtocolHandler ["http-nio-8083"]
14-Nov-2024 13:21:59.731 INFO [main] org.apache.catalina.startup.VersionLoggerListener.log Server version name:   Apache Tomcat/9.0.38
14-Nov-2024 13:21:59.735 INFO [main] org.apache.catalina.startup.VersionLoggerListener.log Server built:          Sep 10 2020 08:20:30 UTC
14-Nov-2024 13:21:59.735 INFO [main] org.apache.catalina.startup.VersionLoggerListener.log Server version number: 9.0.38.0
14-Nov-2024 13:21:59.736 INFO [main] org.apache.catalina.startup.VersionLoggerListener.log OS Name:               Windows 10
14-Nov-2024 13:21:59.736 INFO [main] org.apache.catalina.startup.VersionLoggerListener.log OS Version:            10.0
14-Nov-2024 13:21:59.736 INFO [main] org.apache.catalina.startup.VersionLoggerListener.log Architecture:          amd64
14-Nov-2024 13:21:59.736 INFO [main] org.apache.catalina.startup.VersionLoggerListener.log Java Home:             C:\Program Files\Java\jdk1.8.0_261\jre
14-Nov-2024 13:21:59.736 INFO [main] org.apache.catalina.startup.VersionLoggerListener.log JVM Version:           1.8.0_261-b12
14-Nov-2024 13:21:59.736 INFO [main] org.apache.catalina.startup.VersionLoggerListener.log JVM Vendor:            Oracle Corporation
14-Nov-2024 13:21:59.736 INFO [main] org.apache.catalina.startup.VersionLoggerListener.log CATALINA_BASE:         C:\Users\NEW\IdeaProjects\metro-application
14-Nov-2024 13:21:59.736 INFO [main] org.apache.catalina.startup.VersionLoggerListener.log CATALINA_HOME:         D:\Program Files\apache-tomcat-9.0.38
14-Nov-2024 13:21:59.738 INFO [main] org.apache.catalina.startup.VersionLoggerListener.log Command line argument: -Dcatalina.home=D:\Program Files\apache-tomcat-9.0.38
14-Nov-2024 13:21:59.739 INFO [main] org.apache.catalina.startup.VersionLoggerListener.log Command line argument: -Dcatalina.base=C:\Users\NEW\IdeaProjects\metro-application
14-Nov-2024 13:21:59.739 INFO [main] org.apache.catalina.startup.VersionLoggerListener.log Command line argument: -Djava.io.tmpdir=C:\Users\NEW\IdeaProjects\metro-application\temp
14-Nov-2024 13:21:59.739 INFO [main] org.apache.catalina.startup.VersionLoggerListener.log Command line argument: -Djava.util.logging.config.file=C:\Users\NEW\IdeaProjects\metro-application\conf\logging.properties
14-Nov-2024 13:21:59.739 INFO [main] org.apache.catalina.startup.VersionLoggerListener.log Command line argument: -Djava.util.logging.manager=org.apache.juli.ClassLoaderLogManager
14-Nov-2024 13:21:59.739 INFO [main] org.apache.catalina.startup.VersionLoggerListener.log Command line argument: -javaagent:C:\Program Files\JetBrains\IntelliJ IDEA Community Edition 2023.3.6\lib\idea_rt.jar=50342:C:\Program Files\JetBrains\IntelliJ IDEA Community Edition 2023.3.6\bin
14-Nov-2024 13:21:59.739 INFO [main] org.apache.catalina.startup.VersionLoggerListener.log Command line argument: -Dfile.encoding=UTF-8
14-Nov-2024 13:21:59.743 INFO [main] org.apache.catalina.core.AprLifecycleListener.lifecycleEvent Loaded Apache Tomcat Native library [1.2.25] using APR version [1.7.0].
14-Nov-2024 13:21:59.743 INFO [main] org.apache.catalina.core.AprLifecycleListener.lifecycleEvent APR capabilities: IPv6 [true], sendfile [true], accept filters [false], random [true].
14-Nov-2024 13:21:59.743 INFO [main] org.apache.catalina.core.AprLifecycleListener.lifecycleEvent APR/OpenSSL configuration: useAprConnector [false], useOpenSSL [true]
14-Nov-2024 13:21:59.750 INFO [main] org.apache.catalina.core.AprLifecycleListener.initializeSSL OpenSSL successfully initialized [OpenSSL 1.1.1g  21 Apr 2020]
14-Nov-2024 13:22:00.417 INFO [main] org.apache.coyote.AbstractProtocol.init Initializing ProtocolHandler ["http-nio-8083"]
14-Nov-2024 13:22:00.738 INFO [main] org.apache.catalina.startup.Catalina.load Server initialization in [1333] milliseconds
14-Nov-2024 13:22:00.773 INFO [main] org.apache.catalina.core.StandardService.startInternal Starting service [Catalina]
14-Nov-2024 13:22:00.774 INFO [main] org.apache.catalina.core.StandardEngine.startInternal Starting Servlet engine: [Apache Tomcat/9.0.38]
14-Nov-2024 13:22:00.786 INFO [main] org.apache.catalina.startup.HostConfig.deployDescriptor Deploying deployment descriptor [C:\Users\NEW\IdeaProjects\metro-application\conf\Catalina\localhost\metro-application.xml]
14-Nov-2024 13:22:07.913 INFO [main] org.apache.jasper.servlet.TldScanner.scanJars At least one JAR was scanned for TLDs yet contained no TLDs. Enable debug logging for this logger for a complete list of JARs that were scanned but no TLDs were found in them. Skipping unneeded JARs during scanning can improve startup time and JSP compilation time.
14-Nov-2024 13:22:21.527 INFO [main] org.apache.catalina.startup.HostConfig.deployDescriptor Deployment of deployment descriptor [C:\Users\NEW\IdeaProjects\metro-application\conf\Catalina\localhost\metro-application.xml] has finished in [20,740] ms
14-Nov-2024 13:22:21.532 INFO [main] org.apache.coyote.AbstractProtocol.start Starting ProtocolHandler ["http-nio-8083"]
14-Nov-2024 13:22:21.541 INFO [main] org.apache.catalina.startup.Catalina.start Server startup in [20804] milliseconds
14-Nov-2024 13:23:29.579 INFO [Thread-5] org.apache.coyote.AbstractProtocol.pause Pausing ProtocolHandler ["http-nio-8083"]
14-Nov-2024 13:23:29.783 INFO [Thread-5] org.apache.catalina.core.StandardService.stopInternal Stopping service [Catalina]
14-Nov-2024 13:23:29.820 WARNING [Thread-5] org.apache.catalina.loader.WebappClassLoaderBase.clearReferencesJdbc The web application [metro-application] registered the JDBC driver [com.mysql.cj.jdbc.Driver] but failed to unregister it when the web application was stopped. To prevent a memory leak, the JDBC Driver has been forcibly unregistered.
14-Nov-2024 13:23:29.820 WARNING [Thread-5] org.apache.catalina.loader.WebappClassLoaderBase.clearReferencesThreads The web application [metro-application] appears to have started a thread named [mysql-cj-abandoned-connection-cleanup] but has failed to stop it. This is very likely to create a memory leak. Stack trace of thread:
 java.lang.Object.wait(Native Method)
 java.lang.ref.ReferenceQueue.remove(ReferenceQueue.java:144)
 com.mysql.cj.jdbc.AbandonedConnectionCleanupThread.run(AbandonedConnectionCleanupThread.java:91)
 java.util.concurrent.ThreadPoolExecutor.runWorker(ThreadPoolExecutor.java:1149)
 java.util.concurrent.ThreadPoolExecutor$Worker.run(ThreadPoolExecutor.java:624)
 java.lang.Thread.run(Thread.java:748)
14-Nov-2024 13:23:29.860 INFO [Thread-5] org.apache.coyote.AbstractProtocol.stop Stopping ProtocolHandler ["http-nio-8083"]
14-Nov-2024 13:23:29.890 INFO [Thread-5] org.apache.coyote.AbstractProtocol.destroy Destroying ProtocolHandler ["http-nio-8083"]
14-Nov-2024 13:23:39.961 INFO [main] org.apache.catalina.startup.VersionLoggerListener.log Server version name:   Apache Tomcat/9.0.38
14-Nov-2024 13:23:39.965 INFO [main] org.apache.catalina.startup.VersionLoggerListener.log Server built:          Sep 10 2020 08:20:30 UTC
14-Nov-2024 13:23:39.965 INFO [main] org.apache.catalina.startup.VersionLoggerListener.log Server version number: 9.0.38.0
14-Nov-2024 13:23:39.965 INFO [main] org.apache.catalina.startup.VersionLoggerListener.log OS Name:               Windows 10
14-Nov-2024 13:23:39.965 INFO [main] org.apache.catalina.startup.VersionLoggerListener.log OS Version:            10.0
14-Nov-2024 13:23:39.965 INFO [main] org.apache.catalina.startup.VersionLoggerListener.log Architecture:          amd64
14-Nov-2024 13:23:39.965 INFO [main] org.apache.catalina.startup.VersionLoggerListener.log Java Home:             C:\Program Files\Java\jdk1.8.0_261\jre
14-Nov-2024 13:23:39.965 INFO [main] org.apache.catalina.startup.VersionLoggerListener.log JVM Version:           1.8.0_261-b12
14-Nov-2024 13:23:39.965 INFO [main] org.apache.catalina.startup.VersionLoggerListener.log JVM Vendor:            Oracle Corporation
14-Nov-2024 13:23:39.966 INFO [main] org.apache.catalina.startup.VersionLoggerListener.log CATALINA_BASE:         C:\Users\NEW\IdeaProjects\metro-application
14-Nov-2024 13:23:39.966 INFO [main] org.apache.catalina.startup.VersionLoggerListener.log CATALINA_HOME:         D:\Program Files\apache-tomcat-9.0.38
14-Nov-2024 13:23:39.968 INFO [main] org.apache.catalina.startup.VersionLoggerListener.log Command line argument: -Dcatalina.home=D:\Program Files\apache-tomcat-9.0.38
14-Nov-2024 13:23:39.968 INFO [main] org.apache.catalina.startup.VersionLoggerListener.log Command line argument: -Dcatalina.base=C:\Users\NEW\IdeaProjects\metro-application
14-Nov-2024 13:23:39.968 INFO [main] org.apache.catalina.startup.VersionLoggerListener.log Command line argument: -Djava.io.tmpdir=C:\Users\NEW\IdeaProjects\metro-application\temp
14-Nov-2024 13:23:39.968 INFO [main] org.apache.catalina.startup.VersionLoggerListener.log Command line argument: -Djava.util.logging.config.file=C:\Users\NEW\IdeaProjects\metro-application\conf\logging.properties
14-Nov-2024 13:23:39.968 INFO [main] org.apache.catalina.startup.VersionLoggerListener.log Command line argument: -Djava.util.logging.manager=org.apache.juli.ClassLoaderLogManager
14-Nov-2024 13:23:39.968 INFO [main] org.apache.catalina.startup.VersionLoggerListener.log Command line argument: -javaagent:C:\Program Files\JetBrains\IntelliJ IDEA Community Edition 2023.3.6\lib\idea_rt.jar=50361:C:\Program Files\JetBrains\IntelliJ IDEA Community Edition 2023.3.6\bin
14-Nov-2024 13:23:39.968 INFO [main] org.apache.catalina.startup.VersionLoggerListener.log Command line argument: -Dfile.encoding=UTF-8
14-Nov-2024 13:23:39.974 INFO [main] org.apache.catalina.core.AprLifecycleListener.lifecycleEvent Loaded Apache Tomcat Native library [1.2.25] using APR version [1.7.0].
14-Nov-2024 13:23:39.974 INFO [main] org.apache.catalina.core.AprLifecycleListener.lifecycleEvent APR capabilities: IPv6 [true], sendfile [true], accept filters [false], random [true].
14-Nov-2024 13:23:39.974 INFO [main] org.apache.catalina.core.AprLifecycleListener.lifecycleEvent APR/OpenSSL configuration: useAprConnector [false], useOpenSSL [true]
14-Nov-2024 13:23:39.981 INFO [main] org.apache.catalina.core.AprLifecycleListener.initializeSSL OpenSSL successfully initialized [OpenSSL 1.1.1g  21 Apr 2020]
14-Nov-2024 13:23:40.589 INFO [main] org.apache.coyote.AbstractProtocol.init Initializing ProtocolHandler ["http-nio-8083"]
14-Nov-2024 13:23:40.893 INFO [main] org.apache.catalina.startup.Catalina.load Server initialization in [1229] milliseconds
14-Nov-2024 13:23:40.931 INFO [main] org.apache.catalina.core.StandardService.startInternal Starting service [Catalina]
14-Nov-2024 13:23:40.931 INFO [main] org.apache.catalina.core.StandardEngine.startInternal Starting Servlet engine: [Apache Tomcat/9.0.38]
14-Nov-2024 13:23:40.945 INFO [main] org.apache.catalina.startup.HostConfig.deployDescriptor Deploying deployment descriptor [C:\Users\NEW\IdeaProjects\metro-application\conf\Catalina\localhost\metro-application.xml]
14-Nov-2024 13:23:48.885 INFO [main] org.apache.jasper.servlet.TldScanner.scanJars At least one JAR was scanned for TLDs yet contained no TLDs. Enable debug logging for this logger for a complete list of JARs that were scanned but no TLDs were found in them. Skipping unneeded JARs during scanning can improve startup time and JSP compilation time.
14-Nov-2024 13:24:00.278 INFO [main] org.apache.catalina.startup.HostConfig.deployDescriptor Deployment of deployment descriptor [C:\Users\NEW\IdeaProjects\metro-application\conf\Catalina\localhost\metro-application.xml] has finished in [19,331] ms
14-Nov-2024 13:24:00.282 INFO [main] org.apache.coyote.AbstractProtocol.start Starting ProtocolHandler ["http-nio-8083"]
14-Nov-2024 13:24:00.292 INFO [main] org.apache.catalina.startup.Catalina.start Server startup in [19399] milliseconds
14-Nov-2024 13:32:13.643 INFO [Thread-5] org.apache.coyote.AbstractProtocol.pause Pausing ProtocolHandler ["http-nio-8083"]
14-Nov-2024 13:32:13.820 INFO [Thread-5] org.apache.catalina.core.StandardService.stopInternal Stopping service [Catalina]
14-Nov-2024 13:32:13.865 WARNING [Thread-5] org.apache.catalina.loader.WebappClassLoaderBase.clearReferencesJdbc The web application [metro-application] registered the JDBC driver [com.mysql.cj.jdbc.Driver] but failed to unregister it when the web application was stopped. To prevent a memory leak, the JDBC Driver has been forcibly unregistered.
14-Nov-2024 13:32:13.866 WARNING [Thread-5] org.apache.catalina.loader.WebappClassLoaderBase.clearReferencesThreads The web application [metro-application] appears to have started a thread named [mysql-cj-abandoned-connection-cleanup] but has failed to stop it. This is very likely to create a memory leak. Stack trace of thread:
 java.lang.Object.wait(Native Method)
 java.lang.ref.ReferenceQueue.remove(ReferenceQueue.java:144)
 com.mysql.cj.jdbc.AbandonedConnectionCleanupThread.run(AbandonedConnectionCleanupThread.java:91)
 java.util.concurrent.ThreadPoolExecutor.runWorker(ThreadPoolExecutor.java:1149)
 java.util.concurrent.ThreadPoolExecutor$Worker.run(ThreadPoolExecutor.java:624)
 java.lang.Thread.run(Thread.java:748)
14-Nov-2024 13:32:13.873 INFO [Thread-5] org.apache.coyote.AbstractProtocol.stop Stopping ProtocolHandler ["http-nio-8083"]
14-Nov-2024 13:32:13.921 INFO [Thread-5] org.apache.coyote.AbstractProtocol.destroy Destroying ProtocolHandler ["http-nio-8083"]
14-Nov-2024 13:32:41.109 INFO [main] org.apache.catalina.startup.VersionLoggerListener.log Server version name:   Apache Tomcat/9.0.38
14-Nov-2024 13:32:41.113 INFO [main] org.apache.catalina.startup.VersionLoggerListener.log Server built:          Sep 10 2020 08:20:30 UTC
14-Nov-2024 13:32:41.113 INFO [main] org.apache.catalina.startup.VersionLoggerListener.log Server version number: 9.0.38.0
14-Nov-2024 13:32:41.113 INFO [main] org.apache.catalina.startup.VersionLoggerListener.log OS Name:               Windows 10
14-Nov-2024 13:32:41.113 INFO [main] org.apache.catalina.startup.VersionLoggerListener.log OS Version:            10.0
14-Nov-2024 13:32:41.113 INFO [main] org.apache.catalina.startup.VersionLoggerListener.log Architecture:          amd64
14-Nov-2024 13:32:41.113 INFO [main] org.apache.catalina.startup.VersionLoggerListener.log Java Home:             C:\Program Files\Java\jdk1.8.0_261\jre
14-Nov-2024 13:32:41.113 INFO [main] org.apache.catalina.startup.VersionLoggerListener.log JVM Version:           1.8.0_261-b12
14-Nov-2024 13:32:41.114 INFO [main] org.apache.catalina.startup.VersionLoggerListener.log JVM Vendor:            Oracle Corporation
14-Nov-2024 13:32:41.114 INFO [main] org.apache.catalina.startup.VersionLoggerListener.log CATALINA_BASE:         C:\Users\NEW\IdeaProjects\metro-application
14-Nov-2024 13:32:41.114 INFO [main] org.apache.catalina.startup.VersionLoggerListener.log CATALINA_HOME:         D:\Program Files\apache-tomcat-9.0.38
14-Nov-2024 13:32:41.116 INFO [main] org.apache.catalina.startup.VersionLoggerListener.log Command line argument: -Dcatalina.home=D:\Program Files\apache-tomcat-9.0.38
14-Nov-2024 13:32:41.116 INFO [main] org.apache.catalina.startup.VersionLoggerListener.log Command line argument: -Dcatalina.base=C:\Users\NEW\IdeaProjects\metro-application
14-Nov-2024 13:32:41.116 INFO [main] org.apache.catalina.startup.VersionLoggerListener.log Command line argument: -Djava.io.tmpdir=C:\Users\NEW\IdeaProjects\metro-application\temp
14-Nov-2024 13:32:41.116 INFO [main] org.apache.catalina.startup.VersionLoggerListener.log Command line argument: -Djava.util.logging.config.file=C:\Users\NEW\IdeaProjects\metro-application\conf\logging.properties
14-Nov-2024 13:32:41.116 INFO [main] org.apache.catalina.startup.VersionLoggerListener.log Command line argument: -Djava.util.logging.manager=org.apache.juli.ClassLoaderLogManager
14-Nov-2024 13:32:41.116 INFO [main] org.apache.catalina.startup.VersionLoggerListener.log Command line argument: -javaagent:C:\Program Files\JetBrains\IntelliJ IDEA Community Edition 2023.3.6\lib\idea_rt.jar=63327:C:\Program Files\JetBrains\IntelliJ IDEA Community Edition 2023.3.6\bin
14-Nov-2024 13:32:41.116 INFO [main] org.apache.catalina.startup.VersionLoggerListener.log Command line argument: -Dfile.encoding=UTF-8
14-Nov-2024 13:32:41.120 INFO [main] org.apache.catalina.core.AprLifecycleListener.lifecycleEvent Loaded Apache Tomcat Native library [1.2.25] using APR version [1.7.0].
14-Nov-2024 13:32:41.120 INFO [main] org.apache.catalina.core.AprLifecycleListener.lifecycleEvent APR capabilities: IPv6 [true], sendfile [true], accept filters [false], random [true].
14-Nov-2024 13:32:41.120 INFO [main] org.apache.catalina.core.AprLifecycleListener.lifecycleEvent APR/OpenSSL configuration: useAprConnector [false], useOpenSSL [true]
14-Nov-2024 13:32:41.127 INFO [main] org.apache.catalina.core.AprLifecycleListener.initializeSSL OpenSSL successfully initialized [OpenSSL 1.1.1g  21 Apr 2020]
14-Nov-2024 13:32:41.715 INFO [main] org.apache.coyote.AbstractProtocol.init Initializing ProtocolHandler ["http-nio-8083"]
14-Nov-2024 13:32:42.031 INFO [main] org.apache.catalina.startup.Catalina.load Server initialization in [1257] milliseconds
14-Nov-2024 13:32:42.070 INFO [main] org.apache.catalina.core.StandardService.startInternal Starting service [Catalina]
14-Nov-2024 13:32:42.070 INFO [main] org.apache.catalina.core.StandardEngine.startInternal Starting Servlet engine: [Apache Tomcat/9.0.38]
14-Nov-2024 13:32:42.084 INFO [main] org.apache.catalina.startup.HostConfig.deployDescriptor Deploying deployment descriptor [C:\Users\NEW\IdeaProjects\metro-application\conf\Catalina\localhost\metro-application.xml]
14-Nov-2024 13:32:47.527 INFO [main] org.apache.jasper.servlet.TldScanner.scanJars At least one JAR was scanned for TLDs yet contained no TLDs. Enable debug logging for this logger for a complete list of JARs that were scanned but no TLDs were found in them. Skipping unneeded JARs during scanning can improve startup time and JSP compilation time.
14-Nov-2024 13:32:57.603 INFO [main] org.apache.catalina.startup.HostConfig.deployDescriptor Deployment of deployment descriptor [C:\Users\NEW\IdeaProjects\metro-application\conf\Catalina\localhost\metro-application.xml] has finished in [15,517] ms
14-Nov-2024 13:32:57.607 INFO [main] org.apache.coyote.AbstractProtocol.start Starting ProtocolHandler ["http-nio-8083"]
14-Nov-2024 13:32:57.618 INFO [main] org.apache.catalina.startup.Catalina.start Server startup in [15586] milliseconds
14-Nov-2024 17:18:16.788 INFO [Thread-5] org.apache.coyote.AbstractProtocol.pause Pausing ProtocolHandler ["http-nio-8083"]
14-Nov-2024 17:18:18.925 INFO [Thread-5] org.apache.catalina.core.StandardService.stopInternal Stopping service [Catalina]
14-Nov-2024 17:18:48.382 WARNING [Thread-5] org.apache.catalina.loader.WebappClassLoaderBase.clearReferencesJdbc The web application [metro-application] registered the JDBC driver [com.mysql.cj.jdbc.Driver] but failed to unregister it when the web application was stopped. To prevent a memory leak, the JDBC Driver has been forcibly unregistered.
14-Nov-2024 17:18:48.385 WARNING [Thread-5] org.apache.catalina.loader.WebappClassLoaderBase.clearReferencesThreads The web application [metro-application] appears to have started a thread named [mysql-cj-abandoned-connection-cleanup] but has failed to stop it. This is very likely to create a memory leak. Stack trace of thread:
 java.lang.Object.wait(Native Method)
 java.lang.ref.ReferenceQueue.remove(ReferenceQueue.java:144)
 com.mysql.cj.jdbc.AbandonedConnectionCleanupThread.run(AbandonedConnectionCleanupThread.java:91)
 java.util.concurrent.ThreadPoolExecutor.runWorker(ThreadPoolExecutor.java:1149)
 java.util.concurrent.ThreadPoolExecutor$Worker.run(ThreadPoolExecutor.java:624)
 java.lang.Thread.run(Thread.java:748)
14-Nov-2024 17:18:48.429 INFO [Thread-5] org.apache.coyote.AbstractProtocol.stop Stopping ProtocolHandler ["http-nio-8083"]
14-Nov-2024 17:18:48.648 INFO [Thread-5] org.apache.coyote.AbstractProtocol.destroy Destroying ProtocolHandler ["http-nio-8083"]
14-Nov-2024 17:37:52.710 INFO [main] org.apache.catalina.startup.VersionLoggerListener.log Server version name:   Apache Tomcat/9.0.38
14-Nov-2024 17:37:52.712 INFO [main] org.apache.catalina.startup.VersionLoggerListener.log Server built:          Sep 10 2020 08:20:30 UTC
14-Nov-2024 17:37:52.713 INFO [main] org.apache.catalina.startup.VersionLoggerListener.log Server version number: 9.0.38.0
14-Nov-2024 17:37:52.713 INFO [main] org.apache.catalina.startup.VersionLoggerListener.log OS Name:               Windows 10
14-Nov-2024 17:37:52.713 INFO [main] org.apache.catalina.startup.VersionLoggerListener.log OS Version:            10.0
14-Nov-2024 17:37:52.713 INFO [main] org.apache.catalina.startup.VersionLoggerListener.log Architecture:          amd64
14-Nov-2024 17:37:52.713 INFO [main] org.apache.catalina.startup.VersionLoggerListener.log Java Home:             C:\Program Files\Java\jdk1.8.0_261\jre
14-Nov-2024 17:37:52.713 INFO [main] org.apache.catalina.startup.VersionLoggerListener.log JVM Version:           1.8.0_261-b12
14-Nov-2024 17:37:52.713 INFO [main] org.apache.catalina.startup.VersionLoggerListener.log JVM Vendor:            Oracle Corporation
14-Nov-2024 17:37:52.713 INFO [main] org.apache.catalina.startup.VersionLoggerListener.log CATALINA_BASE:         C:\Users\NEW\IdeaProjects\metro-application
14-Nov-2024 17:37:52.713 INFO [main] org.apache.catalina.startup.VersionLoggerListener.log CATALINA_HOME:         D:\Program Files\apache-tomcat-9.0.38
14-Nov-2024 17:37:52.715 INFO [main] org.apache.catalina.startup.VersionLoggerListener.log Command line argument: -Dcatalina.home=D:\Program Files\apache-tomcat-9.0.38
14-Nov-2024 17:37:52.715 INFO [main] org.apache.catalina.startup.VersionLoggerListener.log Command line argument: -Dcatalina.base=C:\Users\NEW\IdeaProjects\metro-application
14-Nov-2024 17:37:52.716 INFO [main] org.apache.catalina.startup.VersionLoggerListener.log Command line argument: -Djava.io.tmpdir=C:\Users\NEW\IdeaProjects\metro-application\temp
14-Nov-2024 17:37:52.716 INFO [main] org.apache.catalina.startup.VersionLoggerListener.log Command line argument: -Djava.util.logging.config.file=C:\Users\NEW\IdeaProjects\metro-application\conf\logging.properties
14-Nov-2024 17:37:52.716 INFO [main] org.apache.catalina.startup.VersionLoggerListener.log Command line argument: -Djava.util.logging.manager=org.apache.juli.ClassLoaderLogManager
14-Nov-2024 17:37:52.716 INFO [main] org.apache.catalina.startup.VersionLoggerListener.log Command line argument: -javaagent:C:\Program Files\JetBrains\IntelliJ IDEA Community Edition 2023.3.6\lib\idea_rt.jar=50500:C:\Program Files\JetBrains\IntelliJ IDEA Community Edition 2023.3.6\bin
14-Nov-2024 17:37:52.716 INFO [main] org.apache.catalina.startup.VersionLoggerListener.log Command line argument: -Dfile.encoding=UTF-8
14-Nov-2024 17:37:53.027 INFO [main] org.apache.catalina.core.AprLifecycleListener.lifecycleEvent Loaded Apache Tomcat Native library [1.2.25] using APR version [1.7.0].
14-Nov-2024 17:37:53.029 INFO [main] org.apache.catalina.core.AprLifecycleListener.lifecycleEvent APR capabilities: IPv6 [true], sendfile [true], accept filters [false], random [true].
14-Nov-2024 17:37:53.029 INFO [main] org.apache.catalina.core.AprLifecycleListener.lifecycleEvent APR/OpenSSL configuration: useAprConnector [false], useOpenSSL [true]
14-Nov-2024 17:37:53.033 INFO [main] org.apache.catalina.core.AprLifecycleListener.initializeSSL OpenSSL successfully initialized [OpenSSL 1.1.1g  21 Apr 2020]
14-Nov-2024 17:37:53.514 INFO [main] org.apache.coyote.AbstractProtocol.init Initializing ProtocolHandler ["http-nio-8083"]
14-Nov-2024 17:37:53.747 INFO [main] org.apache.catalina.startup.Catalina.load Server initialization in [1260] milliseconds
14-Nov-2024 17:37:53.796 INFO [main] org.apache.catalina.core.StandardService.startInternal Starting service [Catalina]
14-Nov-2024 17:37:53.798 INFO [main] org.apache.catalina.core.StandardEngine.startInternal Starting Servlet engine: [Apache Tomcat/9.0.38]
14-Nov-2024 17:37:53.810 INFO [main] org.apache.catalina.startup.HostConfig.deployDescriptor Deploying deployment descriptor [C:\Users\NEW\IdeaProjects\metro-application\conf\Catalina\localhost\metro-application.xml]
14-Nov-2024 17:38:00.821 INFO [main] org.apache.jasper.servlet.TldScanner.scanJars At least one JAR was scanned for TLDs yet contained no TLDs. Enable debug logging for this logger for a complete list of JARs that were scanned but no TLDs were found in them. Skipping unneeded JARs during scanning can improve startup time and JSP compilation time.
14-Nov-2024 17:38:14.228 INFO [main] org.apache.catalina.startup.HostConfig.deployDescriptor Deployment of deployment descriptor [C:\Users\NEW\IdeaProjects\metro-application\conf\Catalina\localhost\metro-application.xml] has finished in [20,416] ms
14-Nov-2024 17:38:14.233 INFO [main] org.apache.coyote.AbstractProtocol.start Starting ProtocolHandler ["http-nio-8083"]
14-Nov-2024 17:38:14.243 INFO [main] org.apache.catalina.startup.Catalina.start Server startup in [20496] milliseconds
14-Nov-2024 17:39:54.311 INFO [Thread-5] org.apache.coyote.AbstractProtocol.pause Pausing ProtocolHandler ["http-nio-8083"]
14-Nov-2024 17:39:54.553 INFO [Thread-5] org.apache.catalina.core.StandardService.stopInternal Stopping service [Catalina]
14-Nov-2024 17:39:54.592 WARNING [Thread-5] org.apache.catalina.loader.WebappClassLoaderBase.clearReferencesJdbc The web application [metro-application] registered the JDBC driver [com.mysql.cj.jdbc.Driver] but failed to unregister it when the web application was stopped. To prevent a memory leak, the JDBC Driver has been forcibly unregistered.
14-Nov-2024 17:39:54.593 WARNING [Thread-5] org.apache.catalina.loader.WebappClassLoaderBase.clearReferencesThreads The web application [metro-application] appears to have started a thread named [mysql-cj-abandoned-connection-cleanup] but has failed to stop it. This is very likely to create a memory leak. Stack trace of thread:
 java.lang.Object.wait(Native Method)
 java.lang.ref.ReferenceQueue.remove(ReferenceQueue.java:144)
 com.mysql.cj.jdbc.AbandonedConnectionCleanupThread.run(AbandonedConnectionCleanupThread.java:91)
 java.util.concurrent.ThreadPoolExecutor.runWorker(ThreadPoolExecutor.java:1149)
 java.util.concurrent.ThreadPoolExecutor$Worker.run(ThreadPoolExecutor.java:624)
 java.lang.Thread.run(Thread.java:748)
14-Nov-2024 17:39:54.602 INFO [Thread-5] org.apache.coyote.AbstractProtocol.stop Stopping ProtocolHandler ["http-nio-8083"]
14-Nov-2024 17:39:54.671 INFO [Thread-5] org.apache.coyote.AbstractProtocol.destroy Destroying ProtocolHandler ["http-nio-8083"]
