17-Nov-2024 12:49:46.338 INFO [main] org.apache.catalina.startup.VersionLoggerListener.log Server version name:   Apache Tomcat/9.0.38
17-Nov-2024 12:49:46.341 INFO [main] org.apache.catalina.startup.VersionLoggerListener.log Server built:          Sep 10 2020 08:20:30 UTC
17-Nov-2024 12:49:46.342 INFO [main] org.apache.catalina.startup.VersionLoggerListener.log Server version number: 9.0.38.0
17-Nov-2024 12:49:46.342 INFO [main] org.apache.catalina.startup.VersionLoggerListener.log OS Name:               Windows 10
17-Nov-2024 12:49:46.342 INFO [main] org.apache.catalina.startup.VersionLoggerListener.log OS Version:            10.0
17-Nov-2024 12:49:46.342 INFO [main] org.apache.catalina.startup.VersionLoggerListener.log Architecture:          amd64
17-Nov-2024 12:49:46.343 INFO [main] org.apache.catalina.startup.VersionLoggerListener.log Java Home:             C:\Program Files\Java\jdk1.8.0_261\jre
17-Nov-2024 12:49:46.343 INFO [main] org.apache.catalina.startup.VersionLoggerListener.log JVM Version:           1.8.0_261-b12
17-Nov-2024 12:49:46.343 INFO [main] org.apache.catalina.startup.VersionLoggerListener.log JVM Vendor:            Oracle Corporation
17-Nov-2024 12:49:46.343 INFO [main] org.apache.catalina.startup.VersionLoggerListener.log CATALINA_BASE:         C:\Users\NEW\IdeaProjects\metro-application
17-Nov-2024 12:49:46.343 INFO [main] org.apache.catalina.startup.VersionLoggerListener.log CATALINA_HOME:         D:\Program Files\apache-tomcat-9.0.38
17-Nov-2024 12:49:46.346 INFO [main] org.apache.catalina.startup.VersionLoggerListener.log Command line argument: -Dcatalina.home=D:\Program Files\apache-tomcat-9.0.38
17-Nov-2024 12:49:46.346 INFO [main] org.apache.catalina.startup.VersionLoggerListener.log Command line argument: -Dcatalina.base=C:\Users\NEW\IdeaProjects\metro-application
17-Nov-2024 12:49:46.347 INFO [main] org.apache.catalina.startup.VersionLoggerListener.log Command line argument: -Djava.io.tmpdir=C:\Users\NEW\IdeaProjects\metro-application\temp
17-Nov-2024 12:49:46.347 INFO [main] org.apache.catalina.startup.VersionLoggerListener.log Command line argument: -Djava.util.logging.config.file=C:\Users\NEW\IdeaProjects\metro-application\conf\logging.properties
17-Nov-2024 12:49:46.347 INFO [main] org.apache.catalina.startup.VersionLoggerListener.log Command line argument: -Djava.util.logging.manager=org.apache.juli.ClassLoaderLogManager
17-Nov-2024 12:49:46.347 INFO [main] org.apache.catalina.startup.VersionLoggerListener.log Command line argument: -javaagent:C:\Program Files\JetBrains\IntelliJ IDEA Community Edition 2023.3.6\lib\idea_rt.jar=49692:C:\Program Files\JetBrains\IntelliJ IDEA Community Edition 2023.3.6\bin
17-Nov-2024 12:49:46.347 INFO [main] org.apache.catalina.startup.VersionLoggerListener.log Command line argument: -Dfile.encoding=UTF-8
17-Nov-2024 12:49:46.826 INFO [main] org.apache.catalina.core.AprLifecycleListener.lifecycleEvent Loaded Apache Tomcat Native library [1.2.25] using APR version [1.7.0].
17-Nov-2024 12:49:46.827 INFO [main] org.apache.catalina.core.AprLifecycleListener.lifecycleEvent APR capabilities: IPv6 [true], sendfile [true], accept filters [false], random [true].
17-Nov-2024 12:49:46.827 INFO [main] org.apache.catalina.core.AprLifecycleListener.lifecycleEvent APR/OpenSSL configuration: useAprConnector [false], useOpenSSL [true]
17-Nov-2024 12:49:46.971 INFO [main] org.apache.catalina.core.AprLifecycleListener.initializeSSL OpenSSL successfully initialized [OpenSSL 1.1.1g  21 Apr 2020]
17-Nov-2024 12:49:48.613 INFO [main] org.apache.coyote.AbstractProtocol.init Initializing ProtocolHandler ["http-nio-8083"]
17-Nov-2024 12:49:48.884 INFO [main] org.apache.catalina.startup.Catalina.load Server initialization in [3709] milliseconds
17-Nov-2024 12:49:49.341 INFO [main] org.apache.catalina.core.StandardService.startInternal Starting service [Catalina]
17-Nov-2024 12:49:49.342 INFO [main] org.apache.catalina.core.StandardEngine.startInternal Starting Servlet engine: [Apache Tomcat/9.0.38]
17-Nov-2024 12:49:49.456 INFO [main] org.apache.catalina.startup.HostConfig.deployDescriptor Deploying deployment descriptor [C:\Users\NEW\IdeaProjects\metro-application\conf\Catalina\localhost\metro-application.xml]
17-Nov-2024 12:50:27.376 INFO [main] org.apache.jasper.servlet.TldScanner.scanJars At least one JAR was scanned for TLDs yet contained no TLDs. Enable debug logging for this logger for a complete list of JARs that were scanned but no TLDs were found in them. Skipping unneeded JARs during scanning can improve startup time and JSP compilation time.
17-Nov-2024 12:51:21.745 INFO [main] org.apache.catalina.startup.HostConfig.deployDescriptor Deployment of deployment descriptor [C:\Users\NEW\IdeaProjects\metro-application\conf\Catalina\localhost\metro-application.xml] has finished in [92,288] ms
17-Nov-2024 12:51:21.751 INFO [main] org.apache.coyote.AbstractProtocol.start Starting ProtocolHandler ["http-nio-8083"]
17-Nov-2024 12:51:22.100 INFO [main] org.apache.catalina.startup.Catalina.start Server startup in [93215] milliseconds
17-Nov-2024 17:51:46.020 INFO [Thread-5] org.apache.coyote.AbstractProtocol.pause Pausing ProtocolHandler ["http-nio-8083"]
17-Nov-2024 17:51:46.435 INFO [Thread-5] org.apache.catalina.core.StandardService.stopInternal Stopping service [Catalina]
17-Nov-2024 17:51:46.676 WARNING [Thread-5] org.apache.catalina.loader.WebappClassLoaderBase.clearReferencesJdbc The web application [metro-application] registered the JDBC driver [com.mysql.cj.jdbc.Driver] but failed to unregister it when the web application was stopped. To prevent a memory leak, the JDBC Driver has been forcibly unregistered.
17-Nov-2024 17:51:46.677 WARNING [Thread-5] org.apache.catalina.loader.WebappClassLoaderBase.clearReferencesThreads The web application [metro-application] appears to have started a thread named [mysql-cj-abandoned-connection-cleanup] but has failed to stop it. This is very likely to create a memory leak. Stack trace of thread:
 java.lang.Object.wait(Native Method)
 java.lang.ref.ReferenceQueue.remove(ReferenceQueue.java:144)
 com.mysql.cj.jdbc.AbandonedConnectionCleanupThread.run(AbandonedConnectionCleanupThread.java:91)
 java.util.concurrent.ThreadPoolExecutor.runWorker(ThreadPoolExecutor.java:1149)
 java.util.concurrent.ThreadPoolExecutor$Worker.run(ThreadPoolExecutor.java:624)
 java.lang.Thread.run(Thread.java:748)
17-Nov-2024 17:51:46.705 INFO [Thread-5] org.apache.coyote.AbstractProtocol.stop Stopping ProtocolHandler ["http-nio-8083"]
17-Nov-2024 17:51:46.711 INFO [mysql-cj-abandoned-connection-cleanup] org.apache.catalina.loader.WebappClassLoaderBase.checkStateForResourceLoading Illegal access: this web application instance has been stopped already. Could not load []. The following stack trace is thrown for debugging purposes as well as to attempt to terminate the thread which caused the illegal access.
	java.lang.IllegalStateException: Illegal access: this web application instance has been stopped already. Could not load []. The following stack trace is thrown for debugging purposes as well as to attempt to terminate the thread which caused the illegal access.
		at org.apache.catalina.loader.WebappClassLoaderBase.checkStateForResourceLoading(WebappClassLoaderBase.java:1385)
		at org.apache.catalina.loader.WebappClassLoaderBase.getResource(WebappClassLoaderBase.java:1038)
		at com.mysql.cj.jdbc.AbandonedConnectionCleanupThread.checkThreadContextClassLoader(AbandonedConnectionCleanupThread.java:123)
		at com.mysql.cj.jdbc.AbandonedConnectionCleanupThread.run(AbandonedConnectionCleanupThread.java:90)
		at java.util.concurrent.ThreadPoolExecutor.runWorker(ThreadPoolExecutor.java:1149)
		at java.util.concurrent.ThreadPoolExecutor$Worker.run(ThreadPoolExecutor.java:624)
		at java.lang.Thread.run(Thread.java:748)
17-Nov-2024 17:51:46.731 INFO [Thread-5] org.apache.coyote.AbstractProtocol.destroy Destroying ProtocolHandler ["http-nio-8083"]
17-Nov-2024 17:52:11.539 INFO [main] org.apache.catalina.startup.VersionLoggerListener.log Server version name:   Apache Tomcat/9.0.38
17-Nov-2024 17:52:11.543 INFO [main] org.apache.catalina.startup.VersionLoggerListener.log Server built:          Sep 10 2020 08:20:30 UTC
17-Nov-2024 17:52:11.543 INFO [main] org.apache.catalina.startup.VersionLoggerListener.log Server version number: 9.0.38.0
17-Nov-2024 17:52:11.543 INFO [main] org.apache.catalina.startup.VersionLoggerListener.log OS Name:               Windows 10
17-Nov-2024 17:52:11.543 INFO [main] org.apache.catalina.startup.VersionLoggerListener.log OS Version:            10.0
17-Nov-2024 17:52:11.544 INFO [main] org.apache.catalina.startup.VersionLoggerListener.log Architecture:          amd64
17-Nov-2024 17:52:11.544 INFO [main] org.apache.catalina.startup.VersionLoggerListener.log Java Home:             C:\Program Files\Java\jdk1.8.0_261\jre
17-Nov-2024 17:52:11.544 INFO [main] org.apache.catalina.startup.VersionLoggerListener.log JVM Version:           1.8.0_261-b12
17-Nov-2024 17:52:11.544 INFO [main] org.apache.catalina.startup.VersionLoggerListener.log JVM Vendor:            Oracle Corporation
17-Nov-2024 17:52:11.544 INFO [main] org.apache.catalina.startup.VersionLoggerListener.log CATALINA_BASE:         C:\Users\NEW\IdeaProjects\metro-application
17-Nov-2024 17:52:11.544 INFO [main] org.apache.catalina.startup.VersionLoggerListener.log CATALINA_HOME:         D:\Program Files\apache-tomcat-9.0.38
17-Nov-2024 17:52:11.547 INFO [main] org.apache.catalina.startup.VersionLoggerListener.log Command line argument: -Dcatalina.home=D:\Program Files\apache-tomcat-9.0.38
17-Nov-2024 17:52:11.547 INFO [main] org.apache.catalina.startup.VersionLoggerListener.log Command line argument: -Dcatalina.base=C:\Users\NEW\IdeaProjects\metro-application
17-Nov-2024 17:52:11.547 INFO [main] org.apache.catalina.startup.VersionLoggerListener.log Command line argument: -Djava.io.tmpdir=C:\Users\NEW\IdeaProjects\metro-application\temp
17-Nov-2024 17:52:11.547 INFO [main] org.apache.catalina.startup.VersionLoggerListener.log Command line argument: -Djava.util.logging.config.file=C:\Users\NEW\IdeaProjects\metro-application\conf\logging.properties
17-Nov-2024 17:52:11.548 INFO [main] org.apache.catalina.startup.VersionLoggerListener.log Command line argument: -Djava.util.logging.manager=org.apache.juli.ClassLoaderLogManager
17-Nov-2024 17:52:11.548 INFO [main] org.apache.catalina.startup.VersionLoggerListener.log Command line argument: -javaagent:C:\Program Files\JetBrains\IntelliJ IDEA Community Edition 2023.3.6\lib\idea_rt.jar=49966:C:\Program Files\JetBrains\IntelliJ IDEA Community Edition 2023.3.6\bin
17-Nov-2024 17:52:11.548 INFO [main] org.apache.catalina.startup.VersionLoggerListener.log Command line argument: -Dfile.encoding=UTF-8
17-Nov-2024 17:52:11.604 INFO [main] org.apache.catalina.core.AprLifecycleListener.lifecycleEvent Loaded Apache Tomcat Native library [1.2.25] using APR version [1.7.0].
17-Nov-2024 17:52:11.605 INFO [main] org.apache.catalina.core.AprLifecycleListener.lifecycleEvent APR capabilities: IPv6 [true], sendfile [true], accept filters [false], random [true].
17-Nov-2024 17:52:11.605 INFO [main] org.apache.catalina.core.AprLifecycleListener.lifecycleEvent APR/OpenSSL configuration: useAprConnector [false], useOpenSSL [true]
17-Nov-2024 17:52:11.614 INFO [main] org.apache.catalina.core.AprLifecycleListener.initializeSSL OpenSSL successfully initialized [OpenSSL 1.1.1g  21 Apr 2020]
17-Nov-2024 17:52:12.516 INFO [main] org.apache.coyote.AbstractProtocol.init Initializing ProtocolHandler ["http-nio-8083"]
17-Nov-2024 17:52:12.852 INFO [main] org.apache.catalina.startup.Catalina.load Server initialization in [1619] milliseconds
17-Nov-2024 17:52:13.002 INFO [main] org.apache.catalina.core.StandardService.startInternal Starting service [Catalina]
17-Nov-2024 17:52:13.002 INFO [main] org.apache.catalina.core.StandardEngine.startInternal Starting Servlet engine: [Apache Tomcat/9.0.38]
17-Nov-2024 17:52:13.016 INFO [main] org.apache.catalina.startup.HostConfig.deployDescriptor Deploying deployment descriptor [C:\Users\NEW\IdeaProjects\metro-application\conf\Catalina\localhost\metro-application.xml]
17-Nov-2024 17:52:23.945 INFO [main] org.apache.jasper.servlet.TldScanner.scanJars At least one JAR was scanned for TLDs yet contained no TLDs. Enable debug logging for this logger for a complete list of JARs that were scanned but no TLDs were found in them. Skipping unneeded JARs during scanning can improve startup time and JSP compilation time.
17-Nov-2024 17:53:07.437 INFO [main] org.apache.catalina.startup.HostConfig.deployDescriptor Deployment of deployment descriptor [C:\Users\NEW\IdeaProjects\metro-application\conf\Catalina\localhost\metro-application.xml] has finished in [54,421] ms
17-Nov-2024 17:53:07.441 INFO [main] org.apache.coyote.AbstractProtocol.start Starting ProtocolHandler ["http-nio-8083"]
17-Nov-2024 17:53:07.452 INFO [main] org.apache.catalina.startup.Catalina.start Server startup in [54600] milliseconds
17-Nov-2024 22:09:40.414 INFO [Thread-5] org.apache.coyote.AbstractProtocol.pause Pausing ProtocolHandler ["http-nio-8083"]
17-Nov-2024 22:09:40.964 INFO [Thread-5] org.apache.catalina.core.StandardService.stopInternal Stopping service [Catalina]
17-Nov-2024 22:09:41.073 WARNING [Thread-5] org.apache.catalina.loader.WebappClassLoaderBase.clearReferencesJdbc The web application [metro-application] registered the JDBC driver [com.mysql.cj.jdbc.Driver] but failed to unregister it when the web application was stopped. To prevent a memory leak, the JDBC Driver has been forcibly unregistered.
17-Nov-2024 22:09:41.075 WARNING [Thread-5] org.apache.catalina.loader.WebappClassLoaderBase.clearReferencesThreads The web application [metro-application] appears to have started a thread named [mysql-cj-abandoned-connection-cleanup] but has failed to stop it. This is very likely to create a memory leak. Stack trace of thread:
 java.lang.Object.wait(Native Method)
 java.lang.ref.ReferenceQueue.remove(ReferenceQueue.java:144)
 com.mysql.cj.jdbc.AbandonedConnectionCleanupThread.run(AbandonedConnectionCleanupThread.java:91)
 java.util.concurrent.ThreadPoolExecutor.runWorker(ThreadPoolExecutor.java:1149)
 java.util.concurrent.ThreadPoolExecutor$Worker.run(ThreadPoolExecutor.java:624)
 java.lang.Thread.run(Thread.java:748)
17-Nov-2024 22:09:41.230 INFO [Thread-5] org.apache.coyote.AbstractProtocol.stop Stopping ProtocolHandler ["http-nio-8083"]
17-Nov-2024 22:09:41.271 INFO [Thread-5] org.apache.coyote.AbstractProtocol.destroy Destroying ProtocolHandler ["http-nio-8083"]
