26-Nov-2024 00:00:01.167 INFO [Thread-5] org.apache.coyote.AbstractProtocol.pause Pausing ProtocolHandler ["http-nio-8083"]
26-Nov-2024 00:00:01.534 INFO [Thread-5] org.apache.catalina.core.StandardService.stopInternal Stopping service [Catalina]
26-Nov-2024 00:00:01.669 WARNING [Thread-5] org.apache.catalina.loader.WebappClassLoaderBase.clearReferencesJdbc The web application [metro-application] registered the JDBC driver [com.mysql.cj.jdbc.Driver] but failed to unregister it when the web application was stopped. To prevent a memory leak, the JDBC Driver has been forcibly unregistered.
26-Nov-2024 00:00:01.671 WARNING [Thread-5] org.apache.catalina.loader.WebappClassLoaderBase.clearReferencesThreads The web application [metro-application] appears to have started a thread named [mysql-cj-abandoned-connection-cleanup] but has failed to stop it. This is very likely to create a memory leak. Stack trace of thread:
 java.lang.Object.wait(Native Method)
 java.lang.ref.ReferenceQueue.remove(ReferenceQueue.java:144)
 com.mysql.cj.jdbc.AbandonedConnectionCleanupThread.run(AbandonedConnectionCleanupThread.java:91)
 java.util.concurrent.ThreadPoolExecutor.runWorker(ThreadPoolExecutor.java:1149)
 java.util.concurrent.ThreadPoolExecutor$Worker.run(ThreadPoolExecutor.java:624)
 java.lang.Thread.run(Thread.java:748)
26-Nov-2024 00:00:01.746 INFO [Thread-5] org.apache.coyote.AbstractProtocol.stop Stopping ProtocolHandler ["http-nio-8083"]
26-Nov-2024 00:00:01.776 INFO [Thread-5] org.apache.coyote.AbstractProtocol.destroy Destroying ProtocolHandler ["http-nio-8083"]
26-Nov-2024 20:54:28.151 INFO [main] org.apache.catalina.startup.VersionLoggerListener.log Server version name:   Apache Tomcat/9.0.38
26-Nov-2024 20:54:28.153 INFO [main] org.apache.catalina.startup.VersionLoggerListener.log Server built:          Sep 10 2020 08:20:30 UTC
26-Nov-2024 20:54:28.154 INFO [main] org.apache.catalina.startup.VersionLoggerListener.log Server version number: 9.0.38.0
26-Nov-2024 20:54:28.154 INFO [main] org.apache.catalina.startup.VersionLoggerListener.log OS Name:               Windows 10
26-Nov-2024 20:54:28.154 INFO [main] org.apache.catalina.startup.VersionLoggerListener.log OS Version:            10.0
26-Nov-2024 20:54:28.154 INFO [main] org.apache.catalina.startup.VersionLoggerListener.log Architecture:          amd64
26-Nov-2024 20:54:28.154 INFO [main] org.apache.catalina.startup.VersionLoggerListener.log Java Home:             C:\Program Files\Java\jdk1.8.0_261\jre
26-Nov-2024 20:54:28.154 INFO [main] org.apache.catalina.startup.VersionLoggerListener.log JVM Version:           1.8.0_261-b12
26-Nov-2024 20:54:28.154 INFO [main] org.apache.catalina.startup.VersionLoggerListener.log JVM Vendor:            Oracle Corporation
26-Nov-2024 20:54:28.154 INFO [main] org.apache.catalina.startup.VersionLoggerListener.log CATALINA_BASE:         C:\Users\NEW\IdeaProjects\metro-application
26-Nov-2024 20:54:28.154 INFO [main] org.apache.catalina.startup.VersionLoggerListener.log CATALINA_HOME:         D:\Program Files\apache-tomcat-9.0.38
26-Nov-2024 20:54:28.156 INFO [main] org.apache.catalina.startup.VersionLoggerListener.log Command line argument: -Dcatalina.home=D:\Program Files\apache-tomcat-9.0.38
26-Nov-2024 20:54:28.157 INFO [main] org.apache.catalina.startup.VersionLoggerListener.log Command line argument: -Dcatalina.base=C:\Users\NEW\IdeaProjects\metro-application
26-Nov-2024 20:54:28.157 INFO [main] org.apache.catalina.startup.VersionLoggerListener.log Command line argument: -Djava.io.tmpdir=C:\Users\NEW\IdeaProjects\metro-application\temp
26-Nov-2024 20:54:28.157 INFO [main] org.apache.catalina.startup.VersionLoggerListener.log Command line argument: -Djava.util.logging.config.file=C:\Users\NEW\IdeaProjects\metro-application\conf\logging.properties
26-Nov-2024 20:54:28.157 INFO [main] org.apache.catalina.startup.VersionLoggerListener.log Command line argument: -Djava.util.logging.manager=org.apache.juli.ClassLoaderLogManager
26-Nov-2024 20:54:28.157 INFO [main] org.apache.catalina.startup.VersionLoggerListener.log Command line argument: -javaagent:C:\Program Files\JetBrains\IntelliJ IDEA Community Edition 2023.3.6\lib\idea_rt.jar=49777:C:\Program Files\JetBrains\IntelliJ IDEA Community Edition 2023.3.6\bin
26-Nov-2024 20:54:28.157 INFO [main] org.apache.catalina.startup.VersionLoggerListener.log Command line argument: -Dfile.encoding=UTF-8
26-Nov-2024 20:54:28.333 INFO [main] org.apache.catalina.core.AprLifecycleListener.lifecycleEvent Loaded Apache Tomcat Native library [1.2.25] using APR version [1.7.0].
26-Nov-2024 20:54:28.333 INFO [main] org.apache.catalina.core.AprLifecycleListener.lifecycleEvent APR capabilities: IPv6 [true], sendfile [true], accept filters [false], random [true].
26-Nov-2024 20:54:28.333 INFO [main] org.apache.catalina.core.AprLifecycleListener.lifecycleEvent APR/OpenSSL configuration: useAprConnector [false], useOpenSSL [true]
26-Nov-2024 20:54:28.378 INFO [main] org.apache.catalina.core.AprLifecycleListener.initializeSSL OpenSSL successfully initialized [OpenSSL 1.1.1g  21 Apr 2020]
26-Nov-2024 20:54:28.885 INFO [main] org.apache.coyote.AbstractProtocol.init Initializing ProtocolHandler ["http-nio-8083"]
26-Nov-2024 20:54:29.127 INFO [main] org.apache.catalina.startup.Catalina.load Server initialization in [1245] milliseconds
26-Nov-2024 20:54:29.163 INFO [main] org.apache.catalina.core.StandardService.startInternal Starting service [Catalina]
26-Nov-2024 20:54:29.163 INFO [main] org.apache.catalina.core.StandardEngine.startInternal Starting Servlet engine: [Apache Tomcat/9.0.38]
26-Nov-2024 20:54:29.178 INFO [main] org.apache.catalina.startup.HostConfig.deployDescriptor Deploying deployment descriptor [C:\Users\NEW\IdeaProjects\metro-application\conf\Catalina\localhost\metro-application.xml]
26-Nov-2024 20:54:34.872 INFO [main] org.apache.jasper.servlet.TldScanner.scanJars At least one JAR was scanned for TLDs yet contained no TLDs. Enable debug logging for this logger for a complete list of JARs that were scanned but no TLDs were found in them. Skipping unneeded JARs during scanning can improve startup time and JSP compilation time.
26-Nov-2024 20:54:46.099 INFO [main] org.apache.catalina.startup.HostConfig.deployDescriptor Deployment of deployment descriptor [C:\Users\NEW\IdeaProjects\metro-application\conf\Catalina\localhost\metro-application.xml] has finished in [16,920] ms
26-Nov-2024 20:54:46.104 INFO [main] org.apache.coyote.AbstractProtocol.start Starting ProtocolHandler ["http-nio-8083"]
26-Nov-2024 20:54:46.115 INFO [main] org.apache.catalina.startup.Catalina.start Server startup in [16986] milliseconds
26-Nov-2024 20:56:35.921 INFO [Thread-5] org.apache.coyote.AbstractProtocol.pause Pausing ProtocolHandler ["http-nio-8083"]
26-Nov-2024 20:56:36.121 INFO [Thread-5] org.apache.catalina.core.StandardService.stopInternal Stopping service [Catalina]
26-Nov-2024 20:56:36.196 WARNING [Thread-5] org.apache.catalina.loader.WebappClassLoaderBase.clearReferencesJdbc The web application [metro-application] registered the JDBC driver [com.mysql.cj.jdbc.Driver] but failed to unregister it when the web application was stopped. To prevent a memory leak, the JDBC Driver has been forcibly unregistered.
26-Nov-2024 20:56:36.197 WARNING [Thread-5] org.apache.catalina.loader.WebappClassLoaderBase.clearReferencesThreads The web application [metro-application] appears to have started a thread named [mysql-cj-abandoned-connection-cleanup] but has failed to stop it. This is very likely to create a memory leak. Stack trace of thread:
 java.lang.Object.wait(Native Method)
 java.lang.ref.ReferenceQueue.remove(ReferenceQueue.java:144)
 com.mysql.cj.jdbc.AbandonedConnectionCleanupThread.run(AbandonedConnectionCleanupThread.java:91)
 java.util.concurrent.ThreadPoolExecutor.runWorker(ThreadPoolExecutor.java:1149)
 java.util.concurrent.ThreadPoolExecutor$Worker.run(ThreadPoolExecutor.java:624)
 java.lang.Thread.run(Thread.java:748)
26-Nov-2024 20:56:36.214 INFO [Thread-5] org.apache.coyote.AbstractProtocol.stop Stopping ProtocolHandler ["http-nio-8083"]
26-Nov-2024 20:56:36.229 INFO [Thread-5] org.apache.coyote.AbstractProtocol.destroy Destroying ProtocolHandler ["http-nio-8083"]
26-Nov-2024 20:56:44.365 INFO [main] org.apache.catalina.startup.VersionLoggerListener.log Server version name:   Apache Tomcat/9.0.38
26-Nov-2024 20:56:44.381 INFO [main] org.apache.catalina.startup.VersionLoggerListener.log Server built:          Sep 10 2020 08:20:30 UTC
26-Nov-2024 20:56:44.381 INFO [main] org.apache.catalina.startup.VersionLoggerListener.log Server version number: 9.0.38.0
26-Nov-2024 20:56:44.381 INFO [main] org.apache.catalina.startup.VersionLoggerListener.log OS Name:               Windows 10
26-Nov-2024 20:56:44.381 INFO [main] org.apache.catalina.startup.VersionLoggerListener.log OS Version:            10.0
26-Nov-2024 20:56:44.382 INFO [main] org.apache.catalina.startup.VersionLoggerListener.log Architecture:          amd64
26-Nov-2024 20:56:44.382 INFO [main] org.apache.catalina.startup.VersionLoggerListener.log Java Home:             C:\Program Files\Java\jdk1.8.0_261\jre
26-Nov-2024 20:56:44.382 INFO [main] org.apache.catalina.startup.VersionLoggerListener.log JVM Version:           1.8.0_261-b12
26-Nov-2024 20:56:44.382 INFO [main] org.apache.catalina.startup.VersionLoggerListener.log JVM Vendor:            Oracle Corporation
26-Nov-2024 20:56:44.382 INFO [main] org.apache.catalina.startup.VersionLoggerListener.log CATALINA_BASE:         C:\Users\NEW\IdeaProjects\metro-application
26-Nov-2024 20:56:44.382 INFO [main] org.apache.catalina.startup.VersionLoggerListener.log CATALINA_HOME:         D:\Program Files\apache-tomcat-9.0.38
26-Nov-2024 20:56:44.388 INFO [main] org.apache.catalina.startup.VersionLoggerListener.log Command line argument: -Dcatalina.home=D:\Program Files\apache-tomcat-9.0.38
26-Nov-2024 20:56:44.388 INFO [main] org.apache.catalina.startup.VersionLoggerListener.log Command line argument: -Dcatalina.base=C:\Users\NEW\IdeaProjects\metro-application
26-Nov-2024 20:56:44.388 INFO [main] org.apache.catalina.startup.VersionLoggerListener.log Command line argument: -Djava.io.tmpdir=C:\Users\NEW\IdeaProjects\metro-application\temp
26-Nov-2024 20:56:44.388 INFO [main] org.apache.catalina.startup.VersionLoggerListener.log Command line argument: -Djava.util.logging.config.file=C:\Users\NEW\IdeaProjects\metro-application\conf\logging.properties
26-Nov-2024 20:56:44.388 INFO [main] org.apache.catalina.startup.VersionLoggerListener.log Command line argument: -Djava.util.logging.manager=org.apache.juli.ClassLoaderLogManager
26-Nov-2024 20:56:44.388 INFO [main] org.apache.catalina.startup.VersionLoggerListener.log Command line argument: -javaagent:C:\Program Files\JetBrains\IntelliJ IDEA Community Edition 2023.3.6\lib\idea_rt.jar=49917:C:\Program Files\JetBrains\IntelliJ IDEA Community Edition 2023.3.6\bin
26-Nov-2024 20:56:44.388 INFO [main] org.apache.catalina.startup.VersionLoggerListener.log Command line argument: -Dfile.encoding=UTF-8
26-Nov-2024 20:56:44.394 INFO [main] org.apache.catalina.core.AprLifecycleListener.lifecycleEvent Loaded Apache Tomcat Native library [1.2.25] using APR version [1.7.0].
26-Nov-2024 20:56:44.394 INFO [main] org.apache.catalina.core.AprLifecycleListener.lifecycleEvent APR capabilities: IPv6 [true], sendfile [true], accept filters [false], random [true].
26-Nov-2024 20:56:44.394 INFO [main] org.apache.catalina.core.AprLifecycleListener.lifecycleEvent APR/OpenSSL configuration: useAprConnector [false], useOpenSSL [true]
26-Nov-2024 20:56:44.401 INFO [main] org.apache.catalina.core.AprLifecycleListener.initializeSSL OpenSSL successfully initialized [OpenSSL 1.1.1g  21 Apr 2020]
26-Nov-2024 20:56:45.188 INFO [main] org.apache.coyote.AbstractProtocol.init Initializing ProtocolHandler ["http-nio-8083"]
26-Nov-2024 20:56:45.505 INFO [main] org.apache.catalina.startup.Catalina.load Server initialization in [2385] milliseconds
26-Nov-2024 20:56:45.554 INFO [main] org.apache.catalina.core.StandardService.startInternal Starting service [Catalina]
26-Nov-2024 20:56:45.554 INFO [main] org.apache.catalina.core.StandardEngine.startInternal Starting Servlet engine: [Apache Tomcat/9.0.38]
26-Nov-2024 20:56:45.568 INFO [main] org.apache.catalina.startup.HostConfig.deployDescriptor Deploying deployment descriptor [C:\Users\NEW\IdeaProjects\metro-application\conf\Catalina\localhost\metro-application.xml]
26-Nov-2024 20:56:51.742 INFO [main] org.apache.jasper.servlet.TldScanner.scanJars At least one JAR was scanned for TLDs yet contained no TLDs. Enable debug logging for this logger for a complete list of JARs that were scanned but no TLDs were found in them. Skipping unneeded JARs during scanning can improve startup time and JSP compilation time.
26-Nov-2024 20:57:03.215 INFO [main] org.apache.catalina.startup.HostConfig.deployDescriptor Deployment of deployment descriptor [C:\Users\NEW\IdeaProjects\metro-application\conf\Catalina\localhost\metro-application.xml] has finished in [17,646] ms
26-Nov-2024 20:57:03.220 INFO [main] org.apache.coyote.AbstractProtocol.start Starting ProtocolHandler ["http-nio-8083"]
26-Nov-2024 20:57:03.231 INFO [main] org.apache.catalina.startup.Catalina.start Server startup in [17726] milliseconds
26-Nov-2024 22:20:18.382 INFO [Thread-5] org.apache.coyote.AbstractProtocol.pause Pausing ProtocolHandler ["http-nio-8083"]
26-Nov-2024 22:20:18.769 INFO [Thread-5] org.apache.catalina.core.StandardService.stopInternal Stopping service [Catalina]
26-Nov-2024 22:20:19.527 WARNING [Thread-5] org.apache.catalina.loader.WebappClassLoaderBase.clearReferencesJdbc The web application [metro-application] registered the JDBC driver [com.mysql.cj.jdbc.Driver] but failed to unregister it when the web application was stopped. To prevent a memory leak, the JDBC Driver has been forcibly unregistered.
26-Nov-2024 22:20:19.540 WARNING [Thread-5] org.apache.catalina.loader.WebappClassLoaderBase.clearReferencesThreads The web application [metro-application] appears to have started a thread named [mysql-cj-abandoned-connection-cleanup] but has failed to stop it. This is very likely to create a memory leak. Stack trace of thread:
 java.lang.Object.wait(Native Method)
 java.lang.ref.ReferenceQueue.remove(ReferenceQueue.java:144)
 com.mysql.cj.jdbc.AbandonedConnectionCleanupThread.run(AbandonedConnectionCleanupThread.java:91)
 java.util.concurrent.ThreadPoolExecutor.runWorker(ThreadPoolExecutor.java:1149)
 java.util.concurrent.ThreadPoolExecutor$Worker.run(ThreadPoolExecutor.java:624)
 java.lang.Thread.run(Thread.java:748)
26-Nov-2024 22:20:19.825 INFO [Thread-5] org.apache.coyote.AbstractProtocol.stop Stopping ProtocolHandler ["http-nio-8083"]
26-Nov-2024 22:20:19.876 INFO [Thread-5] org.apache.coyote.AbstractProtocol.destroy Destroying ProtocolHandler ["http-nio-8083"]
26-Nov-2024 22:21:17.494 INFO [main] org.apache.catalina.startup.VersionLoggerListener.log Server version name:   Apache Tomcat/9.0.38
26-Nov-2024 22:21:17.510 INFO [main] org.apache.catalina.startup.VersionLoggerListener.log Server built:          Sep 10 2020 08:20:30 UTC
26-Nov-2024 22:21:17.510 INFO [main] org.apache.catalina.startup.VersionLoggerListener.log Server version number: 9.0.38.0
26-Nov-2024 22:21:17.513 INFO [main] org.apache.catalina.startup.VersionLoggerListener.log OS Name:               Windows 10
26-Nov-2024 22:21:17.513 INFO [main] org.apache.catalina.startup.VersionLoggerListener.log OS Version:            10.0
26-Nov-2024 22:21:17.514 INFO [main] org.apache.catalina.startup.VersionLoggerListener.log Architecture:          amd64
26-Nov-2024 22:21:17.514 INFO [main] org.apache.catalina.startup.VersionLoggerListener.log Java Home:             C:\Program Files\Java\jdk1.8.0_261\jre
26-Nov-2024 22:21:17.514 INFO [main] org.apache.catalina.startup.VersionLoggerListener.log JVM Version:           1.8.0_261-b12
26-Nov-2024 22:21:17.515 INFO [main] org.apache.catalina.startup.VersionLoggerListener.log JVM Vendor:            Oracle Corporation
26-Nov-2024 22:21:17.516 INFO [main] org.apache.catalina.startup.VersionLoggerListener.log CATALINA_BASE:         C:\Users\NEW\IdeaProjects\metro-application
26-Nov-2024 22:21:17.517 INFO [main] org.apache.catalina.startup.VersionLoggerListener.log CATALINA_HOME:         D:\Program Files\apache-tomcat-9.0.38
26-Nov-2024 22:21:17.634 INFO [main] org.apache.catalina.startup.VersionLoggerListener.log Command line argument: -Dcatalina.home=D:\Program Files\apache-tomcat-9.0.38
26-Nov-2024 22:21:17.635 INFO [main] org.apache.catalina.startup.VersionLoggerListener.log Command line argument: -Dcatalina.base=C:\Users\NEW\IdeaProjects\metro-application
26-Nov-2024 22:21:17.635 INFO [main] org.apache.catalina.startup.VersionLoggerListener.log Command line argument: -Djava.io.tmpdir=C:\Users\NEW\IdeaProjects\metro-application\temp
26-Nov-2024 22:21:17.636 INFO [main] org.apache.catalina.startup.VersionLoggerListener.log Command line argument: -Djava.util.logging.config.file=C:\Users\NEW\IdeaProjects\metro-application\conf\logging.properties
26-Nov-2024 22:21:17.636 INFO [main] org.apache.catalina.startup.VersionLoggerListener.log Command line argument: -Djava.util.logging.manager=org.apache.juli.ClassLoaderLogManager
26-Nov-2024 22:21:17.637 INFO [main] org.apache.catalina.startup.VersionLoggerListener.log Command line argument: -javaagent:C:\Program Files\JetBrains\IntelliJ IDEA Community Edition 2023.3.6\lib\idea_rt.jar=50246:C:\Program Files\JetBrains\IntelliJ IDEA Community Edition 2023.3.6\bin
26-Nov-2024 22:21:17.637 INFO [main] org.apache.catalina.startup.VersionLoggerListener.log Command line argument: -Dfile.encoding=UTF-8
26-Nov-2024 22:21:18.108 INFO [main] org.apache.catalina.core.AprLifecycleListener.lifecycleEvent Loaded Apache Tomcat Native library [1.2.25] using APR version [1.7.0].
26-Nov-2024 22:21:18.108 INFO [main] org.apache.catalina.core.AprLifecycleListener.lifecycleEvent APR capabilities: IPv6 [true], sendfile [true], accept filters [false], random [true].
26-Nov-2024 22:21:18.108 INFO [main] org.apache.catalina.core.AprLifecycleListener.lifecycleEvent APR/OpenSSL configuration: useAprConnector [false], useOpenSSL [true]
26-Nov-2024 22:21:18.112 INFO [main] org.apache.catalina.core.AprLifecycleListener.initializeSSL OpenSSL successfully initialized [OpenSSL 1.1.1g  21 Apr 2020]
26-Nov-2024 22:21:20.983 INFO [main] org.apache.coyote.AbstractProtocol.init Initializing ProtocolHandler ["http-nio-8083"]
26-Nov-2024 22:21:21.524 INFO [main] org.apache.catalina.startup.Catalina.load Server initialization in [6268] milliseconds
26-Nov-2024 22:21:21.995 INFO [main] org.apache.catalina.core.StandardService.startInternal Starting service [Catalina]
26-Nov-2024 22:21:21.996 INFO [main] org.apache.catalina.core.StandardEngine.startInternal Starting Servlet engine: [Apache Tomcat/9.0.38]
26-Nov-2024 22:21:22.040 INFO [main] org.apache.catalina.startup.HostConfig.deployDescriptor Deploying deployment descriptor [C:\Users\NEW\IdeaProjects\metro-application\conf\Catalina\localhost\metro-application.xml]
26-Nov-2024 22:21:39.632 INFO [main] org.apache.jasper.servlet.TldScanner.scanJars At least one JAR was scanned for TLDs yet contained no TLDs. Enable debug logging for this logger for a complete list of JARs that were scanned but no TLDs were found in them. Skipping unneeded JARs during scanning can improve startup time and JSP compilation time.
26-Nov-2024 22:22:19.563 INFO [main] org.apache.catalina.startup.HostConfig.deployDescriptor Deployment of deployment descriptor [C:\Users\NEW\IdeaProjects\metro-application\conf\Catalina\localhost\metro-application.xml] has finished in [57,521] ms
26-Nov-2024 22:22:19.567 INFO [main] org.apache.coyote.AbstractProtocol.start Starting ProtocolHandler ["http-nio-8083"]
26-Nov-2024 22:22:19.582 INFO [main] org.apache.catalina.startup.Catalina.start Server startup in [58057] milliseconds
26-Nov-2024 22:40:02.226 INFO [Thread-5] org.apache.coyote.AbstractProtocol.pause Pausing ProtocolHandler ["http-nio-8083"]
26-Nov-2024 22:40:02.489 INFO [Thread-5] org.apache.catalina.core.StandardService.stopInternal Stopping service [Catalina]
26-Nov-2024 22:40:02.536 WARNING [Thread-5] org.apache.catalina.loader.WebappClassLoaderBase.clearReferencesJdbc The web application [metro-application] registered the JDBC driver [com.mysql.cj.jdbc.Driver] but failed to unregister it when the web application was stopped. To prevent a memory leak, the JDBC Driver has been forcibly unregistered.
26-Nov-2024 22:40:02.536 WARNING [Thread-5] org.apache.catalina.loader.WebappClassLoaderBase.clearReferencesThreads The web application [metro-application] appears to have started a thread named [mysql-cj-abandoned-connection-cleanup] but has failed to stop it. This is very likely to create a memory leak. Stack trace of thread:
 java.lang.Object.wait(Native Method)
 java.lang.ref.ReferenceQueue.remove(ReferenceQueue.java:144)
 com.mysql.cj.jdbc.AbandonedConnectionCleanupThread.run(AbandonedConnectionCleanupThread.java:91)
 java.util.concurrent.ThreadPoolExecutor.runWorker(ThreadPoolExecutor.java:1149)
 java.util.concurrent.ThreadPoolExecutor$Worker.run(ThreadPoolExecutor.java:624)
 java.lang.Thread.run(Thread.java:748)
26-Nov-2024 22:40:02.547 INFO [Thread-5] org.apache.coyote.AbstractProtocol.stop Stopping ProtocolHandler ["http-nio-8083"]
26-Nov-2024 22:40:02.599 INFO [Thread-5] org.apache.coyote.AbstractProtocol.destroy Destroying ProtocolHandler ["http-nio-8083"]
26-Nov-2024 22:40:13.052 INFO [main] org.apache.catalina.startup.VersionLoggerListener.log Server version name:   Apache Tomcat/9.0.38
26-Nov-2024 22:40:13.056 INFO [main] org.apache.catalina.startup.VersionLoggerListener.log Server built:          Sep 10 2020 08:20:30 UTC
26-Nov-2024 22:40:13.056 INFO [main] org.apache.catalina.startup.VersionLoggerListener.log Server version number: 9.0.38.0
26-Nov-2024 22:40:13.056 INFO [main] org.apache.catalina.startup.VersionLoggerListener.log OS Name:               Windows 10
26-Nov-2024 22:40:13.057 INFO [main] org.apache.catalina.startup.VersionLoggerListener.log OS Version:            10.0
26-Nov-2024 22:40:13.057 INFO [main] org.apache.catalina.startup.VersionLoggerListener.log Architecture:          amd64
26-Nov-2024 22:40:13.057 INFO [main] org.apache.catalina.startup.VersionLoggerListener.log Java Home:             C:\Program Files\Java\jdk1.8.0_261\jre
26-Nov-2024 22:40:13.057 INFO [main] org.apache.catalina.startup.VersionLoggerListener.log JVM Version:           1.8.0_261-b12
26-Nov-2024 22:40:13.057 INFO [main] org.apache.catalina.startup.VersionLoggerListener.log JVM Vendor:            Oracle Corporation
26-Nov-2024 22:40:13.057 INFO [main] org.apache.catalina.startup.VersionLoggerListener.log CATALINA_BASE:         C:\Users\NEW\IdeaProjects\metro-application
26-Nov-2024 22:40:13.057 INFO [main] org.apache.catalina.startup.VersionLoggerListener.log CATALINA_HOME:         D:\Program Files\apache-tomcat-9.0.38
26-Nov-2024 22:40:13.061 INFO [main] org.apache.catalina.startup.VersionLoggerListener.log Command line argument: -Dcatalina.home=D:\Program Files\apache-tomcat-9.0.38
26-Nov-2024 22:40:13.062 INFO [main] org.apache.catalina.startup.VersionLoggerListener.log Command line argument: -Dcatalina.base=C:\Users\NEW\IdeaProjects\metro-application
26-Nov-2024 22:40:13.062 INFO [main] org.apache.catalina.startup.VersionLoggerListener.log Command line argument: -Djava.io.tmpdir=C:\Users\NEW\IdeaProjects\metro-application\temp
26-Nov-2024 22:40:13.062 INFO [main] org.apache.catalina.startup.VersionLoggerListener.log Command line argument: -Djava.util.logging.config.file=C:\Users\NEW\IdeaProjects\metro-application\conf\logging.properties
26-Nov-2024 22:40:13.062 INFO [main] org.apache.catalina.startup.VersionLoggerListener.log Command line argument: -Djava.util.logging.manager=org.apache.juli.ClassLoaderLogManager
26-Nov-2024 22:40:13.062 INFO [main] org.apache.catalina.startup.VersionLoggerListener.log Command line argument: -javaagent:C:\Program Files\JetBrains\IntelliJ IDEA Community Edition 2023.3.6\lib\idea_rt.jar=50385:C:\Program Files\JetBrains\IntelliJ IDEA Community Edition 2023.3.6\bin
26-Nov-2024 22:40:13.064 INFO [main] org.apache.catalina.startup.VersionLoggerListener.log Command line argument: -Dfile.encoding=UTF-8
26-Nov-2024 22:40:13.068 INFO [main] org.apache.catalina.core.AprLifecycleListener.lifecycleEvent Loaded Apache Tomcat Native library [1.2.25] using APR version [1.7.0].
26-Nov-2024 22:40:13.068 INFO [main] org.apache.catalina.core.AprLifecycleListener.lifecycleEvent APR capabilities: IPv6 [true], sendfile [true], accept filters [false], random [true].
26-Nov-2024 22:40:13.068 INFO [main] org.apache.catalina.core.AprLifecycleListener.lifecycleEvent APR/OpenSSL configuration: useAprConnector [false], useOpenSSL [true]
26-Nov-2024 22:40:13.076 INFO [main] org.apache.catalina.core.AprLifecycleListener.initializeSSL OpenSSL successfully initialized [OpenSSL 1.1.1g  21 Apr 2020]
26-Nov-2024 22:40:13.813 INFO [main] org.apache.coyote.AbstractProtocol.init Initializing ProtocolHandler ["http-nio-8083"]
26-Nov-2024 22:40:14.148 INFO [main] org.apache.catalina.startup.Catalina.load Server initialization in [1450] milliseconds
26-Nov-2024 22:40:14.186 INFO [main] org.apache.catalina.core.StandardService.startInternal Starting service [Catalina]
26-Nov-2024 22:40:14.186 INFO [main] org.apache.catalina.core.StandardEngine.startInternal Starting Servlet engine: [Apache Tomcat/9.0.38]
26-Nov-2024 22:40:14.200 INFO [main] org.apache.catalina.startup.HostConfig.deployDescriptor Deploying deployment descriptor [C:\Users\NEW\IdeaProjects\metro-application\conf\Catalina\localhost\metro-application.xml]
26-Nov-2024 22:40:23.349 INFO [main] org.apache.jasper.servlet.TldScanner.scanJars At least one JAR was scanned for TLDs yet contained no TLDs. Enable debug logging for this logger for a complete list of JARs that were scanned but no TLDs were found in them. Skipping unneeded JARs during scanning can improve startup time and JSP compilation time.
26-Nov-2024 22:40:39.626 INFO [main] org.apache.catalina.startup.HostConfig.deployDescriptor Deployment of deployment descriptor [C:\Users\NEW\IdeaProjects\metro-application\conf\Catalina\localhost\metro-application.xml] has finished in [25,425] ms
26-Nov-2024 22:40:39.630 INFO [main] org.apache.coyote.AbstractProtocol.start Starting ProtocolHandler ["http-nio-8083"]
26-Nov-2024 22:40:39.642 INFO [main] org.apache.catalina.startup.Catalina.start Server startup in [25493] milliseconds
26-Nov-2024 23:27:51.526 INFO [Thread-5] org.apache.coyote.AbstractProtocol.pause Pausing ProtocolHandler ["http-nio-8083"]
26-Nov-2024 23:27:51.860 INFO [Thread-5] org.apache.catalina.core.StandardService.stopInternal Stopping service [Catalina]
26-Nov-2024 23:27:52.122 WARNING [Thread-5] org.apache.catalina.loader.WebappClassLoaderBase.clearReferencesJdbc The web application [metro-application] registered the JDBC driver [com.mysql.cj.jdbc.Driver] but failed to unregister it when the web application was stopped. To prevent a memory leak, the JDBC Driver has been forcibly unregistered.
26-Nov-2024 23:27:52.123 WARNING [Thread-5] org.apache.catalina.loader.WebappClassLoaderBase.clearReferencesThreads The web application [metro-application] appears to have started a thread named [mysql-cj-abandoned-connection-cleanup] but has failed to stop it. This is very likely to create a memory leak. Stack trace of thread:
 java.lang.Object.wait(Native Method)
 java.lang.ref.ReferenceQueue.remove(ReferenceQueue.java:144)
 com.mysql.cj.jdbc.AbandonedConnectionCleanupThread.run(AbandonedConnectionCleanupThread.java:91)
 java.util.concurrent.ThreadPoolExecutor.runWorker(ThreadPoolExecutor.java:1149)
 java.util.concurrent.ThreadPoolExecutor$Worker.run(ThreadPoolExecutor.java:624)
 java.lang.Thread.run(Thread.java:748)
26-Nov-2024 23:27:52.156 INFO [Thread-5] org.apache.coyote.AbstractProtocol.stop Stopping ProtocolHandler ["http-nio-8083"]
26-Nov-2024 23:27:52.169 INFO [Thread-5] org.apache.coyote.AbstractProtocol.destroy Destroying ProtocolHandler ["http-nio-8083"]
