10-Nov-2024 12:23:05.602 INFO [main] org.apache.catalina.startup.VersionLoggerListener.log Server version name:   Apache Tomcat/9.0.38
10-Nov-2024 12:23:05.604 INFO [main] org.apache.catalina.startup.VersionLoggerListener.log Server built:          Sep 10 2020 08:20:30 UTC
10-Nov-2024 12:23:05.604 INFO [main] org.apache.catalina.startup.VersionLoggerListener.log Server version number: 9.0.38.0
10-Nov-2024 12:23:05.604 INFO [main] org.apache.catalina.startup.VersionLoggerListener.log OS Name:               Windows 10
10-Nov-2024 12:23:05.604 INFO [main] org.apache.catalina.startup.VersionLoggerListener.log OS Version:            10.0
10-Nov-2024 12:23:05.604 INFO [main] org.apache.catalina.startup.VersionLoggerListener.log Architecture:          amd64
10-Nov-2024 12:23:05.604 INFO [main] org.apache.catalina.startup.VersionLoggerListener.log Java Home:             C:\Program Files\Java\jdk1.8.0_261\jre
10-Nov-2024 12:23:05.604 INFO [main] org.apache.catalina.startup.VersionLoggerListener.log JVM Version:           1.8.0_261-b12
10-Nov-2024 12:23:05.604 INFO [main] org.apache.catalina.startup.VersionLoggerListener.log JVM Vendor:            Oracle Corporation
10-Nov-2024 12:23:05.605 INFO [main] org.apache.catalina.startup.VersionLoggerListener.log CATALINA_BASE:         C:\Users\NEW\IdeaProjects\metro-application
10-Nov-2024 12:23:05.605 INFO [main] org.apache.catalina.startup.VersionLoggerListener.log CATALINA_HOME:         D:\Program Files\apache-tomcat-9.0.38
10-Nov-2024 12:23:05.607 INFO [main] org.apache.catalina.startup.VersionLoggerListener.log Command line argument: -Dcatalina.home=D:\Program Files\apache-tomcat-9.0.38
10-Nov-2024 12:23:05.607 INFO [main] org.apache.catalina.startup.VersionLoggerListener.log Command line argument: -Dcatalina.base=C:\Users\NEW\IdeaProjects\metro-application
10-Nov-2024 12:23:05.607 INFO [main] org.apache.catalina.startup.VersionLoggerListener.log Command line argument: -Djava.io.tmpdir=C:\Users\NEW\IdeaProjects\metro-application\temp
10-Nov-2024 12:23:05.608 INFO [main] org.apache.catalina.startup.VersionLoggerListener.log Command line argument: -Djava.util.logging.config.file=C:\Users\NEW\IdeaProjects\metro-application\conf\logging.properties
10-Nov-2024 12:23:05.608 INFO [main] org.apache.catalina.startup.VersionLoggerListener.log Command line argument: -Djava.util.logging.manager=org.apache.juli.ClassLoaderLogManager
10-Nov-2024 12:23:05.608 INFO [main] org.apache.catalina.startup.VersionLoggerListener.log Command line argument: -javaagent:C:\Program Files\JetBrains\IntelliJ IDEA Community Edition 2023.3.6\lib\idea_rt.jar=54778:C:\Program Files\JetBrains\IntelliJ IDEA Community Edition 2023.3.6\bin
10-Nov-2024 12:23:05.608 INFO [main] org.apache.catalina.startup.VersionLoggerListener.log Command line argument: -Dfile.encoding=UTF-8
10-Nov-2024 12:23:06.060 INFO [main] org.apache.catalina.core.AprLifecycleListener.lifecycleEvent Loaded Apache Tomcat Native library [1.2.25] using APR version [1.7.0].
10-Nov-2024 12:23:06.061 INFO [main] org.apache.catalina.core.AprLifecycleListener.lifecycleEvent APR capabilities: IPv6 [true], sendfile [true], accept filters [false], random [true].
10-Nov-2024 12:23:06.061 INFO [main] org.apache.catalina.core.AprLifecycleListener.lifecycleEvent APR/OpenSSL configuration: useAprConnector [false], useOpenSSL [true]
10-Nov-2024 12:23:06.094 INFO [main] org.apache.catalina.core.AprLifecycleListener.initializeSSL OpenSSL successfully initialized [OpenSSL 1.1.1g  21 Apr 2020]
10-Nov-2024 12:23:06.618 INFO [main] org.apache.coyote.AbstractProtocol.init Initializing ProtocolHandler ["http-nio-8083"]
10-Nov-2024 12:23:06.874 INFO [main] org.apache.catalina.startup.Catalina.load Server initialization in [1538] milliseconds
10-Nov-2024 12:23:06.908 INFO [main] org.apache.catalina.core.StandardService.startInternal Starting service [Catalina]
10-Nov-2024 12:23:06.909 INFO [main] org.apache.catalina.core.StandardEngine.startInternal Starting Servlet engine: [Apache Tomcat/9.0.38]
10-Nov-2024 12:23:06.922 INFO [main] org.apache.catalina.startup.HostConfig.deployDescriptor Deploying deployment descriptor [C:\Users\NEW\IdeaProjects\metro-application\conf\Catalina\localhost\metro-application.xml]
10-Nov-2024 12:23:12.307 INFO [main] org.apache.jasper.servlet.TldScanner.scanJars At least one JAR was scanned for TLDs yet contained no TLDs. Enable debug logging for this logger for a complete list of JARs that were scanned but no TLDs were found in them. Skipping unneeded JARs during scanning can improve startup time and JSP compilation time.
10-Nov-2024 12:23:22.552 INFO [main] org.apache.catalina.startup.HostConfig.deployDescriptor Deployment of deployment descriptor [C:\Users\NEW\IdeaProjects\metro-application\conf\Catalina\localhost\metro-application.xml] has finished in [15,629] ms
10-Nov-2024 12:23:22.558 INFO [main] org.apache.coyote.AbstractProtocol.start Starting ProtocolHandler ["http-nio-8083"]
10-Nov-2024 12:23:22.571 INFO [main] org.apache.catalina.startup.Catalina.start Server startup in [15696] milliseconds
10-Nov-2024 12:25:28.974 INFO [Thread-5] org.apache.coyote.AbstractProtocol.pause Pausing ProtocolHandler ["http-nio-8083"]
10-Nov-2024 12:25:29.280 INFO [Thread-5] org.apache.catalina.core.StandardService.stopInternal Stopping service [Catalina]
10-Nov-2024 12:25:29.334 WARNING [Thread-5] org.apache.catalina.loader.WebappClassLoaderBase.clearReferencesJdbc The web application [metro-application] registered the JDBC driver [com.mysql.cj.jdbc.Driver] but failed to unregister it when the web application was stopped. To prevent a memory leak, the JDBC Driver has been forcibly unregistered.
10-Nov-2024 12:25:29.335 WARNING [Thread-5] org.apache.catalina.loader.WebappClassLoaderBase.clearReferencesThreads The web application [metro-application] appears to have started a thread named [mysql-cj-abandoned-connection-cleanup] but has failed to stop it. This is very likely to create a memory leak. Stack trace of thread:
 java.lang.Object.wait(Native Method)
 java.lang.ref.ReferenceQueue.remove(ReferenceQueue.java:144)
 com.mysql.cj.jdbc.AbandonedConnectionCleanupThread.run(AbandonedConnectionCleanupThread.java:91)
 java.util.concurrent.ThreadPoolExecutor.runWorker(ThreadPoolExecutor.java:1149)
 java.util.concurrent.ThreadPoolExecutor$Worker.run(ThreadPoolExecutor.java:624)
 java.lang.Thread.run(Thread.java:748)
10-Nov-2024 12:25:29.340 INFO [Thread-5] org.apache.coyote.AbstractProtocol.stop Stopping ProtocolHandler ["http-nio-8083"]
10-Nov-2024 12:25:29.379 INFO [Thread-5] org.apache.coyote.AbstractProtocol.destroy Destroying ProtocolHandler ["http-nio-8083"]
10-Nov-2024 18:47:58.493 INFO [main] org.apache.catalina.startup.VersionLoggerListener.log Server version name:   Apache Tomcat/9.0.38
10-Nov-2024 18:47:58.495 INFO [main] org.apache.catalina.startup.VersionLoggerListener.log Server built:          Sep 10 2020 08:20:30 UTC
10-Nov-2024 18:47:58.495 INFO [main] org.apache.catalina.startup.VersionLoggerListener.log Server version number: 9.0.38.0
10-Nov-2024 18:47:58.495 INFO [main] org.apache.catalina.startup.VersionLoggerListener.log OS Name:               Windows 10
10-Nov-2024 18:47:58.496 INFO [main] org.apache.catalina.startup.VersionLoggerListener.log OS Version:            10.0
10-Nov-2024 18:47:58.496 INFO [main] org.apache.catalina.startup.VersionLoggerListener.log Architecture:          amd64
10-Nov-2024 18:47:58.496 INFO [main] org.apache.catalina.startup.VersionLoggerListener.log Java Home:             C:\Program Files\Java\jdk1.8.0_261\jre
10-Nov-2024 18:47:58.496 INFO [main] org.apache.catalina.startup.VersionLoggerListener.log JVM Version:           1.8.0_261-b12
10-Nov-2024 18:47:58.496 INFO [main] org.apache.catalina.startup.VersionLoggerListener.log JVM Vendor:            Oracle Corporation
10-Nov-2024 18:47:58.496 INFO [main] org.apache.catalina.startup.VersionLoggerListener.log CATALINA_BASE:         C:\Users\NEW\IdeaProjects\metro-application
10-Nov-2024 18:47:58.496 INFO [main] org.apache.catalina.startup.VersionLoggerListener.log CATALINA_HOME:         D:\Program Files\apache-tomcat-9.0.38
10-Nov-2024 18:47:58.499 INFO [main] org.apache.catalina.startup.VersionLoggerListener.log Command line argument: -Dcatalina.home=D:\Program Files\apache-tomcat-9.0.38
10-Nov-2024 18:47:58.499 INFO [main] org.apache.catalina.startup.VersionLoggerListener.log Command line argument: -Dcatalina.base=C:\Users\NEW\IdeaProjects\metro-application
10-Nov-2024 18:47:58.500 INFO [main] org.apache.catalina.startup.VersionLoggerListener.log Command line argument: -Djava.io.tmpdir=C:\Users\NEW\IdeaProjects\metro-application\temp
10-Nov-2024 18:47:58.500 INFO [main] org.apache.catalina.startup.VersionLoggerListener.log Command line argument: -Djava.util.logging.config.file=C:\Users\NEW\IdeaProjects\metro-application\conf\logging.properties
10-Nov-2024 18:47:58.500 INFO [main] org.apache.catalina.startup.VersionLoggerListener.log Command line argument: -Djava.util.logging.manager=org.apache.juli.ClassLoaderLogManager
10-Nov-2024 18:47:58.500 INFO [main] org.apache.catalina.startup.VersionLoggerListener.log Command line argument: -javaagent:C:\Program Files\JetBrains\IntelliJ IDEA Community Edition 2023.3.6\lib\idea_rt.jar=49770:C:\Program Files\JetBrains\IntelliJ IDEA Community Edition 2023.3.6\bin
10-Nov-2024 18:47:58.500 INFO [main] org.apache.catalina.startup.VersionLoggerListener.log Command line argument: -Dfile.encoding=UTF-8
10-Nov-2024 18:47:58.686 INFO [main] org.apache.catalina.core.AprLifecycleListener.lifecycleEvent Loaded Apache Tomcat Native library [1.2.25] using APR version [1.7.0].
10-Nov-2024 18:47:58.686 INFO [main] org.apache.catalina.core.AprLifecycleListener.lifecycleEvent APR capabilities: IPv6 [true], sendfile [true], accept filters [false], random [true].
10-Nov-2024 18:47:58.686 INFO [main] org.apache.catalina.core.AprLifecycleListener.lifecycleEvent APR/OpenSSL configuration: useAprConnector [false], useOpenSSL [true]
10-Nov-2024 18:47:58.767 INFO [main] org.apache.catalina.core.AprLifecycleListener.initializeSSL OpenSSL successfully initialized [OpenSSL 1.1.1g  21 Apr 2020]
10-Nov-2024 18:47:59.671 INFO [main] org.apache.coyote.AbstractProtocol.init Initializing ProtocolHandler ["http-nio-8083"]
10-Nov-2024 18:47:59.923 INFO [main] org.apache.catalina.startup.Catalina.load Server initialization in [1721] milliseconds
10-Nov-2024 18:47:59.978 INFO [main] org.apache.catalina.core.StandardService.startInternal Starting service [Catalina]
10-Nov-2024 18:47:59.978 INFO [main] org.apache.catalina.core.StandardEngine.startInternal Starting Servlet engine: [Apache Tomcat/9.0.38]
10-Nov-2024 18:47:59.993 INFO [main] org.apache.catalina.startup.HostConfig.deployDescriptor Deploying deployment descriptor [C:\Users\NEW\IdeaProjects\metro-application\conf\Catalina\localhost\metro-application.xml]
10-Nov-2024 18:48:06.730 INFO [main] org.apache.jasper.servlet.TldScanner.scanJars At least one JAR was scanned for TLDs yet contained no TLDs. Enable debug logging for this logger for a complete list of JARs that were scanned but no TLDs were found in them. Skipping unneeded JARs during scanning can improve startup time and JSP compilation time.
10-Nov-2024 18:48:18.961 INFO [main] org.apache.catalina.startup.HostConfig.deployDescriptor Deployment of deployment descriptor [C:\Users\NEW\IdeaProjects\metro-application\conf\Catalina\localhost\metro-application.xml] has finished in [18,967] ms
10-Nov-2024 18:48:18.965 INFO [main] org.apache.coyote.AbstractProtocol.start Starting ProtocolHandler ["http-nio-8083"]
10-Nov-2024 18:48:18.975 INFO [main] org.apache.catalina.startup.Catalina.start Server startup in [19051] milliseconds
10-Nov-2024 18:53:23.731 INFO [Thread-5] org.apache.coyote.AbstractProtocol.pause Pausing ProtocolHandler ["http-nio-8083"]
10-Nov-2024 18:53:23.937 INFO [Thread-5] org.apache.catalina.core.StandardService.stopInternal Stopping service [Catalina]
10-Nov-2024 18:53:24.123 WARNING [Thread-5] org.apache.catalina.loader.WebappClassLoaderBase.clearReferencesJdbc The web application [metro-application] registered the JDBC driver [com.mysql.cj.jdbc.Driver] but failed to unregister it when the web application was stopped. To prevent a memory leak, the JDBC Driver has been forcibly unregistered.
10-Nov-2024 18:53:24.125 WARNING [Thread-5] org.apache.catalina.loader.WebappClassLoaderBase.clearReferencesThreads The web application [metro-application] appears to have started a thread named [mysql-cj-abandoned-connection-cleanup] but has failed to stop it. This is very likely to create a memory leak. Stack trace of thread:
 java.lang.Object.wait(Native Method)
 java.lang.ref.ReferenceQueue.remove(ReferenceQueue.java:144)
 com.mysql.cj.jdbc.AbandonedConnectionCleanupThread.run(AbandonedConnectionCleanupThread.java:91)
 java.util.concurrent.ThreadPoolExecutor.runWorker(ThreadPoolExecutor.java:1149)
 java.util.concurrent.ThreadPoolExecutor$Worker.run(ThreadPoolExecutor.java:624)
 java.lang.Thread.run(Thread.java:748)
10-Nov-2024 18:53:24.152 INFO [Thread-5] org.apache.coyote.AbstractProtocol.stop Stopping ProtocolHandler ["http-nio-8083"]
10-Nov-2024 18:53:24.198 INFO [Thread-5] org.apache.coyote.AbstractProtocol.destroy Destroying ProtocolHandler ["http-nio-8083"]
10-Nov-2024 18:53:31.635 INFO [main] org.apache.catalina.startup.VersionLoggerListener.log Server version name:   Apache Tomcat/9.0.38
10-Nov-2024 18:53:31.638 INFO [main] org.apache.catalina.startup.VersionLoggerListener.log Server built:          Sep 10 2020 08:20:30 UTC
10-Nov-2024 18:53:31.638 INFO [main] org.apache.catalina.startup.VersionLoggerListener.log Server version number: 9.0.38.0
10-Nov-2024 18:53:31.638 INFO [main] org.apache.catalina.startup.VersionLoggerListener.log OS Name:               Windows 10
10-Nov-2024 18:53:31.638 INFO [main] org.apache.catalina.startup.VersionLoggerListener.log OS Version:            10.0
10-Nov-2024 18:53:31.638 INFO [main] org.apache.catalina.startup.VersionLoggerListener.log Architecture:          amd64
10-Nov-2024 18:53:31.638 INFO [main] org.apache.catalina.startup.VersionLoggerListener.log Java Home:             C:\Program Files\Java\jdk1.8.0_261\jre
10-Nov-2024 18:53:31.638 INFO [main] org.apache.catalina.startup.VersionLoggerListener.log JVM Version:           1.8.0_261-b12
10-Nov-2024 18:53:31.638 INFO [main] org.apache.catalina.startup.VersionLoggerListener.log JVM Vendor:            Oracle Corporation
10-Nov-2024 18:53:31.638 INFO [main] org.apache.catalina.startup.VersionLoggerListener.log CATALINA_BASE:         C:\Users\NEW\IdeaProjects\metro-application
10-Nov-2024 18:53:31.638 INFO [main] org.apache.catalina.startup.VersionLoggerListener.log CATALINA_HOME:         D:\Program Files\apache-tomcat-9.0.38
10-Nov-2024 18:53:31.641 INFO [main] org.apache.catalina.startup.VersionLoggerListener.log Command line argument: -Dcatalina.home=D:\Program Files\apache-tomcat-9.0.38
10-Nov-2024 18:53:31.641 INFO [main] org.apache.catalina.startup.VersionLoggerListener.log Command line argument: -Dcatalina.base=C:\Users\NEW\IdeaProjects\metro-application
10-Nov-2024 18:53:31.641 INFO [main] org.apache.catalina.startup.VersionLoggerListener.log Command line argument: -Djava.io.tmpdir=C:\Users\NEW\IdeaProjects\metro-application\temp
10-Nov-2024 18:53:31.641 INFO [main] org.apache.catalina.startup.VersionLoggerListener.log Command line argument: -Djava.util.logging.config.file=C:\Users\NEW\IdeaProjects\metro-application\conf\logging.properties
10-Nov-2024 18:53:31.642 INFO [main] org.apache.catalina.startup.VersionLoggerListener.log Command line argument: -Djava.util.logging.manager=org.apache.juli.ClassLoaderLogManager
10-Nov-2024 18:53:31.642 INFO [main] org.apache.catalina.startup.VersionLoggerListener.log Command line argument: -javaagent:C:\Program Files\JetBrains\IntelliJ IDEA Community Edition 2023.3.6\lib\idea_rt.jar=55681:C:\Program Files\JetBrains\IntelliJ IDEA Community Edition 2023.3.6\bin
10-Nov-2024 18:53:31.642 INFO [main] org.apache.catalina.startup.VersionLoggerListener.log Command line argument: -Dfile.encoding=UTF-8
10-Nov-2024 18:53:31.647 INFO [main] org.apache.catalina.core.AprLifecycleListener.lifecycleEvent Loaded Apache Tomcat Native library [1.2.25] using APR version [1.7.0].
10-Nov-2024 18:53:31.647 INFO [main] org.apache.catalina.core.AprLifecycleListener.lifecycleEvent APR capabilities: IPv6 [true], sendfile [true], accept filters [false], random [true].
10-Nov-2024 18:53:31.647 INFO [main] org.apache.catalina.core.AprLifecycleListener.lifecycleEvent APR/OpenSSL configuration: useAprConnector [false], useOpenSSL [true]
10-Nov-2024 18:53:31.655 INFO [main] org.apache.catalina.core.AprLifecycleListener.initializeSSL OpenSSL successfully initialized [OpenSSL 1.1.1g  21 Apr 2020]
10-Nov-2024 18:53:32.611 INFO [main] org.apache.coyote.AbstractProtocol.init Initializing ProtocolHandler ["http-nio-8083"]
10-Nov-2024 18:53:32.936 INFO [main] org.apache.catalina.startup.Catalina.load Server initialization in [1670] milliseconds
10-Nov-2024 18:53:32.994 INFO [main] org.apache.catalina.core.StandardService.startInternal Starting service [Catalina]
10-Nov-2024 18:53:32.994 INFO [main] org.apache.catalina.core.StandardEngine.startInternal Starting Servlet engine: [Apache Tomcat/9.0.38]
10-Nov-2024 18:53:33.008 INFO [main] org.apache.catalina.startup.HostConfig.deployDescriptor Deploying deployment descriptor [C:\Users\NEW\IdeaProjects\metro-application\conf\Catalina\localhost\metro-application.xml]
10-Nov-2024 18:53:39.294 INFO [main] org.apache.jasper.servlet.TldScanner.scanJars At least one JAR was scanned for TLDs yet contained no TLDs. Enable debug logging for this logger for a complete list of JARs that were scanned but no TLDs were found in them. Skipping unneeded JARs during scanning can improve startup time and JSP compilation time.
10-Nov-2024 18:53:51.512 INFO [main] org.apache.catalina.startup.HostConfig.deployDescriptor Deployment of deployment descriptor [C:\Users\NEW\IdeaProjects\metro-application\conf\Catalina\localhost\metro-application.xml] has finished in [18,503] ms
10-Nov-2024 18:53:51.517 INFO [main] org.apache.coyote.AbstractProtocol.start Starting ProtocolHandler ["http-nio-8083"]
10-Nov-2024 18:53:51.529 INFO [main] org.apache.catalina.startup.Catalina.start Server startup in [18592] milliseconds
10-Nov-2024 23:02:51.406 INFO [Thread-5] org.apache.coyote.AbstractProtocol.pause Pausing ProtocolHandler ["http-nio-8083"]
10-Nov-2024 23:02:52.000 INFO [Thread-5] org.apache.catalina.core.StandardService.stopInternal Stopping service [Catalina]
10-Nov-2024 23:02:52.504 WARNING [Thread-5] org.apache.catalina.loader.WebappClassLoaderBase.clearReferencesJdbc The web application [metro-application] registered the JDBC driver [com.mysql.cj.jdbc.Driver] but failed to unregister it when the web application was stopped. To prevent a memory leak, the JDBC Driver has been forcibly unregistered.
10-Nov-2024 23:02:52.511 WARNING [Thread-5] org.apache.catalina.loader.WebappClassLoaderBase.clearReferencesThreads The web application [metro-application] appears to have started a thread named [mysql-cj-abandoned-connection-cleanup] but has failed to stop it. This is very likely to create a memory leak. Stack trace of thread:
 java.lang.Object.wait(Native Method)
 java.lang.ref.ReferenceQueue.remove(ReferenceQueue.java:144)
 com.mysql.cj.jdbc.AbandonedConnectionCleanupThread.run(AbandonedConnectionCleanupThread.java:91)
 java.util.concurrent.ThreadPoolExecutor.runWorker(ThreadPoolExecutor.java:1149)
 java.util.concurrent.ThreadPoolExecutor$Worker.run(ThreadPoolExecutor.java:624)
 java.lang.Thread.run(Thread.java:748)
10-Nov-2024 23:02:52.982 INFO [Thread-5] org.apache.coyote.AbstractProtocol.stop Stopping ProtocolHandler ["http-nio-8083"]
10-Nov-2024 23:02:53.036 INFO [Thread-5] org.apache.coyote.AbstractProtocol.destroy Destroying ProtocolHandler ["http-nio-8083"]
