16-Sep-2024 11:58:22.386 INFO [main] org.apache.catalina.core.ApplicationContext.log 1 Spring WebApplicationInitializers detected on classpath
16-Sep-2024 11:58:22.806 INFO [main] org.apache.catalina.core.ApplicationContext.log Initializing Spring DispatcherServlet 'dispatcher'
16-Sep-2024 13:43:36.865 SEVERE [http-nio-8082-exec-10] org.apache.catalina.core.StandardWrapperValve.invoke Servlet.service() for servlet [dispatcher] in context with path [/metro-application] threw exception [Request processing failed; nested exception is java.lang.NullPointerException] with root cause
	java.lang.NullPointerException
		at com.xworkz.metroapplication.controller.RegistrationController.onFetchAll(RegistrationController.java:40)
		at sun.reflect.NativeMethodAccessorImpl.invoke0(Native Method)
		at sun.reflect.NativeMethodAccessorImpl.invoke(NativeMethodAccessorImpl.java:62)
		at sun.reflect.DelegatingMethodAccessorImpl.invoke(DelegatingMethodAccessorImpl.java:43)
		at java.lang.reflect.Method.invoke(Method.java:498)
		at org.springframework.web.method.support.InvocableHandlerMethod.doInvoke(InvocableHandlerMethod.java:205)
		at org.springframework.web.method.support.InvocableHandlerMethod.invokeForRequest(InvocableHandlerMethod.java:150)
		at org.springframework.web.servlet.mvc.method.annotation.ServletInvocableHandlerMethod.invokeAndHandle(ServletInvocableHandlerMethod.java:117)
		at org.springframework.web.servlet.mvc.method.annotation.RequestMappingHandlerAdapter.invokeHandlerMethod(RequestMappingHandlerAdapter.java:895)
		at org.springframework.web.servlet.mvc.method.annotation.RequestMappingHandlerAdapter.handleInternal(RequestMappingHandlerAdapter.java:808)
		at org.springframework.web.servlet.mvc.method.AbstractHandlerMethodAdapter.handle(AbstractHandlerMethodAdapter.java:87)
		at org.springframework.web.servlet.DispatcherServlet.doDispatch(DispatcherServlet.java:1067)
		at org.springframework.web.servlet.DispatcherServlet.doService(DispatcherServlet.java:963)
		at org.springframework.web.servlet.FrameworkServlet.processRequest(FrameworkServlet.java:1006)
		at org.springframework.web.servlet.FrameworkServlet.doGet(FrameworkServlet.java:898)
		at javax.servlet.http.HttpServlet.service(HttpServlet.java:626)
		at org.springframework.web.servlet.FrameworkServlet.service(FrameworkServlet.java:883)
		at javax.servlet.http.HttpServlet.service(HttpServlet.java:733)
		at org.apache.catalina.core.ApplicationFilterChain.internalDoFilter(ApplicationFilterChain.java:231)
		at org.apache.catalina.core.ApplicationFilterChain.doFilter(ApplicationFilterChain.java:166)
		at org.apache.tomcat.websocket.server.WsFilter.doFilter(WsFilter.java:53)
		at org.apache.catalina.core.ApplicationFilterChain.internalDoFilter(ApplicationFilterChain.java:193)
		at org.apache.catalina.core.ApplicationFilterChain.doFilter(ApplicationFilterChain.java:166)
		at org.apache.catalina.core.StandardWrapperValve.invoke(StandardWrapperValve.java:202)
		at org.apache.catalina.core.StandardContextValve.invoke(StandardContextValve.java:97)
		at org.apache.catalina.authenticator.AuthenticatorBase.invoke(AuthenticatorBase.java:541)
		at org.apache.catalina.core.StandardHostValve.invoke(StandardHostValve.java:143)
		at org.apache.catalina.valves.ErrorReportValve.invoke(ErrorReportValve.java:92)
		at org.apache.catalina.valves.AbstractAccessLogValve.invoke(AbstractAccessLogValve.java:690)
		at org.apache.catalina.core.StandardEngineValve.invoke(StandardEngineValve.java:78)
		at org.apache.catalina.connector.CoyoteAdapter.service(CoyoteAdapter.java:343)
		at org.apache.coyote.http11.Http11Processor.service(Http11Processor.java:374)
		at org.apache.coyote.AbstractProcessorLight.process(AbstractProcessorLight.java:65)
		at org.apache.coyote.AbstractProtocol$ConnectionHandler.process(AbstractProtocol.java:868)
		at org.apache.tomcat.util.net.NioEndpoint$SocketProcessor.doRun(NioEndpoint.java:1590)
		at org.apache.tomcat.util.net.SocketProcessorBase.run(SocketProcessorBase.java:49)
		at java.util.concurrent.ThreadPoolExecutor.runWorker(ThreadPoolExecutor.java:1149)
		at java.util.concurrent.ThreadPoolExecutor$Worker.run(ThreadPoolExecutor.java:624)
		at org.apache.tomcat.util.threads.TaskThread$WrappingRunnable.run(TaskThread.java:61)
		at java.lang.Thread.run(Thread.java:748)
16-Sep-2024 13:44:09.242 INFO [Thread-5] org.apache.catalina.core.ApplicationContext.log Destroying Spring FrameworkServlet 'dispatcher'
16-Sep-2024 14:50:30.420 INFO [main] org.apache.catalina.core.ApplicationContext.log 1 Spring WebApplicationInitializers detected on classpath
16-Sep-2024 14:50:30.614 INFO [main] org.apache.catalina.core.ApplicationContext.log Initializing Spring DispatcherServlet 'dispatcher'
16-Sep-2024 15:23:26.693 SEVERE [http-nio-8082-exec-1] org.apache.catalina.core.StandardWrapperValve.invoke Servlet.service() for servlet [dispatcher] in context with path [/metro-application] threw exception [Request processing failed; nested exception is java.lang.RuntimeException: Error while saving login details] with root cause
	java.sql.SQLSyntaxErrorException: Unknown column 'loginentit0_.password' in 'field list'
		at com.mysql.cj.jdbc.exceptions.SQLError.createSQLException(SQLError.java:120)
		at com.mysql.cj.jdbc.exceptions.SQLExceptionsMapping.translateException(SQLExceptionsMapping.java:122)
		at com.mysql.cj.jdbc.ClientPreparedStatement.executeInternal(ClientPreparedStatement.java:916)
		at com.mysql.cj.jdbc.ClientPreparedStatement.executeQuery(ClientPreparedStatement.java:972)
		at org.hibernate.engine.jdbc.internal.ResultSetReturnImpl.extract(ResultSetReturnImpl.java:57)
		at org.hibernate.loader.Loader.getResultSet(Loader.java:2322)
		at org.hibernate.loader.Loader.executeQueryStatement(Loader.java:2075)
		at org.hibernate.loader.Loader.executeQueryStatement(Loader.java:2037)
		at org.hibernate.loader.Loader.doQuery(Loader.java:956)
		at org.hibernate.loader.Loader.doQueryAndInitializeNonLazyCollections(Loader.java:357)
		at org.hibernate.loader.Loader.doQueryAndInitializeNonLazyCollections(Loader.java:327)
		at org.hibernate.loader.Loader.loadEntity(Loader.java:2440)
		at org.hibernate.loader.entity.AbstractEntityLoader.load(AbstractEntityLoader.java:77)
		at org.hibernate.loader.entity.AbstractEntityLoader.load(AbstractEntityLoader.java:61)
		at org.hibernate.persister.entity.AbstractEntityPersister.doLoad(AbstractEntityPersister.java:4521)
		at org.hibernate.persister.entity.AbstractEntityPersister.load(AbstractEntityPersister.java:4511)
		at org.hibernate.event.internal.DefaultLoadEventListener.loadFromDatasource(DefaultLoadEventListener.java:571)
		at org.hibernate.event.internal.DefaultLoadEventListener.doLoad(DefaultLoadEventListener.java:539)
		at org.hibernate.event.internal.DefaultLoadEventListener.load(DefaultLoadEventListener.java:208)
		at org.hibernate.event.internal.DefaultLoadEventListener.proxyOrLoad(DefaultLoadEventListener.java:327)
		at org.hibernate.event.internal.DefaultLoadEventListener.doOnLoad(DefaultLoadEventListener.java:108)
		at org.hibernate.event.internal.DefaultLoadEventListener.onLoad(DefaultLoadEventListener.java:74)
		at org.hibernate.event.service.internal.EventListenerGroupImpl.fireEventOnEachListener(EventListenerGroupImpl.java:118)
		at org.hibernate.internal.SessionImpl.fireLoadNoChecks(SessionImpl.java:1231)
		at org.hibernate.internal.SessionImpl.fireLoad(SessionImpl.java:1220)
		at org.hibernate.internal.SessionImpl.access$2100(SessionImpl.java:202)
		at org.hibernate.internal.SessionImpl$IdentifierLoadAccessImpl.doLoad(SessionImpl.java:2835)
		at org.hibernate.internal.SessionImpl$IdentifierLoadAccessImpl.lambda$load$1(SessionImpl.java:2812)
		at org.hibernate.internal.SessionImpl$IdentifierLoadAccessImpl.perform(SessionImpl.java:2768)
		at org.hibernate.internal.SessionImpl$IdentifierLoadAccessImpl.load(SessionImpl.java:2812)
		at org.hibernate.internal.SessionImpl.get(SessionImpl.java:1024)
		at org.hibernate.event.internal.DefaultMergeEventListener.entityIsDetached(DefaultMergeEventListener.java:306)
		at org.hibernate.event.internal.DefaultMergeEventListener.onMerge(DefaultMergeEventListener.java:172)
		at org.hibernate.event.internal.DefaultMergeEventListener.onMerge(DefaultMergeEventListener.java:70)
		at org.hibernate.event.service.internal.EventListenerGroupImpl.fireEventOnEachListener(EventListenerGroupImpl.java:107)
		at org.hibernate.internal.SessionImpl.fireMerge(SessionImpl.java:829)
		at org.hibernate.internal.SessionImpl.merge(SessionImpl.java:816)
		at sun.reflect.NativeMethodAccessorImpl.invoke0(Native Method)
		at sun.reflect.NativeMethodAccessorImpl.invoke(NativeMethodAccessorImpl.java:62)
		at sun.reflect.DelegatingMethodAccessorImpl.invoke(DelegatingMethodAccessorImpl.java:43)
		at java.lang.reflect.Method.invoke(Method.java:498)
		at org.springframework.orm.jpa.ExtendedEntityManagerCreator$ExtendedEntityManagerInvocationHandler.invoke(ExtendedEntityManagerCreator.java:362)
		at com.sun.proxy.$Proxy69.merge(Unknown Source)
		at com.xworkz.metroapplication.repository.MetroRepositoryImpl.saveLoginDetails(MetroRepositoryImpl.java:53)
		at com.xworkz.metroapplication.service.MetroServiceImpl.onSaveLoginDetails(MetroServiceImpl.java:57)
		at com.xworkz.metroapplication.controller.LoginController.onLoginSaveDetails(LoginController.java:30)
		at sun.reflect.NativeMethodAccessorImpl.invoke0(Native Method)
		at sun.reflect.NativeMethodAccessorImpl.invoke(NativeMethodAccessorImpl.java:62)
		at sun.reflect.DelegatingMethodAccessorImpl.invoke(DelegatingMethodAccessorImpl.java:43)
		at java.lang.reflect.Method.invoke(Method.java:498)
		at org.springframework.web.method.support.InvocableHandlerMethod.doInvoke(InvocableHandlerMethod.java:205)
		at org.springframework.web.method.support.InvocableHandlerMethod.invokeForRequest(InvocableHandlerMethod.java:150)
		at org.springframework.web.servlet.mvc.method.annotation.ServletInvocableHandlerMethod.invokeAndHandle(ServletInvocableHandlerMethod.java:117)
		at org.springframework.web.servlet.mvc.method.annotation.RequestMappingHandlerAdapter.invokeHandlerMethod(RequestMappingHandlerAdapter.java:895)
		at org.springframework.web.servlet.mvc.method.annotation.RequestMappingHandlerAdapter.handleInternal(RequestMappingHandlerAdapter.java:808)
		at org.springframework.web.servlet.mvc.method.AbstractHandlerMethodAdapter.handle(AbstractHandlerMethodAdapter.java:87)
		at org.springframework.web.servlet.DispatcherServlet.doDispatch(DispatcherServlet.java:1067)
		at org.springframework.web.servlet.DispatcherServlet.doService(DispatcherServlet.java:963)
		at org.springframework.web.servlet.FrameworkServlet.processRequest(FrameworkServlet.java:1006)
		at org.springframework.web.servlet.FrameworkServlet.doPost(FrameworkServlet.java:909)
		at javax.servlet.http.HttpServlet.service(HttpServlet.java:652)
		at org.springframework.web.servlet.FrameworkServlet.service(FrameworkServlet.java:883)
		at javax.servlet.http.HttpServlet.service(HttpServlet.java:733)
		at org.apache.catalina.core.ApplicationFilterChain.internalDoFilter(ApplicationFilterChain.java:231)
		at org.apache.catalina.core.ApplicationFilterChain.doFilter(ApplicationFilterChain.java:166)
		at org.apache.tomcat.websocket.server.WsFilter.doFilter(WsFilter.java:53)
		at org.apache.catalina.core.ApplicationFilterChain.internalDoFilter(ApplicationFilterChain.java:193)
		at org.apache.catalina.core.ApplicationFilterChain.doFilter(ApplicationFilterChain.java:166)
		at org.apache.catalina.core.StandardWrapperValve.invoke(StandardWrapperValve.java:202)
		at org.apache.catalina.core.StandardContextValve.invoke(StandardContextValve.java:97)
		at org.apache.catalina.authenticator.AuthenticatorBase.invoke(AuthenticatorBase.java:541)
		at org.apache.catalina.core.StandardHostValve.invoke(StandardHostValve.java:143)
		at org.apache.catalina.valves.ErrorReportValve.invoke(ErrorReportValve.java:92)
		at org.apache.catalina.valves.AbstractAccessLogValve.invoke(AbstractAccessLogValve.java:690)
		at org.apache.catalina.core.StandardEngineValve.invoke(StandardEngineValve.java:78)
		at org.apache.catalina.connector.CoyoteAdapter.service(CoyoteAdapter.java:343)
		at org.apache.coyote.http11.Http11Processor.service(Http11Processor.java:374)
		at org.apache.coyote.AbstractProcessorLight.process(AbstractProcessorLight.java:65)
		at org.apache.coyote.AbstractProtocol$ConnectionHandler.process(AbstractProtocol.java:868)
		at org.apache.tomcat.util.net.NioEndpoint$SocketProcessor.doRun(NioEndpoint.java:1590)
		at org.apache.tomcat.util.net.SocketProcessorBase.run(SocketProcessorBase.java:49)
		at java.util.concurrent.ThreadPoolExecutor.runWorker(ThreadPoolExecutor.java:1149)
		at java.util.concurrent.ThreadPoolExecutor$Worker.run(ThreadPoolExecutor.java:624)
		at org.apache.tomcat.util.threads.TaskThread$WrappingRunnable.run(TaskThread.java:61)
		at java.lang.Thread.run(Thread.java:748)
16-Sep-2024 15:23:53.434 INFO [Thread-5] org.apache.catalina.core.ApplicationContext.log Destroying Spring FrameworkServlet 'dispatcher'
16-Sep-2024 15:24:12.147 INFO [main] org.apache.catalina.core.ApplicationContext.log 1 Spring WebApplicationInitializers detected on classpath
16-Sep-2024 15:24:12.361 INFO [main] org.apache.catalina.core.ApplicationContext.log Initializing Spring DispatcherServlet 'dispatcher'
16-Sep-2024 15:24:37.393 SEVERE [http-nio-8082-exec-2] org.apache.catalina.core.StandardWrapperValve.invoke Servlet.service() for servlet [dispatcher] in context with path [/metro-application] threw exception [Request processing failed; nested exception is java.lang.RuntimeException: Error while saving login details] with root cause
	java.sql.SQLSyntaxErrorException: Unknown column 'loginentit0_.password' in 'field list'
		at com.mysql.cj.jdbc.exceptions.SQLError.createSQLException(SQLError.java:120)
		at com.mysql.cj.jdbc.exceptions.SQLExceptionsMapping.translateException(SQLExceptionsMapping.java:122)
		at com.mysql.cj.jdbc.ClientPreparedStatement.executeInternal(ClientPreparedStatement.java:916)
		at com.mysql.cj.jdbc.ClientPreparedStatement.executeQuery(ClientPreparedStatement.java:972)
		at org.hibernate.engine.jdbc.internal.ResultSetReturnImpl.extract(ResultSetReturnImpl.java:57)
		at org.hibernate.loader.Loader.getResultSet(Loader.java:2322)
		at org.hibernate.loader.Loader.executeQueryStatement(Loader.java:2075)
		at org.hibernate.loader.Loader.executeQueryStatement(Loader.java:2037)
		at org.hibernate.loader.Loader.doQuery(Loader.java:956)
		at org.hibernate.loader.Loader.doQueryAndInitializeNonLazyCollections(Loader.java:357)
		at org.hibernate.loader.Loader.doQueryAndInitializeNonLazyCollections(Loader.java:327)
		at org.hibernate.loader.Loader.loadEntity(Loader.java:2440)
		at org.hibernate.loader.entity.AbstractEntityLoader.load(AbstractEntityLoader.java:77)
		at org.hibernate.loader.entity.AbstractEntityLoader.load(AbstractEntityLoader.java:61)
		at org.hibernate.persister.entity.AbstractEntityPersister.doLoad(AbstractEntityPersister.java:4521)
		at org.hibernate.persister.entity.AbstractEntityPersister.load(AbstractEntityPersister.java:4511)
		at org.hibernate.event.internal.DefaultLoadEventListener.loadFromDatasource(DefaultLoadEventListener.java:571)
		at org.hibernate.event.internal.DefaultLoadEventListener.doLoad(DefaultLoadEventListener.java:539)
		at org.hibernate.event.internal.DefaultLoadEventListener.load(DefaultLoadEventListener.java:208)
		at org.hibernate.event.internal.DefaultLoadEventListener.proxyOrLoad(DefaultLoadEventListener.java:327)
		at org.hibernate.event.internal.DefaultLoadEventListener.doOnLoad(DefaultLoadEventListener.java:108)
		at org.hibernate.event.internal.DefaultLoadEventListener.onLoad(DefaultLoadEventListener.java:74)
		at org.hibernate.event.service.internal.EventListenerGroupImpl.fireEventOnEachListener(EventListenerGroupImpl.java:118)
		at org.hibernate.internal.SessionImpl.fireLoadNoChecks(SessionImpl.java:1231)
		at org.hibernate.internal.SessionImpl.fireLoad(SessionImpl.java:1220)
		at org.hibernate.internal.SessionImpl.access$2100(SessionImpl.java:202)
		at org.hibernate.internal.SessionImpl$IdentifierLoadAccessImpl.doLoad(SessionImpl.java:2835)
		at org.hibernate.internal.SessionImpl$IdentifierLoadAccessImpl.lambda$load$1(SessionImpl.java:2812)
		at org.hibernate.internal.SessionImpl$IdentifierLoadAccessImpl.perform(SessionImpl.java:2768)
		at org.hibernate.internal.SessionImpl$IdentifierLoadAccessImpl.load(SessionImpl.java:2812)
		at org.hibernate.internal.SessionImpl.get(SessionImpl.java:1024)
		at org.hibernate.event.internal.DefaultMergeEventListener.entityIsDetached(DefaultMergeEventListener.java:306)
		at org.hibernate.event.internal.DefaultMergeEventListener.onMerge(DefaultMergeEventListener.java:172)
		at org.hibernate.event.internal.DefaultMergeEventListener.onMerge(DefaultMergeEventListener.java:70)
		at org.hibernate.event.service.internal.EventListenerGroupImpl.fireEventOnEachListener(EventListenerGroupImpl.java:107)
		at org.hibernate.internal.SessionImpl.fireMerge(SessionImpl.java:829)
		at org.hibernate.internal.SessionImpl.merge(SessionImpl.java:816)
		at sun.reflect.NativeMethodAccessorImpl.invoke0(Native Method)
		at sun.reflect.NativeMethodAccessorImpl.invoke(NativeMethodAccessorImpl.java:62)
		at sun.reflect.DelegatingMethodAccessorImpl.invoke(DelegatingMethodAccessorImpl.java:43)
		at java.lang.reflect.Method.invoke(Method.java:498)
		at org.springframework.orm.jpa.ExtendedEntityManagerCreator$ExtendedEntityManagerInvocationHandler.invoke(ExtendedEntityManagerCreator.java:362)
		at com.sun.proxy.$Proxy63.merge(Unknown Source)
		at com.xworkz.metroapplication.repository.MetroRepositoryImpl.saveLoginDetails(MetroRepositoryImpl.java:53)
		at com.xworkz.metroapplication.service.MetroServiceImpl.onSaveLoginDetails(MetroServiceImpl.java:57)
		at com.xworkz.metroapplication.controller.LoginController.onLoginSaveDetails(LoginController.java:30)
		at sun.reflect.NativeMethodAccessorImpl.invoke0(Native Method)
		at sun.reflect.NativeMethodAccessorImpl.invoke(NativeMethodAccessorImpl.java:62)
		at sun.reflect.DelegatingMethodAccessorImpl.invoke(DelegatingMethodAccessorImpl.java:43)
		at java.lang.reflect.Method.invoke(Method.java:498)
		at org.springframework.web.method.support.InvocableHandlerMethod.doInvoke(InvocableHandlerMethod.java:205)
		at org.springframework.web.method.support.InvocableHandlerMethod.invokeForRequest(InvocableHandlerMethod.java:150)
		at org.springframework.web.servlet.mvc.method.annotation.ServletInvocableHandlerMethod.invokeAndHandle(ServletInvocableHandlerMethod.java:117)
		at org.springframework.web.servlet.mvc.method.annotation.RequestMappingHandlerAdapter.invokeHandlerMethod(RequestMappingHandlerAdapter.java:895)
		at org.springframework.web.servlet.mvc.method.annotation.RequestMappingHandlerAdapter.handleInternal(RequestMappingHandlerAdapter.java:808)
		at org.springframework.web.servlet.mvc.method.AbstractHandlerMethodAdapter.handle(AbstractHandlerMethodAdapter.java:87)
		at org.springframework.web.servlet.DispatcherServlet.doDispatch(DispatcherServlet.java:1067)
		at org.springframework.web.servlet.DispatcherServlet.doService(DispatcherServlet.java:963)
		at org.springframework.web.servlet.FrameworkServlet.processRequest(FrameworkServlet.java:1006)
		at org.springframework.web.servlet.FrameworkServlet.doPost(FrameworkServlet.java:909)
		at javax.servlet.http.HttpServlet.service(HttpServlet.java:652)
		at org.springframework.web.servlet.FrameworkServlet.service(FrameworkServlet.java:883)
		at javax.servlet.http.HttpServlet.service(HttpServlet.java:733)
		at org.apache.catalina.core.ApplicationFilterChain.internalDoFilter(ApplicationFilterChain.java:231)
		at org.apache.catalina.core.ApplicationFilterChain.doFilter(ApplicationFilterChain.java:166)
		at org.apache.tomcat.websocket.server.WsFilter.doFilter(WsFilter.java:53)
		at org.apache.catalina.core.ApplicationFilterChain.internalDoFilter(ApplicationFilterChain.java:193)
		at org.apache.catalina.core.ApplicationFilterChain.doFilter(ApplicationFilterChain.java:166)
		at org.apache.catalina.core.StandardWrapperValve.invoke(StandardWrapperValve.java:202)
		at org.apache.catalina.core.StandardContextValve.invoke(StandardContextValve.java:97)
		at org.apache.catalina.authenticator.AuthenticatorBase.invoke(AuthenticatorBase.java:541)
		at org.apache.catalina.core.StandardHostValve.invoke(StandardHostValve.java:143)
		at org.apache.catalina.valves.ErrorReportValve.invoke(ErrorReportValve.java:92)
		at org.apache.catalina.valves.AbstractAccessLogValve.invoke(AbstractAccessLogValve.java:690)
		at org.apache.catalina.core.StandardEngineValve.invoke(StandardEngineValve.java:78)
		at org.apache.catalina.connector.CoyoteAdapter.service(CoyoteAdapter.java:343)
		at org.apache.coyote.http11.Http11Processor.service(Http11Processor.java:374)
		at org.apache.coyote.AbstractProcessorLight.process(AbstractProcessorLight.java:65)
		at org.apache.coyote.AbstractProtocol$ConnectionHandler.process(AbstractProtocol.java:868)
		at org.apache.tomcat.util.net.NioEndpoint$SocketProcessor.doRun(NioEndpoint.java:1590)
		at org.apache.tomcat.util.net.SocketProcessorBase.run(SocketProcessorBase.java:49)
		at java.util.concurrent.ThreadPoolExecutor.runWorker(ThreadPoolExecutor.java:1149)
		at java.util.concurrent.ThreadPoolExecutor$Worker.run(ThreadPoolExecutor.java:624)
		at org.apache.tomcat.util.threads.TaskThread$WrappingRunnable.run(TaskThread.java:61)
		at java.lang.Thread.run(Thread.java:748)
16-Sep-2024 15:30:09.926 INFO [Thread-5] org.apache.catalina.core.ApplicationContext.log Destroying Spring FrameworkServlet 'dispatcher'
16-Sep-2024 15:30:26.447 INFO [main] org.apache.catalina.core.ApplicationContext.log 1 Spring WebApplicationInitializers detected on classpath
16-Sep-2024 15:30:26.627 INFO [main] org.apache.catalina.core.ApplicationContext.log Initializing Spring DispatcherServlet 'dispatcher'
16-Sep-2024 15:31:13.106 SEVERE [http-nio-8082-exec-2] org.apache.catalina.core.StandardWrapperValve.invoke Servlet.service() for servlet [dispatcher] in context with path [/metro-application] threw exception [Request processing failed; nested exception is java.lang.RuntimeException: Error while saving login details] with root cause
	org.hibernate.PersistentObjectException: detached entity passed to persist: com.xworkz.metroapplication.entity.LoginEntity
		at org.hibernate.event.internal.DefaultPersistEventListener.onPersist(DefaultPersistEventListener.java:120)
		at org.hibernate.event.internal.DefaultPersistEventListener.onPersist(DefaultPersistEventListener.java:55)
		at org.hibernate.event.service.internal.EventListenerGroupImpl.fireEventOnEachListener(EventListenerGroupImpl.java:107)
		at org.hibernate.internal.SessionImpl.firePersist(SessionImpl.java:756)
		at org.hibernate.internal.SessionImpl.persist(SessionImpl.java:742)
		at sun.reflect.NativeMethodAccessorImpl.invoke0(Native Method)
		at sun.reflect.NativeMethodAccessorImpl.invoke(NativeMethodAccessorImpl.java:62)
		at sun.reflect.DelegatingMethodAccessorImpl.invoke(DelegatingMethodAccessorImpl.java:43)
		at java.lang.reflect.Method.invoke(Method.java:498)
		at org.springframework.orm.jpa.ExtendedEntityManagerCreator$ExtendedEntityManagerInvocationHandler.invoke(ExtendedEntityManagerCreator.java:362)
		at com.sun.proxy.$Proxy63.persist(Unknown Source)
		at com.xworkz.metroapplication.repository.MetroRepositoryImpl.saveLoginDetails(MetroRepositoryImpl.java:53)
		at com.xworkz.metroapplication.service.MetroServiceImpl.onSaveLoginDetails(MetroServiceImpl.java:57)
		at com.xworkz.metroapplication.controller.LoginController.onLoginSaveDetails(LoginController.java:30)
		at sun.reflect.NativeMethodAccessorImpl.invoke0(Native Method)
		at sun.reflect.NativeMethodAccessorImpl.invoke(NativeMethodAccessorImpl.java:62)
		at sun.reflect.DelegatingMethodAccessorImpl.invoke(DelegatingMethodAccessorImpl.java:43)
		at java.lang.reflect.Method.invoke(Method.java:498)
		at org.springframework.web.method.support.InvocableHandlerMethod.doInvoke(InvocableHandlerMethod.java:205)
		at org.springframework.web.method.support.InvocableHandlerMethod.invokeForRequest(InvocableHandlerMethod.java:150)
		at org.springframework.web.servlet.mvc.method.annotation.ServletInvocableHandlerMethod.invokeAndHandle(ServletInvocableHandlerMethod.java:117)
		at org.springframework.web.servlet.mvc.method.annotation.RequestMappingHandlerAdapter.invokeHandlerMethod(RequestMappingHandlerAdapter.java:895)
		at org.springframework.web.servlet.mvc.method.annotation.RequestMappingHandlerAdapter.handleInternal(RequestMappingHandlerAdapter.java:808)
		at org.springframework.web.servlet.mvc.method.AbstractHandlerMethodAdapter.handle(AbstractHandlerMethodAdapter.java:87)
		at org.springframework.web.servlet.DispatcherServlet.doDispatch(DispatcherServlet.java:1067)
		at org.springframework.web.servlet.DispatcherServlet.doService(DispatcherServlet.java:963)
		at org.springframework.web.servlet.FrameworkServlet.processRequest(FrameworkServlet.java:1006)
		at org.springframework.web.servlet.FrameworkServlet.doPost(FrameworkServlet.java:909)
		at javax.servlet.http.HttpServlet.service(HttpServlet.java:652)
		at org.springframework.web.servlet.FrameworkServlet.service(FrameworkServlet.java:883)
		at javax.servlet.http.HttpServlet.service(HttpServlet.java:733)
		at org.apache.catalina.core.ApplicationFilterChain.internalDoFilter(ApplicationFilterChain.java:231)
		at org.apache.catalina.core.ApplicationFilterChain.doFilter(ApplicationFilterChain.java:166)
		at org.apache.tomcat.websocket.server.WsFilter.doFilter(WsFilter.java:53)
		at org.apache.catalina.core.ApplicationFilterChain.internalDoFilter(ApplicationFilterChain.java:193)
		at org.apache.catalina.core.ApplicationFilterChain.doFilter(ApplicationFilterChain.java:166)
		at org.apache.catalina.core.StandardWrapperValve.invoke(StandardWrapperValve.java:202)
		at org.apache.catalina.core.StandardContextValve.invoke(StandardContextValve.java:97)
		at org.apache.catalina.authenticator.AuthenticatorBase.invoke(AuthenticatorBase.java:541)
		at org.apache.catalina.core.StandardHostValve.invoke(StandardHostValve.java:143)
		at org.apache.catalina.valves.ErrorReportValve.invoke(ErrorReportValve.java:92)
		at org.apache.catalina.valves.AbstractAccessLogValve.invoke(AbstractAccessLogValve.java:690)
		at org.apache.catalina.core.StandardEngineValve.invoke(StandardEngineValve.java:78)
		at org.apache.catalina.connector.CoyoteAdapter.service(CoyoteAdapter.java:343)
		at org.apache.coyote.http11.Http11Processor.service(Http11Processor.java:374)
		at org.apache.coyote.AbstractProcessorLight.process(AbstractProcessorLight.java:65)
		at org.apache.coyote.AbstractProtocol$ConnectionHandler.process(AbstractProtocol.java:868)
		at org.apache.tomcat.util.net.NioEndpoint$SocketProcessor.doRun(NioEndpoint.java:1590)
		at org.apache.tomcat.util.net.SocketProcessorBase.run(SocketProcessorBase.java:49)
		at java.util.concurrent.ThreadPoolExecutor.runWorker(ThreadPoolExecutor.java:1149)
		at java.util.concurrent.ThreadPoolExecutor$Worker.run(ThreadPoolExecutor.java:624)
		at org.apache.tomcat.util.threads.TaskThread$WrappingRunnable.run(TaskThread.java:61)
		at java.lang.Thread.run(Thread.java:748)
16-Sep-2024 15:32:42.825 INFO [Thread-5] org.apache.catalina.core.ApplicationContext.log Destroying Spring FrameworkServlet 'dispatcher'
16-Sep-2024 15:33:02.355 INFO [main] org.apache.catalina.core.ApplicationContext.log 1 Spring WebApplicationInitializers detected on classpath
16-Sep-2024 15:33:02.518 INFO [main] org.apache.catalina.core.ApplicationContext.log Initializing Spring DispatcherServlet 'dispatcher'
16-Sep-2024 15:33:18.869 SEVERE [http-nio-8082-exec-1] org.apache.catalina.core.StandardWrapperValve.invoke Servlet.service() for servlet [dispatcher] in context with path [/metro-application] threw exception [Request processing failed; nested exception is java.lang.RuntimeException: Error while saving login details] with root cause
	java.sql.SQLSyntaxErrorException: Unknown column 'loginentit0_.password' in 'field list'
		at com.mysql.cj.jdbc.exceptions.SQLError.createSQLException(SQLError.java:120)
		at com.mysql.cj.jdbc.exceptions.SQLExceptionsMapping.translateException(SQLExceptionsMapping.java:122)
		at com.mysql.cj.jdbc.ClientPreparedStatement.executeInternal(ClientPreparedStatement.java:916)
		at com.mysql.cj.jdbc.ClientPreparedStatement.executeQuery(ClientPreparedStatement.java:972)
		at org.hibernate.engine.jdbc.internal.ResultSetReturnImpl.extract(ResultSetReturnImpl.java:57)
		at org.hibernate.loader.Loader.getResultSet(Loader.java:2322)
		at org.hibernate.loader.Loader.executeQueryStatement(Loader.java:2075)
		at org.hibernate.loader.Loader.executeQueryStatement(Loader.java:2037)
		at org.hibernate.loader.Loader.doQuery(Loader.java:956)
		at org.hibernate.loader.Loader.doQueryAndInitializeNonLazyCollections(Loader.java:357)
		at org.hibernate.loader.Loader.doQueryAndInitializeNonLazyCollections(Loader.java:327)
		at org.hibernate.loader.Loader.loadEntity(Loader.java:2440)
		at org.hibernate.loader.entity.AbstractEntityLoader.load(AbstractEntityLoader.java:77)
		at org.hibernate.loader.entity.AbstractEntityLoader.load(AbstractEntityLoader.java:61)
		at org.hibernate.persister.entity.AbstractEntityPersister.doLoad(AbstractEntityPersister.java:4521)
		at org.hibernate.persister.entity.AbstractEntityPersister.load(AbstractEntityPersister.java:4511)
		at org.hibernate.event.internal.DefaultLoadEventListener.loadFromDatasource(DefaultLoadEventListener.java:571)
		at org.hibernate.event.internal.DefaultLoadEventListener.doLoad(DefaultLoadEventListener.java:539)
		at org.hibernate.event.internal.DefaultLoadEventListener.load(DefaultLoadEventListener.java:208)
		at org.hibernate.event.internal.DefaultLoadEventListener.proxyOrLoad(DefaultLoadEventListener.java:327)
		at org.hibernate.event.internal.DefaultLoadEventListener.doOnLoad(DefaultLoadEventListener.java:108)
		at org.hibernate.event.internal.DefaultLoadEventListener.onLoad(DefaultLoadEventListener.java:74)
		at org.hibernate.event.service.internal.EventListenerGroupImpl.fireEventOnEachListener(EventListenerGroupImpl.java:118)
		at org.hibernate.internal.SessionImpl.fireLoadNoChecks(SessionImpl.java:1231)
		at org.hibernate.internal.SessionImpl.fireLoad(SessionImpl.java:1220)
		at org.hibernate.internal.SessionImpl.access$2100(SessionImpl.java:202)
		at org.hibernate.internal.SessionImpl$IdentifierLoadAccessImpl.doLoad(SessionImpl.java:2835)
		at org.hibernate.internal.SessionImpl$IdentifierLoadAccessImpl.lambda$load$1(SessionImpl.java:2812)
		at org.hibernate.internal.SessionImpl$IdentifierLoadAccessImpl.perform(SessionImpl.java:2768)
		at org.hibernate.internal.SessionImpl$IdentifierLoadAccessImpl.load(SessionImpl.java:2812)
		at org.hibernate.internal.SessionImpl.get(SessionImpl.java:1024)
		at org.hibernate.event.internal.DefaultMergeEventListener.entityIsDetached(DefaultMergeEventListener.java:306)
		at org.hibernate.event.internal.DefaultMergeEventListener.onMerge(DefaultMergeEventListener.java:172)
		at org.hibernate.event.internal.DefaultMergeEventListener.onMerge(DefaultMergeEventListener.java:70)
		at org.hibernate.event.service.internal.EventListenerGroupImpl.fireEventOnEachListener(EventListenerGroupImpl.java:107)
		at org.hibernate.internal.SessionImpl.fireMerge(SessionImpl.java:829)
		at org.hibernate.internal.SessionImpl.merge(SessionImpl.java:816)
		at sun.reflect.NativeMethodAccessorImpl.invoke0(Native Method)
		at sun.reflect.NativeMethodAccessorImpl.invoke(NativeMethodAccessorImpl.java:62)
		at sun.reflect.DelegatingMethodAccessorImpl.invoke(DelegatingMethodAccessorImpl.java:43)
		at java.lang.reflect.Method.invoke(Method.java:498)
		at org.springframework.orm.jpa.ExtendedEntityManagerCreator$ExtendedEntityManagerInvocationHandler.invoke(ExtendedEntityManagerCreator.java:362)
		at com.sun.proxy.$Proxy63.merge(Unknown Source)
		at com.xworkz.metroapplication.repository.MetroRepositoryImpl.saveLoginDetails(MetroRepositoryImpl.java:53)
		at com.xworkz.metroapplication.service.MetroServiceImpl.onSaveLoginDetails(MetroServiceImpl.java:57)
		at com.xworkz.metroapplication.controller.LoginController.onLoginSaveDetails(LoginController.java:30)
		at sun.reflect.NativeMethodAccessorImpl.invoke0(Native Method)
		at sun.reflect.NativeMethodAccessorImpl.invoke(NativeMethodAccessorImpl.java:62)
		at sun.reflect.DelegatingMethodAccessorImpl.invoke(DelegatingMethodAccessorImpl.java:43)
		at java.lang.reflect.Method.invoke(Method.java:498)
		at org.springframework.web.method.support.InvocableHandlerMethod.doInvoke(InvocableHandlerMethod.java:205)
		at org.springframework.web.method.support.InvocableHandlerMethod.invokeForRequest(InvocableHandlerMethod.java:150)
		at org.springframework.web.servlet.mvc.method.annotation.ServletInvocableHandlerMethod.invokeAndHandle(ServletInvocableHandlerMethod.java:117)
		at org.springframework.web.servlet.mvc.method.annotation.RequestMappingHandlerAdapter.invokeHandlerMethod(RequestMappingHandlerAdapter.java:895)
		at org.springframework.web.servlet.mvc.method.annotation.RequestMappingHandlerAdapter.handleInternal(RequestMappingHandlerAdapter.java:808)
		at org.springframework.web.servlet.mvc.method.AbstractHandlerMethodAdapter.handle(AbstractHandlerMethodAdapter.java:87)
		at org.springframework.web.servlet.DispatcherServlet.doDispatch(DispatcherServlet.java:1067)
		at org.springframework.web.servlet.DispatcherServlet.doService(DispatcherServlet.java:963)
		at org.springframework.web.servlet.FrameworkServlet.processRequest(FrameworkServlet.java:1006)
		at org.springframework.web.servlet.FrameworkServlet.doPost(FrameworkServlet.java:909)
		at javax.servlet.http.HttpServlet.service(HttpServlet.java:652)
		at org.springframework.web.servlet.FrameworkServlet.service(FrameworkServlet.java:883)
		at javax.servlet.http.HttpServlet.service(HttpServlet.java:733)
		at org.apache.catalina.core.ApplicationFilterChain.internalDoFilter(ApplicationFilterChain.java:231)
		at org.apache.catalina.core.ApplicationFilterChain.doFilter(ApplicationFilterChain.java:166)
		at org.apache.tomcat.websocket.server.WsFilter.doFilter(WsFilter.java:53)
		at org.apache.catalina.core.ApplicationFilterChain.internalDoFilter(ApplicationFilterChain.java:193)
		at org.apache.catalina.core.ApplicationFilterChain.doFilter(ApplicationFilterChain.java:166)
		at org.apache.catalina.core.StandardWrapperValve.invoke(StandardWrapperValve.java:202)
		at org.apache.catalina.core.StandardContextValve.invoke(StandardContextValve.java:97)
		at org.apache.catalina.authenticator.AuthenticatorBase.invoke(AuthenticatorBase.java:541)
		at org.apache.catalina.core.StandardHostValve.invoke(StandardHostValve.java:143)
		at org.apache.catalina.valves.ErrorReportValve.invoke(ErrorReportValve.java:92)
		at org.apache.catalina.valves.AbstractAccessLogValve.invoke(AbstractAccessLogValve.java:690)
		at org.apache.catalina.core.StandardEngineValve.invoke(StandardEngineValve.java:78)
		at org.apache.catalina.connector.CoyoteAdapter.service(CoyoteAdapter.java:343)
		at org.apache.coyote.http11.Http11Processor.service(Http11Processor.java:374)
		at org.apache.coyote.AbstractProcessorLight.process(AbstractProcessorLight.java:65)
		at org.apache.coyote.AbstractProtocol$ConnectionHandler.process(AbstractProtocol.java:868)
		at org.apache.tomcat.util.net.NioEndpoint$SocketProcessor.doRun(NioEndpoint.java:1590)
		at org.apache.tomcat.util.net.SocketProcessorBase.run(SocketProcessorBase.java:49)
		at java.util.concurrent.ThreadPoolExecutor.runWorker(ThreadPoolExecutor.java:1149)
		at java.util.concurrent.ThreadPoolExecutor$Worker.run(ThreadPoolExecutor.java:624)
		at org.apache.tomcat.util.threads.TaskThread$WrappingRunnable.run(TaskThread.java:61)
		at java.lang.Thread.run(Thread.java:748)
16-Sep-2024 15:34:05.827 INFO [Thread-5] org.apache.catalina.core.ApplicationContext.log Destroying Spring FrameworkServlet 'dispatcher'
16-Sep-2024 15:34:14.106 INFO [main] org.apache.catalina.core.ApplicationContext.log 1 Spring WebApplicationInitializers detected on classpath
16-Sep-2024 15:34:14.272 INFO [main] org.apache.catalina.core.ApplicationContext.log Initializing Spring DispatcherServlet 'dispatcher'
16-Sep-2024 15:34:53.296 SEVERE [http-nio-8082-exec-1] org.apache.catalina.core.StandardWrapperValve.invoke Servlet.service() for servlet [dispatcher] in context with path [/metro-application] threw exception [Request processing failed; nested exception is java.lang.RuntimeException: Error while saving login details] with root cause
	java.sql.SQLSyntaxErrorException: Unknown column 'loginentit0_.password' in 'field list'
		at com.mysql.cj.jdbc.exceptions.SQLError.createSQLException(SQLError.java:120)
		at com.mysql.cj.jdbc.exceptions.SQLExceptionsMapping.translateException(SQLExceptionsMapping.java:122)
		at com.mysql.cj.jdbc.ClientPreparedStatement.executeInternal(ClientPreparedStatement.java:916)
		at com.mysql.cj.jdbc.ClientPreparedStatement.executeQuery(ClientPreparedStatement.java:972)
		at org.hibernate.engine.jdbc.internal.ResultSetReturnImpl.extract(ResultSetReturnImpl.java:57)
		at org.hibernate.loader.Loader.getResultSet(Loader.java:2322)
		at org.hibernate.loader.Loader.executeQueryStatement(Loader.java:2075)
		at org.hibernate.loader.Loader.executeQueryStatement(Loader.java:2037)
		at org.hibernate.loader.Loader.doQuery(Loader.java:956)
		at org.hibernate.loader.Loader.doQueryAndInitializeNonLazyCollections(Loader.java:357)
		at org.hibernate.loader.Loader.doQueryAndInitializeNonLazyCollections(Loader.java:327)
		at org.hibernate.loader.Loader.loadEntity(Loader.java:2440)
		at org.hibernate.loader.entity.AbstractEntityLoader.load(AbstractEntityLoader.java:77)
		at org.hibernate.loader.entity.AbstractEntityLoader.load(AbstractEntityLoader.java:61)
		at org.hibernate.persister.entity.AbstractEntityPersister.doLoad(AbstractEntityPersister.java:4521)
		at org.hibernate.persister.entity.AbstractEntityPersister.load(AbstractEntityPersister.java:4511)
		at org.hibernate.event.internal.DefaultLoadEventListener.loadFromDatasource(DefaultLoadEventListener.java:571)
		at org.hibernate.event.internal.DefaultLoadEventListener.doLoad(DefaultLoadEventListener.java:539)
		at org.hibernate.event.internal.DefaultLoadEventListener.load(DefaultLoadEventListener.java:208)
		at org.hibernate.event.internal.DefaultLoadEventListener.proxyOrLoad(DefaultLoadEventListener.java:327)
		at org.hibernate.event.internal.DefaultLoadEventListener.doOnLoad(DefaultLoadEventListener.java:108)
		at org.hibernate.event.internal.DefaultLoadEventListener.onLoad(DefaultLoadEventListener.java:74)
		at org.hibernate.event.service.internal.EventListenerGroupImpl.fireEventOnEachListener(EventListenerGroupImpl.java:118)
		at org.hibernate.internal.SessionImpl.fireLoadNoChecks(SessionImpl.java:1231)
		at org.hibernate.internal.SessionImpl.fireLoad(SessionImpl.java:1220)
		at org.hibernate.internal.SessionImpl.access$2100(SessionImpl.java:202)
		at org.hibernate.internal.SessionImpl$IdentifierLoadAccessImpl.doLoad(SessionImpl.java:2835)
		at org.hibernate.internal.SessionImpl$IdentifierLoadAccessImpl.lambda$load$1(SessionImpl.java:2812)
		at org.hibernate.internal.SessionImpl$IdentifierLoadAccessImpl.perform(SessionImpl.java:2768)
		at org.hibernate.internal.SessionImpl$IdentifierLoadAccessImpl.load(SessionImpl.java:2812)
		at org.hibernate.internal.SessionImpl.get(SessionImpl.java:1024)
		at org.hibernate.event.internal.DefaultMergeEventListener.entityIsDetached(DefaultMergeEventListener.java:306)
		at org.hibernate.event.internal.DefaultMergeEventListener.onMerge(DefaultMergeEventListener.java:172)
		at org.hibernate.event.internal.DefaultMergeEventListener.onMerge(DefaultMergeEventListener.java:70)
		at org.hibernate.event.service.internal.EventListenerGroupImpl.fireEventOnEachListener(EventListenerGroupImpl.java:107)
		at org.hibernate.internal.SessionImpl.fireMerge(SessionImpl.java:829)
		at org.hibernate.internal.SessionImpl.merge(SessionImpl.java:816)
		at sun.reflect.NativeMethodAccessorImpl.invoke0(Native Method)
		at sun.reflect.NativeMethodAccessorImpl.invoke(NativeMethodAccessorImpl.java:62)
		at sun.reflect.DelegatingMethodAccessorImpl.invoke(DelegatingMethodAccessorImpl.java:43)
		at java.lang.reflect.Method.invoke(Method.java:498)
		at org.springframework.orm.jpa.ExtendedEntityManagerCreator$ExtendedEntityManagerInvocationHandler.invoke(ExtendedEntityManagerCreator.java:362)
		at com.sun.proxy.$Proxy63.merge(Unknown Source)
		at com.xworkz.metroapplication.repository.MetroRepositoryImpl.saveLoginDetails(MetroRepositoryImpl.java:53)
		at com.xworkz.metroapplication.service.MetroServiceImpl.onSaveLoginDetails(MetroServiceImpl.java:57)
		at com.xworkz.metroapplication.controller.LoginController.onLoginSaveDetails(LoginController.java:30)
		at sun.reflect.NativeMethodAccessorImpl.invoke0(Native Method)
		at sun.reflect.NativeMethodAccessorImpl.invoke(NativeMethodAccessorImpl.java:62)
		at sun.reflect.DelegatingMethodAccessorImpl.invoke(DelegatingMethodAccessorImpl.java:43)
		at java.lang.reflect.Method.invoke(Method.java:498)
		at org.springframework.web.method.support.InvocableHandlerMethod.doInvoke(InvocableHandlerMethod.java:205)
		at org.springframework.web.method.support.InvocableHandlerMethod.invokeForRequest(InvocableHandlerMethod.java:150)
		at org.springframework.web.servlet.mvc.method.annotation.ServletInvocableHandlerMethod.invokeAndHandle(ServletInvocableHandlerMethod.java:117)
		at org.springframework.web.servlet.mvc.method.annotation.RequestMappingHandlerAdapter.invokeHandlerMethod(RequestMappingHandlerAdapter.java:895)
		at org.springframework.web.servlet.mvc.method.annotation.RequestMappingHandlerAdapter.handleInternal(RequestMappingHandlerAdapter.java:808)
		at org.springframework.web.servlet.mvc.method.AbstractHandlerMethodAdapter.handle(AbstractHandlerMethodAdapter.java:87)
		at org.springframework.web.servlet.DispatcherServlet.doDispatch(DispatcherServlet.java:1067)
		at org.springframework.web.servlet.DispatcherServlet.doService(DispatcherServlet.java:963)
		at org.springframework.web.servlet.FrameworkServlet.processRequest(FrameworkServlet.java:1006)
		at org.springframework.web.servlet.FrameworkServlet.doPost(FrameworkServlet.java:909)
		at javax.servlet.http.HttpServlet.service(HttpServlet.java:652)
		at org.springframework.web.servlet.FrameworkServlet.service(FrameworkServlet.java:883)
		at javax.servlet.http.HttpServlet.service(HttpServlet.java:733)
		at org.apache.catalina.core.ApplicationFilterChain.internalDoFilter(ApplicationFilterChain.java:231)
		at org.apache.catalina.core.ApplicationFilterChain.doFilter(ApplicationFilterChain.java:166)
		at org.apache.tomcat.websocket.server.WsFilter.doFilter(WsFilter.java:53)
		at org.apache.catalina.core.ApplicationFilterChain.internalDoFilter(ApplicationFilterChain.java:193)
		at org.apache.catalina.core.ApplicationFilterChain.doFilter(ApplicationFilterChain.java:166)
		at org.apache.catalina.core.StandardWrapperValve.invoke(StandardWrapperValve.java:202)
		at org.apache.catalina.core.StandardContextValve.invoke(StandardContextValve.java:97)
		at org.apache.catalina.authenticator.AuthenticatorBase.invoke(AuthenticatorBase.java:541)
		at org.apache.catalina.core.StandardHostValve.invoke(StandardHostValve.java:143)
		at org.apache.catalina.valves.ErrorReportValve.invoke(ErrorReportValve.java:92)
		at org.apache.catalina.valves.AbstractAccessLogValve.invoke(AbstractAccessLogValve.java:690)
		at org.apache.catalina.core.StandardEngineValve.invoke(StandardEngineValve.java:78)
		at org.apache.catalina.connector.CoyoteAdapter.service(CoyoteAdapter.java:343)
		at org.apache.coyote.http11.Http11Processor.service(Http11Processor.java:374)
		at org.apache.coyote.AbstractProcessorLight.process(AbstractProcessorLight.java:65)
		at org.apache.coyote.AbstractProtocol$ConnectionHandler.process(AbstractProtocol.java:868)
		at org.apache.tomcat.util.net.NioEndpoint$SocketProcessor.doRun(NioEndpoint.java:1590)
		at org.apache.tomcat.util.net.SocketProcessorBase.run(SocketProcessorBase.java:49)
		at java.util.concurrent.ThreadPoolExecutor.runWorker(ThreadPoolExecutor.java:1149)
		at java.util.concurrent.ThreadPoolExecutor$Worker.run(ThreadPoolExecutor.java:624)
		at org.apache.tomcat.util.threads.TaskThread$WrappingRunnable.run(TaskThread.java:61)
		at java.lang.Thread.run(Thread.java:748)
16-Sep-2024 15:37:46.032 INFO [Thread-5] org.apache.catalina.core.ApplicationContext.log Destroying Spring FrameworkServlet 'dispatcher'
16-Sep-2024 15:37:59.690 INFO [main] org.apache.catalina.core.ApplicationContext.log 1 Spring WebApplicationInitializers detected on classpath
16-Sep-2024 15:37:59.854 INFO [main] org.apache.catalina.core.ApplicationContext.log Initializing Spring DispatcherServlet 'dispatcher'
16-Sep-2024 16:05:20.060 SEVERE [http-nio-8082-exec-3] org.apache.catalina.core.StandardWrapperValve.invoke Servlet.service() for servlet [dispatcher] in context with path [/metro-application] threw exception [Request processing failed; nested exception is java.lang.RuntimeException: Error while saving login details] with root cause
	java.sql.SQLSyntaxErrorException: Unknown column 'loginentit0_.password' in 'field list'
		at com.mysql.cj.jdbc.exceptions.SQLError.createSQLException(SQLError.java:120)
		at com.mysql.cj.jdbc.exceptions.SQLExceptionsMapping.translateException(SQLExceptionsMapping.java:122)
		at com.mysql.cj.jdbc.ClientPreparedStatement.executeInternal(ClientPreparedStatement.java:916)
		at com.mysql.cj.jdbc.ClientPreparedStatement.executeQuery(ClientPreparedStatement.java:972)
		at org.hibernate.engine.jdbc.internal.ResultSetReturnImpl.extract(ResultSetReturnImpl.java:57)
		at org.hibernate.loader.Loader.getResultSet(Loader.java:2322)
		at org.hibernate.loader.Loader.executeQueryStatement(Loader.java:2075)
		at org.hibernate.loader.Loader.executeQueryStatement(Loader.java:2037)
		at org.hibernate.loader.Loader.doQuery(Loader.java:956)
		at org.hibernate.loader.Loader.doQueryAndInitializeNonLazyCollections(Loader.java:357)
		at org.hibernate.loader.Loader.doQueryAndInitializeNonLazyCollections(Loader.java:327)
		at org.hibernate.loader.Loader.loadEntity(Loader.java:2440)
		at org.hibernate.loader.entity.AbstractEntityLoader.load(AbstractEntityLoader.java:77)
		at org.hibernate.loader.entity.AbstractEntityLoader.load(AbstractEntityLoader.java:61)
		at org.hibernate.persister.entity.AbstractEntityPersister.doLoad(AbstractEntityPersister.java:4521)
		at org.hibernate.persister.entity.AbstractEntityPersister.load(AbstractEntityPersister.java:4511)
		at org.hibernate.event.internal.DefaultLoadEventListener.loadFromDatasource(DefaultLoadEventListener.java:571)
		at org.hibernate.event.internal.DefaultLoadEventListener.doLoad(DefaultLoadEventListener.java:539)
		at org.hibernate.event.internal.DefaultLoadEventListener.load(DefaultLoadEventListener.java:208)
		at org.hibernate.event.internal.DefaultLoadEventListener.proxyOrLoad(DefaultLoadEventListener.java:327)
		at org.hibernate.event.internal.DefaultLoadEventListener.doOnLoad(DefaultLoadEventListener.java:108)
		at org.hibernate.event.internal.DefaultLoadEventListener.onLoad(DefaultLoadEventListener.java:74)
		at org.hibernate.event.service.internal.EventListenerGroupImpl.fireEventOnEachListener(EventListenerGroupImpl.java:118)
		at org.hibernate.internal.SessionImpl.fireLoadNoChecks(SessionImpl.java:1231)
		at org.hibernate.internal.SessionImpl.fireLoad(SessionImpl.java:1220)
		at org.hibernate.internal.SessionImpl.access$2100(SessionImpl.java:202)
		at org.hibernate.internal.SessionImpl$IdentifierLoadAccessImpl.doLoad(SessionImpl.java:2835)
		at org.hibernate.internal.SessionImpl$IdentifierLoadAccessImpl.lambda$load$1(SessionImpl.java:2812)
		at org.hibernate.internal.SessionImpl$IdentifierLoadAccessImpl.perform(SessionImpl.java:2768)
		at org.hibernate.internal.SessionImpl$IdentifierLoadAccessImpl.load(SessionImpl.java:2812)
		at org.hibernate.internal.SessionImpl.get(SessionImpl.java:1024)
		at org.hibernate.event.internal.DefaultMergeEventListener.entityIsDetached(DefaultMergeEventListener.java:306)
		at org.hibernate.event.internal.DefaultMergeEventListener.onMerge(DefaultMergeEventListener.java:172)
		at org.hibernate.event.internal.DefaultMergeEventListener.onMerge(DefaultMergeEventListener.java:70)
		at org.hibernate.event.service.internal.EventListenerGroupImpl.fireEventOnEachListener(EventListenerGroupImpl.java:107)
		at org.hibernate.internal.SessionImpl.fireMerge(SessionImpl.java:829)
		at org.hibernate.internal.SessionImpl.merge(SessionImpl.java:816)
		at sun.reflect.NativeMethodAccessorImpl.invoke0(Native Method)
		at sun.reflect.NativeMethodAccessorImpl.invoke(NativeMethodAccessorImpl.java:62)
		at sun.reflect.DelegatingMethodAccessorImpl.invoke(DelegatingMethodAccessorImpl.java:43)
		at java.lang.reflect.Method.invoke(Method.java:498)
		at org.springframework.orm.jpa.ExtendedEntityManagerCreator$ExtendedEntityManagerInvocationHandler.invoke(ExtendedEntityManagerCreator.java:362)
		at com.sun.proxy.$Proxy63.merge(Unknown Source)
		at com.xworkz.metroapplication.repository.MetroRepositoryImpl.saveLoginDetails(MetroRepositoryImpl.java:53)
		at com.xworkz.metroapplication.service.MetroServiceImpl.onSaveLoginDetails(MetroServiceImpl.java:59)
		at com.xworkz.metroapplication.controller.LoginController.onLoginSaveDetails(LoginController.java:30)
		at sun.reflect.NativeMethodAccessorImpl.invoke0(Native Method)
		at sun.reflect.NativeMethodAccessorImpl.invoke(NativeMethodAccessorImpl.java:62)
		at sun.reflect.DelegatingMethodAccessorImpl.invoke(DelegatingMethodAccessorImpl.java:43)
		at java.lang.reflect.Method.invoke(Method.java:498)
		at org.springframework.web.method.support.InvocableHandlerMethod.doInvoke(InvocableHandlerMethod.java:205)
		at org.springframework.web.method.support.InvocableHandlerMethod.invokeForRequest(InvocableHandlerMethod.java:150)
		at org.springframework.web.servlet.mvc.method.annotation.ServletInvocableHandlerMethod.invokeAndHandle(ServletInvocableHandlerMethod.java:117)
		at org.springframework.web.servlet.mvc.method.annotation.RequestMappingHandlerAdapter.invokeHandlerMethod(RequestMappingHandlerAdapter.java:895)
		at org.springframework.web.servlet.mvc.method.annotation.RequestMappingHandlerAdapter.handleInternal(RequestMappingHandlerAdapter.java:808)
		at org.springframework.web.servlet.mvc.method.AbstractHandlerMethodAdapter.handle(AbstractHandlerMethodAdapter.java:87)
		at org.springframework.web.servlet.DispatcherServlet.doDispatch(DispatcherServlet.java:1067)
		at org.springframework.web.servlet.DispatcherServlet.doService(DispatcherServlet.java:963)
		at org.springframework.web.servlet.FrameworkServlet.processRequest(FrameworkServlet.java:1006)
		at org.springframework.web.servlet.FrameworkServlet.doPost(FrameworkServlet.java:909)
		at javax.servlet.http.HttpServlet.service(HttpServlet.java:652)
		at org.springframework.web.servlet.FrameworkServlet.service(FrameworkServlet.java:883)
		at javax.servlet.http.HttpServlet.service(HttpServlet.java:733)
		at org.apache.catalina.core.ApplicationFilterChain.internalDoFilter(ApplicationFilterChain.java:231)
		at org.apache.catalina.core.ApplicationFilterChain.doFilter(ApplicationFilterChain.java:166)
		at org.apache.tomcat.websocket.server.WsFilter.doFilter(WsFilter.java:53)
		at org.apache.catalina.core.ApplicationFilterChain.internalDoFilter(ApplicationFilterChain.java:193)
		at org.apache.catalina.core.ApplicationFilterChain.doFilter(ApplicationFilterChain.java:166)
		at org.apache.catalina.core.StandardWrapperValve.invoke(StandardWrapperValve.java:202)
		at org.apache.catalina.core.StandardContextValve.invoke(StandardContextValve.java:97)
		at org.apache.catalina.authenticator.AuthenticatorBase.invoke(AuthenticatorBase.java:541)
		at org.apache.catalina.core.StandardHostValve.invoke(StandardHostValve.java:143)
		at org.apache.catalina.valves.ErrorReportValve.invoke(ErrorReportValve.java:92)
		at org.apache.catalina.valves.AbstractAccessLogValve.invoke(AbstractAccessLogValve.java:690)
		at org.apache.catalina.core.StandardEngineValve.invoke(StandardEngineValve.java:78)
		at org.apache.catalina.connector.CoyoteAdapter.service(CoyoteAdapter.java:343)
		at org.apache.coyote.http11.Http11Processor.service(Http11Processor.java:374)
		at org.apache.coyote.AbstractProcessorLight.process(AbstractProcessorLight.java:65)
		at org.apache.coyote.AbstractProtocol$ConnectionHandler.process(AbstractProtocol.java:868)
		at org.apache.tomcat.util.net.NioEndpoint$SocketProcessor.doRun(NioEndpoint.java:1590)
		at org.apache.tomcat.util.net.SocketProcessorBase.run(SocketProcessorBase.java:49)
		at java.util.concurrent.ThreadPoolExecutor.runWorker(ThreadPoolExecutor.java:1149)
		at java.util.concurrent.ThreadPoolExecutor$Worker.run(ThreadPoolExecutor.java:624)
		at org.apache.tomcat.util.threads.TaskThread$WrappingRunnable.run(TaskThread.java:61)
		at java.lang.Thread.run(Thread.java:748)
16-Sep-2024 16:05:36.731 SEVERE [http-nio-8082-exec-5] org.apache.catalina.core.StandardWrapperValve.invoke Servlet.service() for servlet [dispatcher] in context with path [/metro-application] threw exception [Request processing failed; nested exception is java.lang.RuntimeException: Error while saving login details] with root cause
	java.sql.SQLSyntaxErrorException: Unknown column 'loginentit0_.password' in 'field list'
		at com.mysql.cj.jdbc.exceptions.SQLError.createSQLException(SQLError.java:120)
		at com.mysql.cj.jdbc.exceptions.SQLExceptionsMapping.translateException(SQLExceptionsMapping.java:122)
		at com.mysql.cj.jdbc.ClientPreparedStatement.executeInternal(ClientPreparedStatement.java:916)
		at com.mysql.cj.jdbc.ClientPreparedStatement.executeQuery(ClientPreparedStatement.java:972)
		at org.hibernate.engine.jdbc.internal.ResultSetReturnImpl.extract(ResultSetReturnImpl.java:57)
		at org.hibernate.loader.Loader.getResultSet(Loader.java:2322)
		at org.hibernate.loader.Loader.executeQueryStatement(Loader.java:2075)
		at org.hibernate.loader.Loader.executeQueryStatement(Loader.java:2037)
		at org.hibernate.loader.Loader.doQuery(Loader.java:956)
		at org.hibernate.loader.Loader.doQueryAndInitializeNonLazyCollections(Loader.java:357)
		at org.hibernate.loader.Loader.doQueryAndInitializeNonLazyCollections(Loader.java:327)
		at org.hibernate.loader.Loader.loadEntity(Loader.java:2440)
		at org.hibernate.loader.entity.AbstractEntityLoader.load(AbstractEntityLoader.java:77)
		at org.hibernate.loader.entity.AbstractEntityLoader.load(AbstractEntityLoader.java:61)
		at org.hibernate.persister.entity.AbstractEntityPersister.doLoad(AbstractEntityPersister.java:4521)
		at org.hibernate.persister.entity.AbstractEntityPersister.load(AbstractEntityPersister.java:4511)
		at org.hibernate.event.internal.DefaultLoadEventListener.loadFromDatasource(DefaultLoadEventListener.java:571)
		at org.hibernate.event.internal.DefaultLoadEventListener.doLoad(DefaultLoadEventListener.java:539)
		at org.hibernate.event.internal.DefaultLoadEventListener.load(DefaultLoadEventListener.java:208)
		at org.hibernate.event.internal.DefaultLoadEventListener.proxyOrLoad(DefaultLoadEventListener.java:327)
		at org.hibernate.event.internal.DefaultLoadEventListener.doOnLoad(DefaultLoadEventListener.java:108)
		at org.hibernate.event.internal.DefaultLoadEventListener.onLoad(DefaultLoadEventListener.java:74)
		at org.hibernate.event.service.internal.EventListenerGroupImpl.fireEventOnEachListener(EventListenerGroupImpl.java:118)
		at org.hibernate.internal.SessionImpl.fireLoadNoChecks(SessionImpl.java:1231)
		at org.hibernate.internal.SessionImpl.fireLoad(SessionImpl.java:1220)
		at org.hibernate.internal.SessionImpl.access$2100(SessionImpl.java:202)
		at org.hibernate.internal.SessionImpl$IdentifierLoadAccessImpl.doLoad(SessionImpl.java:2835)
		at org.hibernate.internal.SessionImpl$IdentifierLoadAccessImpl.lambda$load$1(SessionImpl.java:2812)
		at org.hibernate.internal.SessionImpl$IdentifierLoadAccessImpl.perform(SessionImpl.java:2768)
		at org.hibernate.internal.SessionImpl$IdentifierLoadAccessImpl.load(SessionImpl.java:2812)
		at org.hibernate.internal.SessionImpl.get(SessionImpl.java:1024)
		at org.hibernate.event.internal.DefaultMergeEventListener.entityIsDetached(DefaultMergeEventListener.java:306)
		at org.hibernate.event.internal.DefaultMergeEventListener.onMerge(DefaultMergeEventListener.java:172)
		at org.hibernate.event.internal.DefaultMergeEventListener.onMerge(DefaultMergeEventListener.java:70)
		at org.hibernate.event.service.internal.EventListenerGroupImpl.fireEventOnEachListener(EventListenerGroupImpl.java:107)
		at org.hibernate.internal.SessionImpl.fireMerge(SessionImpl.java:829)
		at org.hibernate.internal.SessionImpl.merge(SessionImpl.java:816)
		at sun.reflect.NativeMethodAccessorImpl.invoke0(Native Method)
		at sun.reflect.NativeMethodAccessorImpl.invoke(NativeMethodAccessorImpl.java:62)
		at sun.reflect.DelegatingMethodAccessorImpl.invoke(DelegatingMethodAccessorImpl.java:43)
		at java.lang.reflect.Method.invoke(Method.java:498)
		at org.springframework.orm.jpa.ExtendedEntityManagerCreator$ExtendedEntityManagerInvocationHandler.invoke(ExtendedEntityManagerCreator.java:362)
		at com.sun.proxy.$Proxy63.merge(Unknown Source)
		at com.xworkz.metroapplication.repository.MetroRepositoryImpl.saveLoginDetails(MetroRepositoryImpl.java:53)
		at com.xworkz.metroapplication.service.MetroServiceImpl.onSaveLoginDetails(MetroServiceImpl.java:59)
		at com.xworkz.metroapplication.controller.LoginController.onLoginSaveDetails(LoginController.java:30)
		at sun.reflect.NativeMethodAccessorImpl.invoke0(Native Method)
		at sun.reflect.NativeMethodAccessorImpl.invoke(NativeMethodAccessorImpl.java:62)
		at sun.reflect.DelegatingMethodAccessorImpl.invoke(DelegatingMethodAccessorImpl.java:43)
		at java.lang.reflect.Method.invoke(Method.java:498)
		at org.springframework.web.method.support.InvocableHandlerMethod.doInvoke(InvocableHandlerMethod.java:205)
		at org.springframework.web.method.support.InvocableHandlerMethod.invokeForRequest(InvocableHandlerMethod.java:150)
		at org.springframework.web.servlet.mvc.method.annotation.ServletInvocableHandlerMethod.invokeAndHandle(ServletInvocableHandlerMethod.java:117)
		at org.springframework.web.servlet.mvc.method.annotation.RequestMappingHandlerAdapter.invokeHandlerMethod(RequestMappingHandlerAdapter.java:895)
		at org.springframework.web.servlet.mvc.method.annotation.RequestMappingHandlerAdapter.handleInternal(RequestMappingHandlerAdapter.java:808)
		at org.springframework.web.servlet.mvc.method.AbstractHandlerMethodAdapter.handle(AbstractHandlerMethodAdapter.java:87)
		at org.springframework.web.servlet.DispatcherServlet.doDispatch(DispatcherServlet.java:1067)
		at org.springframework.web.servlet.DispatcherServlet.doService(DispatcherServlet.java:963)
		at org.springframework.web.servlet.FrameworkServlet.processRequest(FrameworkServlet.java:1006)
		at org.springframework.web.servlet.FrameworkServlet.doPost(FrameworkServlet.java:909)
		at javax.servlet.http.HttpServlet.service(HttpServlet.java:652)
		at org.springframework.web.servlet.FrameworkServlet.service(FrameworkServlet.java:883)
		at javax.servlet.http.HttpServlet.service(HttpServlet.java:733)
		at org.apache.catalina.core.ApplicationFilterChain.internalDoFilter(ApplicationFilterChain.java:231)
		at org.apache.catalina.core.ApplicationFilterChain.doFilter(ApplicationFilterChain.java:166)
		at org.apache.tomcat.websocket.server.WsFilter.doFilter(WsFilter.java:53)
		at org.apache.catalina.core.ApplicationFilterChain.internalDoFilter(ApplicationFilterChain.java:193)
		at org.apache.catalina.core.ApplicationFilterChain.doFilter(ApplicationFilterChain.java:166)
		at org.apache.catalina.core.StandardWrapperValve.invoke(StandardWrapperValve.java:202)
		at org.apache.catalina.core.StandardContextValve.invoke(StandardContextValve.java:97)
		at org.apache.catalina.authenticator.AuthenticatorBase.invoke(AuthenticatorBase.java:541)
		at org.apache.catalina.core.StandardHostValve.invoke(StandardHostValve.java:143)
		at org.apache.catalina.valves.ErrorReportValve.invoke(ErrorReportValve.java:92)
		at org.apache.catalina.valves.AbstractAccessLogValve.invoke(AbstractAccessLogValve.java:690)
		at org.apache.catalina.core.StandardEngineValve.invoke(StandardEngineValve.java:78)
		at org.apache.catalina.connector.CoyoteAdapter.service(CoyoteAdapter.java:343)
		at org.apache.coyote.http11.Http11Processor.service(Http11Processor.java:374)
		at org.apache.coyote.AbstractProcessorLight.process(AbstractProcessorLight.java:65)
		at org.apache.coyote.AbstractProtocol$ConnectionHandler.process(AbstractProtocol.java:868)
		at org.apache.tomcat.util.net.NioEndpoint$SocketProcessor.doRun(NioEndpoint.java:1590)
		at org.apache.tomcat.util.net.SocketProcessorBase.run(SocketProcessorBase.java:49)
		at java.util.concurrent.ThreadPoolExecutor.runWorker(ThreadPoolExecutor.java:1149)
		at java.util.concurrent.ThreadPoolExecutor$Worker.run(ThreadPoolExecutor.java:624)
		at org.apache.tomcat.util.threads.TaskThread$WrappingRunnable.run(TaskThread.java:61)
		at java.lang.Thread.run(Thread.java:748)
16-Sep-2024 16:06:52.431 INFO [Thread-5] org.apache.catalina.core.ApplicationContext.log Destroying Spring FrameworkServlet 'dispatcher'
16-Sep-2024 16:07:08.698 INFO [main] org.apache.catalina.core.ApplicationContext.log 1 Spring WebApplicationInitializers detected on classpath
16-Sep-2024 16:07:08.898 INFO [main] org.apache.catalina.core.ApplicationContext.log Initializing Spring DispatcherServlet 'dispatcher'
16-Sep-2024 16:10:33.975 INFO [Thread-5] org.apache.catalina.core.ApplicationContext.log Destroying Spring FrameworkServlet 'dispatcher'
16-Sep-2024 16:10:51.230 INFO [main] org.apache.catalina.core.ApplicationContext.log 1 Spring WebApplicationInitializers detected on classpath
16-Sep-2024 16:10:51.412 INFO [main] org.apache.catalina.core.ApplicationContext.log Initializing Spring DispatcherServlet 'dispatcher'
16-Sep-2024 16:11:44.591 SEVERE [http-nio-8082-exec-4] org.apache.catalina.core.StandardWrapperValve.invoke Servlet.service() for servlet [dispatcher] in context with path [/metro-application] threw exception [Request processing failed; nested exception is java.lang.RuntimeException: Error while saving login details] with root cause
	org.hibernate.PersistentObjectException: detached entity passed to persist: com.xworkz.metroapplication.entity.LoginEntity
		at org.hibernate.event.internal.DefaultPersistEventListener.onPersist(DefaultPersistEventListener.java:120)
		at org.hibernate.event.internal.DefaultPersistEventListener.onPersist(DefaultPersistEventListener.java:55)
		at org.hibernate.event.service.internal.EventListenerGroupImpl.fireEventOnEachListener(EventListenerGroupImpl.java:107)
		at org.hibernate.internal.SessionImpl.firePersist(SessionImpl.java:756)
		at org.hibernate.internal.SessionImpl.persist(SessionImpl.java:742)
		at sun.reflect.NativeMethodAccessorImpl.invoke0(Native Method)
		at sun.reflect.NativeMethodAccessorImpl.invoke(NativeMethodAccessorImpl.java:62)
		at sun.reflect.DelegatingMethodAccessorImpl.invoke(DelegatingMethodAccessorImpl.java:43)
		at java.lang.reflect.Method.invoke(Method.java:498)
		at org.springframework.orm.jpa.ExtendedEntityManagerCreator$ExtendedEntityManagerInvocationHandler.invoke(ExtendedEntityManagerCreator.java:362)
		at com.sun.proxy.$Proxy63.persist(Unknown Source)
		at com.xworkz.metroapplication.repository.MetroRepositoryImpl.saveLoginDetails(MetroRepositoryImpl.java:53)
		at com.xworkz.metroapplication.service.MetroServiceImpl.onSaveLoginDetails(MetroServiceImpl.java:59)
		at com.xworkz.metroapplication.controller.LoginController.onLoginSaveDetails(LoginController.java:30)
		at sun.reflect.NativeMethodAccessorImpl.invoke0(Native Method)
		at sun.reflect.NativeMethodAccessorImpl.invoke(NativeMethodAccessorImpl.java:62)
		at sun.reflect.DelegatingMethodAccessorImpl.invoke(DelegatingMethodAccessorImpl.java:43)
		at java.lang.reflect.Method.invoke(Method.java:498)
		at org.springframework.web.method.support.InvocableHandlerMethod.doInvoke(InvocableHandlerMethod.java:205)
		at org.springframework.web.method.support.InvocableHandlerMethod.invokeForRequest(InvocableHandlerMethod.java:150)
		at org.springframework.web.servlet.mvc.method.annotation.ServletInvocableHandlerMethod.invokeAndHandle(ServletInvocableHandlerMethod.java:117)
		at org.springframework.web.servlet.mvc.method.annotation.RequestMappingHandlerAdapter.invokeHandlerMethod(RequestMappingHandlerAdapter.java:895)
		at org.springframework.web.servlet.mvc.method.annotation.RequestMappingHandlerAdapter.handleInternal(RequestMappingHandlerAdapter.java:808)
		at org.springframework.web.servlet.mvc.method.AbstractHandlerMethodAdapter.handle(AbstractHandlerMethodAdapter.java:87)
		at org.springframework.web.servlet.DispatcherServlet.doDispatch(DispatcherServlet.java:1067)
		at org.springframework.web.servlet.DispatcherServlet.doService(DispatcherServlet.java:963)
		at org.springframework.web.servlet.FrameworkServlet.processRequest(FrameworkServlet.java:1006)
		at org.springframework.web.servlet.FrameworkServlet.doPost(FrameworkServlet.java:909)
		at javax.servlet.http.HttpServlet.service(HttpServlet.java:652)
		at org.springframework.web.servlet.FrameworkServlet.service(FrameworkServlet.java:883)
		at javax.servlet.http.HttpServlet.service(HttpServlet.java:733)
		at org.apache.catalina.core.ApplicationFilterChain.internalDoFilter(ApplicationFilterChain.java:231)
		at org.apache.catalina.core.ApplicationFilterChain.doFilter(ApplicationFilterChain.java:166)
		at org.apache.tomcat.websocket.server.WsFilter.doFilter(WsFilter.java:53)
		at org.apache.catalina.core.ApplicationFilterChain.internalDoFilter(ApplicationFilterChain.java:193)
		at org.apache.catalina.core.ApplicationFilterChain.doFilter(ApplicationFilterChain.java:166)
		at org.apache.catalina.core.StandardWrapperValve.invoke(StandardWrapperValve.java:202)
		at org.apache.catalina.core.StandardContextValve.invoke(StandardContextValve.java:97)
		at org.apache.catalina.authenticator.AuthenticatorBase.invoke(AuthenticatorBase.java:541)
		at org.apache.catalina.core.StandardHostValve.invoke(StandardHostValve.java:143)
		at org.apache.catalina.valves.ErrorReportValve.invoke(ErrorReportValve.java:92)
		at org.apache.catalina.valves.AbstractAccessLogValve.invoke(AbstractAccessLogValve.java:690)
		at org.apache.catalina.core.StandardEngineValve.invoke(StandardEngineValve.java:78)
		at org.apache.catalina.connector.CoyoteAdapter.service(CoyoteAdapter.java:343)
		at org.apache.coyote.http11.Http11Processor.service(Http11Processor.java:374)
		at org.apache.coyote.AbstractProcessorLight.process(AbstractProcessorLight.java:65)
		at org.apache.coyote.AbstractProtocol$ConnectionHandler.process(AbstractProtocol.java:868)
		at org.apache.tomcat.util.net.NioEndpoint$SocketProcessor.doRun(NioEndpoint.java:1590)
		at org.apache.tomcat.util.net.SocketProcessorBase.run(SocketProcessorBase.java:49)
		at java.util.concurrent.ThreadPoolExecutor.runWorker(ThreadPoolExecutor.java:1149)
		at java.util.concurrent.ThreadPoolExecutor$Worker.run(ThreadPoolExecutor.java:624)
		at org.apache.tomcat.util.threads.TaskThread$WrappingRunnable.run(TaskThread.java:61)
		at java.lang.Thread.run(Thread.java:748)
16-Sep-2024 16:12:57.682 SEVERE [http-nio-8082-exec-6] org.apache.catalina.core.StandardWrapperValve.invoke Servlet.service() for servlet [dispatcher] in context with path [/metro-application] threw exception [Request processing failed; nested exception is java.lang.RuntimeException: Error while saving login details] with root cause
	org.hibernate.PersistentObjectException: detached entity passed to persist: com.xworkz.metroapplication.entity.LoginEntity
		at org.hibernate.event.internal.DefaultPersistEventListener.onPersist(DefaultPersistEventListener.java:120)
		at org.hibernate.event.internal.DefaultPersistEventListener.onPersist(DefaultPersistEventListener.java:55)
		at org.hibernate.event.service.internal.EventListenerGroupImpl.fireEventOnEachListener(EventListenerGroupImpl.java:107)
		at org.hibernate.internal.SessionImpl.firePersist(SessionImpl.java:756)
		at org.hibernate.internal.SessionImpl.persist(SessionImpl.java:742)
		at sun.reflect.NativeMethodAccessorImpl.invoke0(Native Method)
		at sun.reflect.NativeMethodAccessorImpl.invoke(NativeMethodAccessorImpl.java:62)
		at sun.reflect.DelegatingMethodAccessorImpl.invoke(DelegatingMethodAccessorImpl.java:43)
		at java.lang.reflect.Method.invoke(Method.java:498)
		at org.springframework.orm.jpa.ExtendedEntityManagerCreator$ExtendedEntityManagerInvocationHandler.invoke(ExtendedEntityManagerCreator.java:362)
		at com.sun.proxy.$Proxy63.persist(Unknown Source)
		at com.xworkz.metroapplication.repository.MetroRepositoryImpl.saveLoginDetails(MetroRepositoryImpl.java:53)
		at com.xworkz.metroapplication.service.MetroServiceImpl.onSaveLoginDetails(MetroServiceImpl.java:59)
		at com.xworkz.metroapplication.controller.LoginController.onLoginSaveDetails(LoginController.java:30)
		at sun.reflect.NativeMethodAccessorImpl.invoke0(Native Method)
		at sun.reflect.NativeMethodAccessorImpl.invoke(NativeMethodAccessorImpl.java:62)
		at sun.reflect.DelegatingMethodAccessorImpl.invoke(DelegatingMethodAccessorImpl.java:43)
		at java.lang.reflect.Method.invoke(Method.java:498)
		at org.springframework.web.method.support.InvocableHandlerMethod.doInvoke(InvocableHandlerMethod.java:205)
		at org.springframework.web.method.support.InvocableHandlerMethod.invokeForRequest(InvocableHandlerMethod.java:150)
		at org.springframework.web.servlet.mvc.method.annotation.ServletInvocableHandlerMethod.invokeAndHandle(ServletInvocableHandlerMethod.java:117)
		at org.springframework.web.servlet.mvc.method.annotation.RequestMappingHandlerAdapter.invokeHandlerMethod(RequestMappingHandlerAdapter.java:895)
		at org.springframework.web.servlet.mvc.method.annotation.RequestMappingHandlerAdapter.handleInternal(RequestMappingHandlerAdapter.java:808)
		at org.springframework.web.servlet.mvc.method.AbstractHandlerMethodAdapter.handle(AbstractHandlerMethodAdapter.java:87)
		at org.springframework.web.servlet.DispatcherServlet.doDispatch(DispatcherServlet.java:1067)
		at org.springframework.web.servlet.DispatcherServlet.doService(DispatcherServlet.java:963)
		at org.springframework.web.servlet.FrameworkServlet.processRequest(FrameworkServlet.java:1006)
		at org.springframework.web.servlet.FrameworkServlet.doPost(FrameworkServlet.java:909)
		at javax.servlet.http.HttpServlet.service(HttpServlet.java:652)
		at org.springframework.web.servlet.FrameworkServlet.service(FrameworkServlet.java:883)
		at javax.servlet.http.HttpServlet.service(HttpServlet.java:733)
		at org.apache.catalina.core.ApplicationFilterChain.internalDoFilter(ApplicationFilterChain.java:231)
		at org.apache.catalina.core.ApplicationFilterChain.doFilter(ApplicationFilterChain.java:166)
		at org.apache.tomcat.websocket.server.WsFilter.doFilter(WsFilter.java:53)
		at org.apache.catalina.core.ApplicationFilterChain.internalDoFilter(ApplicationFilterChain.java:193)
		at org.apache.catalina.core.ApplicationFilterChain.doFilter(ApplicationFilterChain.java:166)
		at org.apache.catalina.core.StandardWrapperValve.invoke(StandardWrapperValve.java:202)
		at org.apache.catalina.core.StandardContextValve.invoke(StandardContextValve.java:97)
		at org.apache.catalina.authenticator.AuthenticatorBase.invoke(AuthenticatorBase.java:541)
		at org.apache.catalina.core.StandardHostValve.invoke(StandardHostValve.java:143)
		at org.apache.catalina.valves.ErrorReportValve.invoke(ErrorReportValve.java:92)
		at org.apache.catalina.valves.AbstractAccessLogValve.invoke(AbstractAccessLogValve.java:690)
		at org.apache.catalina.core.StandardEngineValve.invoke(StandardEngineValve.java:78)
		at org.apache.catalina.connector.CoyoteAdapter.service(CoyoteAdapter.java:343)
		at org.apache.coyote.http11.Http11Processor.service(Http11Processor.java:374)
		at org.apache.coyote.AbstractProcessorLight.process(AbstractProcessorLight.java:65)
		at org.apache.coyote.AbstractProtocol$ConnectionHandler.process(AbstractProtocol.java:868)
		at org.apache.tomcat.util.net.NioEndpoint$SocketProcessor.doRun(NioEndpoint.java:1590)
		at org.apache.tomcat.util.net.SocketProcessorBase.run(SocketProcessorBase.java:49)
		at java.util.concurrent.ThreadPoolExecutor.runWorker(ThreadPoolExecutor.java:1149)
		at java.util.concurrent.ThreadPoolExecutor$Worker.run(ThreadPoolExecutor.java:624)
		at org.apache.tomcat.util.threads.TaskThread$WrappingRunnable.run(TaskThread.java:61)
		at java.lang.Thread.run(Thread.java:748)
16-Sep-2024 16:16:14.968 SEVERE [http-nio-8082-exec-8] org.apache.catalina.core.StandardWrapperValve.invoke Servlet.service() for servlet [dispatcher] in context with path [/metro-application] threw exception [Request processing failed; nested exception is java.lang.RuntimeException: Error while saving login details] with root cause
	org.hibernate.PersistentObjectException: detached entity passed to persist: com.xworkz.metroapplication.entity.LoginEntity
		at org.hibernate.event.internal.DefaultPersistEventListener.onPersist(DefaultPersistEventListener.java:120)
		at org.hibernate.event.internal.DefaultPersistEventListener.onPersist(DefaultPersistEventListener.java:55)
		at org.hibernate.event.service.internal.EventListenerGroupImpl.fireEventOnEachListener(EventListenerGroupImpl.java:107)
		at org.hibernate.internal.SessionImpl.firePersist(SessionImpl.java:756)
		at org.hibernate.internal.SessionImpl.persist(SessionImpl.java:742)
		at sun.reflect.NativeMethodAccessorImpl.invoke0(Native Method)
		at sun.reflect.NativeMethodAccessorImpl.invoke(NativeMethodAccessorImpl.java:62)
		at sun.reflect.DelegatingMethodAccessorImpl.invoke(DelegatingMethodAccessorImpl.java:43)
		at java.lang.reflect.Method.invoke(Method.java:498)
		at org.springframework.orm.jpa.ExtendedEntityManagerCreator$ExtendedEntityManagerInvocationHandler.invoke(ExtendedEntityManagerCreator.java:362)
		at com.sun.proxy.$Proxy63.persist(Unknown Source)
		at com.xworkz.metroapplication.repository.MetroRepositoryImpl.saveLoginDetails(MetroRepositoryImpl.java:53)
		at com.xworkz.metroapplication.service.MetroServiceImpl.onSaveLoginDetails(MetroServiceImpl.java:59)
		at com.xworkz.metroapplication.controller.LoginController.onLoginSaveDetails(LoginController.java:30)
		at sun.reflect.NativeMethodAccessorImpl.invoke0(Native Method)
		at sun.reflect.NativeMethodAccessorImpl.invoke(NativeMethodAccessorImpl.java:62)
		at sun.reflect.DelegatingMethodAccessorImpl.invoke(DelegatingMethodAccessorImpl.java:43)
		at java.lang.reflect.Method.invoke(Method.java:498)
		at org.springframework.web.method.support.InvocableHandlerMethod.doInvoke(InvocableHandlerMethod.java:205)
		at org.springframework.web.method.support.InvocableHandlerMethod.invokeForRequest(InvocableHandlerMethod.java:150)
		at org.springframework.web.servlet.mvc.method.annotation.ServletInvocableHandlerMethod.invokeAndHandle(ServletInvocableHandlerMethod.java:117)
		at org.springframework.web.servlet.mvc.method.annotation.RequestMappingHandlerAdapter.invokeHandlerMethod(RequestMappingHandlerAdapter.java:895)
		at org.springframework.web.servlet.mvc.method.annotation.RequestMappingHandlerAdapter.handleInternal(RequestMappingHandlerAdapter.java:808)
		at org.springframework.web.servlet.mvc.method.AbstractHandlerMethodAdapter.handle(AbstractHandlerMethodAdapter.java:87)
		at org.springframework.web.servlet.DispatcherServlet.doDispatch(DispatcherServlet.java:1067)
		at org.springframework.web.servlet.DispatcherServlet.doService(DispatcherServlet.java:963)
		at org.springframework.web.servlet.FrameworkServlet.processRequest(FrameworkServlet.java:1006)
		at org.springframework.web.servlet.FrameworkServlet.doPost(FrameworkServlet.java:909)
		at javax.servlet.http.HttpServlet.service(HttpServlet.java:652)
		at org.springframework.web.servlet.FrameworkServlet.service(FrameworkServlet.java:883)
		at javax.servlet.http.HttpServlet.service(HttpServlet.java:733)
		at org.apache.catalina.core.ApplicationFilterChain.internalDoFilter(ApplicationFilterChain.java:231)
		at org.apache.catalina.core.ApplicationFilterChain.doFilter(ApplicationFilterChain.java:166)
		at org.apache.tomcat.websocket.server.WsFilter.doFilter(WsFilter.java:53)
		at org.apache.catalina.core.ApplicationFilterChain.internalDoFilter(ApplicationFilterChain.java:193)
		at org.apache.catalina.core.ApplicationFilterChain.doFilter(ApplicationFilterChain.java:166)
		at org.apache.catalina.core.StandardWrapperValve.invoke(StandardWrapperValve.java:202)
		at org.apache.catalina.core.StandardContextValve.invoke(StandardContextValve.java:97)
		at org.apache.catalina.authenticator.AuthenticatorBase.invoke(AuthenticatorBase.java:541)
		at org.apache.catalina.core.StandardHostValve.invoke(StandardHostValve.java:143)
		at org.apache.catalina.valves.ErrorReportValve.invoke(ErrorReportValve.java:92)
		at org.apache.catalina.valves.AbstractAccessLogValve.invoke(AbstractAccessLogValve.java:690)
		at org.apache.catalina.core.StandardEngineValve.invoke(StandardEngineValve.java:78)
		at org.apache.catalina.connector.CoyoteAdapter.service(CoyoteAdapter.java:343)
		at org.apache.coyote.http11.Http11Processor.service(Http11Processor.java:374)
		at org.apache.coyote.AbstractProcessorLight.process(AbstractProcessorLight.java:65)
		at org.apache.coyote.AbstractProtocol$ConnectionHandler.process(AbstractProtocol.java:868)
		at org.apache.tomcat.util.net.NioEndpoint$SocketProcessor.doRun(NioEndpoint.java:1590)
		at org.apache.tomcat.util.net.SocketProcessorBase.run(SocketProcessorBase.java:49)
		at java.util.concurrent.ThreadPoolExecutor.runWorker(ThreadPoolExecutor.java:1149)
		at java.util.concurrent.ThreadPoolExecutor$Worker.run(ThreadPoolExecutor.java:624)
		at org.apache.tomcat.util.threads.TaskThread$WrappingRunnable.run(TaskThread.java:61)
		at java.lang.Thread.run(Thread.java:748)
16-Sep-2024 16:18:05.714 INFO [Thread-5] org.apache.catalina.core.ApplicationContext.log Destroying Spring FrameworkServlet 'dispatcher'
16-Sep-2024 16:18:22.499 INFO [main] org.apache.catalina.core.ApplicationContext.log 1 Spring WebApplicationInitializers detected on classpath
16-Sep-2024 16:18:22.687 INFO [main] org.apache.catalina.core.ApplicationContext.log Initializing Spring DispatcherServlet 'dispatcher'
16-Sep-2024 16:19:49.738 SEVERE [http-nio-8082-exec-2] org.apache.catalina.core.StandardWrapperValve.invoke Servlet.service() for servlet [dispatcher] in context with path [/metro-application] threw exception [Request processing failed; nested exception is java.lang.RuntimeException: Error while saving login details] with root cause
	java.sql.SQLSyntaxErrorException: Unknown column 'loginentit0_.password' in 'field list'
		at com.mysql.cj.jdbc.exceptions.SQLError.createSQLException(SQLError.java:120)
		at com.mysql.cj.jdbc.exceptions.SQLExceptionsMapping.translateException(SQLExceptionsMapping.java:122)
		at com.mysql.cj.jdbc.ClientPreparedStatement.executeInternal(ClientPreparedStatement.java:916)
		at com.mysql.cj.jdbc.ClientPreparedStatement.executeQuery(ClientPreparedStatement.java:972)
		at org.hibernate.engine.jdbc.internal.ResultSetReturnImpl.extract(ResultSetReturnImpl.java:57)
		at org.hibernate.loader.Loader.getResultSet(Loader.java:2322)
		at org.hibernate.loader.Loader.executeQueryStatement(Loader.java:2075)
		at org.hibernate.loader.Loader.executeQueryStatement(Loader.java:2037)
		at org.hibernate.loader.Loader.doQuery(Loader.java:956)
		at org.hibernate.loader.Loader.doQueryAndInitializeNonLazyCollections(Loader.java:357)
		at org.hibernate.loader.Loader.doQueryAndInitializeNonLazyCollections(Loader.java:327)
		at org.hibernate.loader.Loader.loadEntity(Loader.java:2440)
		at org.hibernate.loader.entity.AbstractEntityLoader.load(AbstractEntityLoader.java:77)
		at org.hibernate.loader.entity.AbstractEntityLoader.load(AbstractEntityLoader.java:61)
		at org.hibernate.persister.entity.AbstractEntityPersister.doLoad(AbstractEntityPersister.java:4521)
		at org.hibernate.persister.entity.AbstractEntityPersister.load(AbstractEntityPersister.java:4511)
		at org.hibernate.event.internal.DefaultLoadEventListener.loadFromDatasource(DefaultLoadEventListener.java:571)
		at org.hibernate.event.internal.DefaultLoadEventListener.doLoad(DefaultLoadEventListener.java:539)
		at org.hibernate.event.internal.DefaultLoadEventListener.load(DefaultLoadEventListener.java:208)
		at org.hibernate.event.internal.DefaultLoadEventListener.proxyOrLoad(DefaultLoadEventListener.java:327)
		at org.hibernate.event.internal.DefaultLoadEventListener.doOnLoad(DefaultLoadEventListener.java:108)
		at org.hibernate.event.internal.DefaultLoadEventListener.onLoad(DefaultLoadEventListener.java:74)
		at org.hibernate.event.service.internal.EventListenerGroupImpl.fireEventOnEachListener(EventListenerGroupImpl.java:118)
		at org.hibernate.internal.SessionImpl.fireLoadNoChecks(SessionImpl.java:1231)
		at org.hibernate.internal.SessionImpl.fireLoad(SessionImpl.java:1220)
		at org.hibernate.internal.SessionImpl.access$2100(SessionImpl.java:202)
		at org.hibernate.internal.SessionImpl$IdentifierLoadAccessImpl.doLoad(SessionImpl.java:2835)
		at org.hibernate.internal.SessionImpl$IdentifierLoadAccessImpl.lambda$load$1(SessionImpl.java:2812)
		at org.hibernate.internal.SessionImpl$IdentifierLoadAccessImpl.perform(SessionImpl.java:2768)
		at org.hibernate.internal.SessionImpl$IdentifierLoadAccessImpl.load(SessionImpl.java:2812)
		at org.hibernate.internal.SessionImpl.get(SessionImpl.java:1024)
		at org.hibernate.event.internal.DefaultMergeEventListener.entityIsDetached(DefaultMergeEventListener.java:306)
		at org.hibernate.event.internal.DefaultMergeEventListener.onMerge(DefaultMergeEventListener.java:172)
		at org.hibernate.event.internal.DefaultMergeEventListener.onMerge(DefaultMergeEventListener.java:70)
		at org.hibernate.event.service.internal.EventListenerGroupImpl.fireEventOnEachListener(EventListenerGroupImpl.java:107)
		at org.hibernate.internal.SessionImpl.fireMerge(SessionImpl.java:829)
		at org.hibernate.internal.SessionImpl.merge(SessionImpl.java:816)
		at sun.reflect.NativeMethodAccessorImpl.invoke0(Native Method)
		at sun.reflect.NativeMethodAccessorImpl.invoke(NativeMethodAccessorImpl.java:62)
		at sun.reflect.DelegatingMethodAccessorImpl.invoke(DelegatingMethodAccessorImpl.java:43)
		at java.lang.reflect.Method.invoke(Method.java:498)
		at org.springframework.orm.jpa.ExtendedEntityManagerCreator$ExtendedEntityManagerInvocationHandler.invoke(ExtendedEntityManagerCreator.java:362)
		at com.sun.proxy.$Proxy63.merge(Unknown Source)
		at com.xworkz.metroapplication.repository.MetroRepositoryImpl.saveLoginDetails(MetroRepositoryImpl.java:53)
		at com.xworkz.metroapplication.service.MetroServiceImpl.onSaveLoginDetails(MetroServiceImpl.java:59)
		at com.xworkz.metroapplication.controller.LoginController.onLoginSaveDetails(LoginController.java:30)
		at sun.reflect.NativeMethodAccessorImpl.invoke0(Native Method)
		at sun.reflect.NativeMethodAccessorImpl.invoke(NativeMethodAccessorImpl.java:62)
		at sun.reflect.DelegatingMethodAccessorImpl.invoke(DelegatingMethodAccessorImpl.java:43)
		at java.lang.reflect.Method.invoke(Method.java:498)
		at org.springframework.web.method.support.InvocableHandlerMethod.doInvoke(InvocableHandlerMethod.java:205)
		at org.springframework.web.method.support.InvocableHandlerMethod.invokeForRequest(InvocableHandlerMethod.java:150)
		at org.springframework.web.servlet.mvc.method.annotation.ServletInvocableHandlerMethod.invokeAndHandle(ServletInvocableHandlerMethod.java:117)
		at org.springframework.web.servlet.mvc.method.annotation.RequestMappingHandlerAdapter.invokeHandlerMethod(RequestMappingHandlerAdapter.java:895)
		at org.springframework.web.servlet.mvc.method.annotation.RequestMappingHandlerAdapter.handleInternal(RequestMappingHandlerAdapter.java:808)
		at org.springframework.web.servlet.mvc.method.AbstractHandlerMethodAdapter.handle(AbstractHandlerMethodAdapter.java:87)
		at org.springframework.web.servlet.DispatcherServlet.doDispatch(DispatcherServlet.java:1067)
		at org.springframework.web.servlet.DispatcherServlet.doService(DispatcherServlet.java:963)
		at org.springframework.web.servlet.FrameworkServlet.processRequest(FrameworkServlet.java:1006)
		at org.springframework.web.servlet.FrameworkServlet.doPost(FrameworkServlet.java:909)
		at javax.servlet.http.HttpServlet.service(HttpServlet.java:652)
		at org.springframework.web.servlet.FrameworkServlet.service(FrameworkServlet.java:883)
		at javax.servlet.http.HttpServlet.service(HttpServlet.java:733)
		at org.apache.catalina.core.ApplicationFilterChain.internalDoFilter(ApplicationFilterChain.java:231)
		at org.apache.catalina.core.ApplicationFilterChain.doFilter(ApplicationFilterChain.java:166)
		at org.apache.tomcat.websocket.server.WsFilter.doFilter(WsFilter.java:53)
		at org.apache.catalina.core.ApplicationFilterChain.internalDoFilter(ApplicationFilterChain.java:193)
		at org.apache.catalina.core.ApplicationFilterChain.doFilter(ApplicationFilterChain.java:166)
		at org.apache.catalina.core.StandardWrapperValve.invoke(StandardWrapperValve.java:202)
		at org.apache.catalina.core.StandardContextValve.invoke(StandardContextValve.java:97)
		at org.apache.catalina.authenticator.AuthenticatorBase.invoke(AuthenticatorBase.java:541)
		at org.apache.catalina.core.StandardHostValve.invoke(StandardHostValve.java:143)
		at org.apache.catalina.valves.ErrorReportValve.invoke(ErrorReportValve.java:92)
		at org.apache.catalina.valves.AbstractAccessLogValve.invoke(AbstractAccessLogValve.java:690)
		at org.apache.catalina.core.StandardEngineValve.invoke(StandardEngineValve.java:78)
		at org.apache.catalina.connector.CoyoteAdapter.service(CoyoteAdapter.java:343)
		at org.apache.coyote.http11.Http11Processor.service(Http11Processor.java:374)
		at org.apache.coyote.AbstractProcessorLight.process(AbstractProcessorLight.java:65)
		at org.apache.coyote.AbstractProtocol$ConnectionHandler.process(AbstractProtocol.java:868)
		at org.apache.tomcat.util.net.NioEndpoint$SocketProcessor.doRun(NioEndpoint.java:1590)
		at org.apache.tomcat.util.net.SocketProcessorBase.run(SocketProcessorBase.java:49)
		at java.util.concurrent.ThreadPoolExecutor.runWorker(ThreadPoolExecutor.java:1149)
		at java.util.concurrent.ThreadPoolExecutor$Worker.run(ThreadPoolExecutor.java:624)
		at org.apache.tomcat.util.threads.TaskThread$WrappingRunnable.run(TaskThread.java:61)
		at java.lang.Thread.run(Thread.java:748)
16-Sep-2024 16:23:25.665 INFO [Thread-5] org.apache.catalina.core.ApplicationContext.log Destroying Spring FrameworkServlet 'dispatcher'
16-Sep-2024 16:23:46.976 INFO [main] org.apache.catalina.core.ApplicationContext.log 1 Spring WebApplicationInitializers detected on classpath
16-Sep-2024 16:23:47.204 INFO [main] org.apache.catalina.core.ApplicationContext.log Initializing Spring DispatcherServlet 'dispatcher'
16-Sep-2024 16:27:03.653 INFO [Thread-5] org.apache.catalina.core.ApplicationContext.log Destroying Spring FrameworkServlet 'dispatcher'
