20-Dec-2024 13:14:50.372 INFO [main] org.apache.catalina.core.ApplicationContext.log 2 Spring WebApplicationInitializers detected on classpath
20-Dec-2024 13:14:50.742 INFO [main] org.apache.catalina.core.ApplicationContext.log Initializing Spring DispatcherServlet 'dispatcher'
20-Dec-2024 13:40:47.393 SEVERE [http-nio-8083-exec-2] org.apache.catalina.core.StandardWrapperValve.invoke Servlet.service() for servlet [dispatcher] in context with path [/metro-application] threw exception [Request processing failed; nested exception is java.lang.IllegalArgumentException: Source must not be null] with root cause
	java.lang.IllegalArgumentException: Source must not be null
		at org.springframework.util.Assert.notNull(Assert.java:201)
		at org.springframework.beans.BeanUtils.copyProperties(BeanUtils.java:782)
		at org.springframework.beans.BeanUtils.copyProperties(BeanUtils.java:719)
		at com.xworkz.metroapplication.service.UserInteractionServiceImpl.onFindSourceDestinationDetails(UserInteractionServiceImpl.java:83)
		at com.xworkz.metroapplication.controller.UserInteractionController.isPriceExists(UserInteractionController.java:52)
		at java.base/jdk.internal.reflect.NativeMethodAccessorImpl.invoke0(Native Method)
		at java.base/jdk.internal.reflect.NativeMethodAccessorImpl.invoke(NativeMethodAccessorImpl.java:77)
		at java.base/jdk.internal.reflect.DelegatingMethodAccessorImpl.invoke(DelegatingMethodAccessorImpl.java:43)
		at java.base/java.lang.reflect.Method.invoke(Method.java:568)
		at org.springframework.web.method.support.InvocableHandlerMethod.doInvoke(InvocableHandlerMethod.java:205)
		at org.springframework.web.method.support.InvocableHandlerMethod.invokeForRequest(InvocableHandlerMethod.java:150)
		at org.springframework.web.servlet.mvc.method.annotation.ServletInvocableHandlerMethod.invokeAndHandle(ServletInvocableHandlerMethod.java:117)
		at org.springframework.web.servlet.mvc.method.annotation.RequestMappingHandlerAdapter.invokeHandlerMethod(RequestMappingHandlerAdapter.java:895)
		at org.springframework.web.servlet.mvc.method.annotation.RequestMappingHandlerAdapter.handleInternal(RequestMappingHandlerAdapter.java:808)
		at org.springframework.web.servlet.mvc.method.AbstractHandlerMethodAdapter.handle(AbstractHandlerMethodAdapter.java:87)
		at org.springframework.web.servlet.DispatcherServlet.doDispatch(DispatcherServlet.java:1067)
		at org.springframework.web.servlet.DispatcherServlet.doService(DispatcherServlet.java:963)
		at org.springframework.web.servlet.FrameworkServlet.processRequest(FrameworkServlet.java:1006)
		at org.springframework.web.servlet.FrameworkServlet.doGet(FrameworkServlet.java:898)
		at javax.servlet.http.HttpServlet.service(HttpServlet.java:626)
		at org.springframework.web.servlet.FrameworkServlet.service(FrameworkServlet.java:883)
		at javax.servlet.http.HttpServlet.service(HttpServlet.java:733)
		at org.apache.catalina.core.ApplicationFilterChain.internalDoFilter(ApplicationFilterChain.java:231)
		at org.apache.catalina.core.ApplicationFilterChain.doFilter(ApplicationFilterChain.java:166)
		at org.apache.tomcat.websocket.server.WsFilter.doFilter(WsFilter.java:53)
		at org.apache.catalina.core.ApplicationFilterChain.internalDoFilter(ApplicationFilterChain.java:193)
		at org.apache.catalina.core.ApplicationFilterChain.doFilter(ApplicationFilterChain.java:166)
		at org.apache.catalina.core.StandardWrapperValve.invoke(StandardWrapperValve.java:202)
		at org.apache.catalina.core.StandardContextValve.invoke(StandardContextValve.java:97)
		at org.apache.catalina.authenticator.AuthenticatorBase.invoke(AuthenticatorBase.java:541)
		at org.apache.catalina.core.StandardHostValve.invoke(StandardHostValve.java:143)
		at org.apache.catalina.valves.ErrorReportValve.invoke(ErrorReportValve.java:92)
		at org.apache.catalina.valves.AbstractAccessLogValve.invoke(AbstractAccessLogValve.java:690)
		at org.apache.catalina.core.StandardEngineValve.invoke(StandardEngineValve.java:78)
		at org.apache.catalina.connector.CoyoteAdapter.service(CoyoteAdapter.java:343)
		at org.apache.coyote.http11.Http11Processor.service(Http11Processor.java:374)
		at org.apache.coyote.AbstractProcessorLight.process(AbstractProcessorLight.java:65)
		at org.apache.coyote.AbstractProtocol$ConnectionHandler.process(AbstractProtocol.java:868)
		at org.apache.tomcat.util.net.NioEndpoint$SocketProcessor.doRun(NioEndpoint.java:1590)
		at org.apache.tomcat.util.net.SocketProcessorBase.run(SocketProcessorBase.java:49)
		at java.base/java.util.concurrent.ThreadPoolExecutor.runWorker(ThreadPoolExecutor.java:1136)
		at java.base/java.util.concurrent.ThreadPoolExecutor$Worker.run(ThreadPoolExecutor.java:635)
		at org.apache.tomcat.util.threads.TaskThread$WrappingRunnable.run(TaskThread.java:61)
		at java.base/java.lang.Thread.run(Thread.java:842)
20-Dec-2024 14:16:51.038 INFO [Thread-4] org.apache.catalina.core.ApplicationContext.log Destroying Spring FrameworkServlet 'dispatcher'
20-Dec-2024 14:17:15.245 INFO [main] org.apache.catalina.core.ApplicationContext.log 2 Spring WebApplicationInitializers detected on classpath
20-Dec-2024 14:17:15.539 INFO [main] org.apache.catalina.core.ApplicationContext.log Initializing Spring DispatcherServlet 'dispatcher'
20-Dec-2024 14:18:34.625 INFO [Thread-4] org.apache.catalina.core.ApplicationContext.log Destroying Spring FrameworkServlet 'dispatcher'
20-Dec-2024 14:18:49.917 INFO [main] org.apache.catalina.core.ApplicationContext.log 2 Spring WebApplicationInitializers detected on classpath
20-Dec-2024 14:18:50.303 INFO [main] org.apache.catalina.core.ApplicationContext.log Initializing Spring DispatcherServlet 'dispatcher'
20-Dec-2024 15:48:02.316 INFO [Thread-4] org.apache.catalina.core.ApplicationContext.log Destroying Spring FrameworkServlet 'dispatcher'
20-Dec-2024 15:48:22.130 INFO [main] org.apache.catalina.core.ApplicationContext.log 2 Spring WebApplicationInitializers detected on classpath
20-Dec-2024 15:48:22.405 INFO [main] org.apache.catalina.core.ApplicationContext.log Initializing Spring DispatcherServlet 'dispatcher'
20-Dec-2024 15:48:30.279 SEVERE [main] org.apache.catalina.core.ApplicationContext.log Servlet.init() for servlet [dispatcher] threw exception
	org.springframework.beans.factory.BeanCreationException: Error creating bean with name 'entityManagerFactoryBean' defined in com.xworkz.metroapplication.configuration.SpringConfiguration: Invocation of init method failed; nested exception is javax.persistence.PersistenceException: [PersistenceUnit: Xworkz1] Unable to build Hibernate SessionFactory; nested exception is org.hibernate.HibernateException: Errors in named queries: 
adminUpdateLogout failed because of: org.hibernate.QueryException: could not resolve property: logoutTime of: com.xworkz.metroapplication.entity.RegistrationEntity [UPDATE  com.xworkz.metroapplication.entity.RegistrationEntity r SET r.logoutTime = :logoutTime WHERE r.emailId = :emailId]
		at org.springframework.beans.factory.support.AbstractAutowireCapableBeanFactory.initializeBean(AbstractAutowireCapableBeanFactory.java:1804)
		at org.springframework.beans.factory.support.AbstractAutowireCapableBeanFactory.doCreateBean(AbstractAutowireCapableBeanFactory.java:620)
		at org.springframework.beans.factory.support.AbstractAutowireCapableBeanFactory.createBean(AbstractAutowireCapableBeanFactory.java:542)
		at org.springframework.beans.factory.support.AbstractBeanFactory.lambda$doGetBean$0(AbstractBeanFactory.java:335)
		at org.springframework.beans.factory.support.DefaultSingletonBeanRegistry.getSingleton(DefaultSingletonBeanRegistry.java:234)
		at org.springframework.beans.factory.support.AbstractBeanFactory.doGetBean(AbstractBeanFactory.java:333)
		at org.springframework.beans.factory.support.AbstractBeanFactory.getBean(AbstractBeanFactory.java:208)
		at org.springframework.context.support.AbstractApplicationContext.getBean(AbstractApplicationContext.java:1154)
		at org.springframework.context.support.AbstractApplicationContext.finishBeanFactoryInitialization(AbstractApplicationContext.java:908)
		at org.springframework.context.support.AbstractApplicationContext.refresh(AbstractApplicationContext.java:583)
		at org.springframework.web.servlet.FrameworkServlet.configureAndRefreshWebApplicationContext(FrameworkServlet.java:702)
		at org.springframework.web.servlet.FrameworkServlet.initWebApplicationContext(FrameworkServlet.java:578)
		at org.springframework.web.servlet.FrameworkServlet.initServletBean(FrameworkServlet.java:530)
		at org.springframework.web.servlet.HttpServletBean.init(HttpServletBean.java:170)
		at javax.servlet.GenericServlet.init(GenericServlet.java:158)
		at org.apache.catalina.core.StandardWrapper.initServlet(StandardWrapper.java:1134)
		at org.apache.catalina.core.StandardWrapper.load(StandardWrapper.java:986)
		at org.apache.catalina.core.StandardContext.loadOnStartup(StandardContext.java:4864)
		at org.apache.catalina.core.StandardContext.startInternal(StandardContext.java:5173)
		at org.apache.catalina.util.LifecycleBase.start(LifecycleBase.java:183)
		at org.apache.catalina.core.ContainerBase.addChildInternal(ContainerBase.java:717)
		at org.apache.catalina.core.ContainerBase.addChild(ContainerBase.java:690)
		at org.apache.catalina.core.StandardHost.addChild(StandardHost.java:706)
		at org.apache.catalina.startup.HostConfig.deployDescriptor(HostConfig.java:631)
		at org.apache.catalina.startup.HostConfig$DeployDescriptor.run(HostConfig.java:1830)
		at java.base/java.util.concurrent.Executors$RunnableAdapter.call(Executors.java:539)
		at java.base/java.util.concurrent.FutureTask.run(FutureTask.java:264)
		at org.apache.tomcat.util.threads.InlineExecutorService.execute(InlineExecutorService.java:75)
		at java.base/java.util.concurrent.AbstractExecutorService.submit(AbstractExecutorService.java:123)
		at org.apache.catalina.startup.HostConfig.deployDescriptors(HostConfig.java:526)
		at org.apache.catalina.startup.HostConfig.deployApps(HostConfig.java:425)
		at org.apache.catalina.startup.HostConfig.start(HostConfig.java:1576)
		at org.apache.catalina.startup.HostConfig.lifecycleEvent(HostConfig.java:309)
		at org.apache.catalina.util.LifecycleBase.fireLifecycleEvent(LifecycleBase.java:123)
		at org.apache.catalina.util.LifecycleBase.setStateInternal(LifecycleBase.java:423)
		at org.apache.catalina.util.LifecycleBase.setState(LifecycleBase.java:366)
		at org.apache.catalina.core.ContainerBase.startInternal(ContainerBase.java:936)
		at org.apache.catalina.core.StandardHost.startInternal(StandardHost.java:843)
		at org.apache.catalina.util.LifecycleBase.start(LifecycleBase.java:183)
		at org.apache.catalina.core.ContainerBase$StartChild.call(ContainerBase.java:1384)
		at org.apache.catalina.core.ContainerBase$StartChild.call(ContainerBase.java:1374)
		at java.base/java.util.concurrent.FutureTask.run(FutureTask.java:264)
		at org.apache.tomcat.util.threads.InlineExecutorService.execute(InlineExecutorService.java:75)
		at java.base/java.util.concurrent.AbstractExecutorService.submit(AbstractExecutorService.java:145)
		at org.apache.catalina.core.ContainerBase.startInternal(ContainerBase.java:909)
		at org.apache.catalina.core.StandardEngine.startInternal(StandardEngine.java:262)
		at org.apache.catalina.util.LifecycleBase.start(LifecycleBase.java:183)
		at org.apache.catalina.core.StandardService.startInternal(StandardService.java:421)
		at org.apache.catalina.util.LifecycleBase.start(LifecycleBase.java:183)
		at org.apache.catalina.core.StandardServer.startInternal(StandardServer.java:930)
		at org.apache.catalina.util.LifecycleBase.start(LifecycleBase.java:183)
		at org.apache.catalina.startup.Catalina.start(Catalina.java:772)
		at java.base/jdk.internal.reflect.NativeMethodAccessorImpl.invoke0(Native Method)
		at java.base/jdk.internal.reflect.NativeMethodAccessorImpl.invoke(NativeMethodAccessorImpl.java:77)
		at java.base/jdk.internal.reflect.DelegatingMethodAccessorImpl.invoke(DelegatingMethodAccessorImpl.java:43)
		at java.base/java.lang.reflect.Method.invoke(Method.java:568)
		at org.apache.catalina.startup.Bootstrap.start(Bootstrap.java:342)
		at org.apache.catalina.startup.Bootstrap.main(Bootstrap.java:473)
	Caused by: javax.persistence.PersistenceException: [PersistenceUnit: Xworkz1] Unable to build Hibernate SessionFactory; nested exception is org.hibernate.HibernateException: Errors in named queries: 
adminUpdateLogout failed because of: org.hibernate.QueryException: could not resolve property: logoutTime of: com.xworkz.metroapplication.entity.RegistrationEntity [UPDATE  com.xworkz.metroapplication.entity.RegistrationEntity r SET r.logoutTime = :logoutTime WHERE r.emailId = :emailId]
		at org.springframework.orm.jpa.AbstractEntityManagerFactoryBean.buildNativeEntityManagerFactory(AbstractEntityManagerFactoryBean.java:421)
		at org.springframework.orm.jpa.AbstractEntityManagerFactoryBean.afterPropertiesSet(AbstractEntityManagerFactoryBean.java:396)
		at org.springframework.orm.jpa.LocalContainerEntityManagerFactoryBean.afterPropertiesSet(LocalContainerEntityManagerFactoryBean.java:341)
		at org.springframework.beans.factory.support.AbstractAutowireCapableBeanFactory.invokeInitMethods(AbstractAutowireCapableBeanFactory.java:1863)
		at org.springframework.beans.factory.support.AbstractAutowireCapableBeanFactory.initializeBean(AbstractAutowireCapableBeanFactory.java:1800)
		... 57 more
	Caused by: org.hibernate.HibernateException: Errors in named queries: 
adminUpdateLogout failed because of: org.hibernate.QueryException: could not resolve property: logoutTime of: com.xworkz.metroapplication.entity.RegistrationEntity [UPDATE  com.xworkz.metroapplication.entity.RegistrationEntity r SET r.logoutTime = :logoutTime WHERE r.emailId = :emailId]
		at org.hibernate.internal.SessionFactoryImpl.<init>(SessionFactoryImpl.java:360)
		at org.hibernate.boot.internal.SessionFactoryBuilderImpl.build(SessionFactoryBuilderImpl.java:471)
		at org.hibernate.jpa.boot.internal.EntityManagerFactoryBuilderImpl.build(EntityManagerFactoryBuilderImpl.java:1498)
		at org.hibernate.jpa.HibernatePersistenceProvider.createContainerEntityManagerFactory(HibernatePersistenceProvider.java:141)
		at org.springframework.orm.jpa.LocalContainerEntityManagerFactoryBean.createNativeEntityManagerFactory(LocalContainerEntityManagerFactoryBean.java:365)
		at org.springframework.orm.jpa.AbstractEntityManagerFactoryBean.buildNativeEntityManagerFactory(AbstractEntityManagerFactoryBean.java:409)
		... 61 more
20-Dec-2024 15:48:30.279 SEVERE [main] org.apache.catalina.core.StandardContext.loadOnStartup Servlet [dispatcher] in web application [/metro-application] threw load() exception
	org.hibernate.HibernateException: Errors in named queries: 
adminUpdateLogout failed because of: org.hibernate.QueryException: could not resolve property: logoutTime of: com.xworkz.metroapplication.entity.RegistrationEntity [UPDATE  com.xworkz.metroapplication.entity.RegistrationEntity r SET r.logoutTime = :logoutTime WHERE r.emailId = :emailId]
		at org.hibernate.internal.SessionFactoryImpl.<init>(SessionFactoryImpl.java:360)
		at org.hibernate.boot.internal.SessionFactoryBuilderImpl.build(SessionFactoryBuilderImpl.java:471)
		at org.hibernate.jpa.boot.internal.EntityManagerFactoryBuilderImpl.build(EntityManagerFactoryBuilderImpl.java:1498)
		at org.hibernate.jpa.HibernatePersistenceProvider.createContainerEntityManagerFactory(HibernatePersistenceProvider.java:141)
		at org.springframework.orm.jpa.LocalContainerEntityManagerFactoryBean.createNativeEntityManagerFactory(LocalContainerEntityManagerFactoryBean.java:365)
		at org.springframework.orm.jpa.AbstractEntityManagerFactoryBean.buildNativeEntityManagerFactory(AbstractEntityManagerFactoryBean.java:409)
		at org.springframework.orm.jpa.AbstractEntityManagerFactoryBean.afterPropertiesSet(AbstractEntityManagerFactoryBean.java:396)
		at org.springframework.orm.jpa.LocalContainerEntityManagerFactoryBean.afterPropertiesSet(LocalContainerEntityManagerFactoryBean.java:341)
		at org.springframework.beans.factory.support.AbstractAutowireCapableBeanFactory.invokeInitMethods(AbstractAutowireCapableBeanFactory.java:1863)
		at org.springframework.beans.factory.support.AbstractAutowireCapableBeanFactory.initializeBean(AbstractAutowireCapableBeanFactory.java:1800)
		at org.springframework.beans.factory.support.AbstractAutowireCapableBeanFactory.doCreateBean(AbstractAutowireCapableBeanFactory.java:620)
		at org.springframework.beans.factory.support.AbstractAutowireCapableBeanFactory.createBean(AbstractAutowireCapableBeanFactory.java:542)
		at org.springframework.beans.factory.support.AbstractBeanFactory.lambda$doGetBean$0(AbstractBeanFactory.java:335)
		at org.springframework.beans.factory.support.DefaultSingletonBeanRegistry.getSingleton(DefaultSingletonBeanRegistry.java:234)
		at org.springframework.beans.factory.support.AbstractBeanFactory.doGetBean(AbstractBeanFactory.java:333)
		at org.springframework.beans.factory.support.AbstractBeanFactory.getBean(AbstractBeanFactory.java:208)
		at org.springframework.context.support.AbstractApplicationContext.getBean(AbstractApplicationContext.java:1154)
		at org.springframework.context.support.AbstractApplicationContext.finishBeanFactoryInitialization(AbstractApplicationContext.java:908)
		at org.springframework.context.support.AbstractApplicationContext.refresh(AbstractApplicationContext.java:583)
		at org.springframework.web.servlet.FrameworkServlet.configureAndRefreshWebApplicationContext(FrameworkServlet.java:702)
		at org.springframework.web.servlet.FrameworkServlet.initWebApplicationContext(FrameworkServlet.java:578)
		at org.springframework.web.servlet.FrameworkServlet.initServletBean(FrameworkServlet.java:530)
		at org.springframework.web.servlet.HttpServletBean.init(HttpServletBean.java:170)
		at javax.servlet.GenericServlet.init(GenericServlet.java:158)
		at org.apache.catalina.core.StandardWrapper.initServlet(StandardWrapper.java:1134)
		at org.apache.catalina.core.StandardWrapper.load(StandardWrapper.java:986)
		at org.apache.catalina.core.StandardContext.loadOnStartup(StandardContext.java:4864)
		at org.apache.catalina.core.StandardContext.startInternal(StandardContext.java:5173)
		at org.apache.catalina.util.LifecycleBase.start(LifecycleBase.java:183)
		at org.apache.catalina.core.ContainerBase.addChildInternal(ContainerBase.java:717)
		at org.apache.catalina.core.ContainerBase.addChild(ContainerBase.java:690)
		at org.apache.catalina.core.StandardHost.addChild(StandardHost.java:706)
		at org.apache.catalina.startup.HostConfig.deployDescriptor(HostConfig.java:631)
		at org.apache.catalina.startup.HostConfig$DeployDescriptor.run(HostConfig.java:1830)
		at java.base/java.util.concurrent.Executors$RunnableAdapter.call(Executors.java:539)
		at java.base/java.util.concurrent.FutureTask.run(FutureTask.java:264)
		at org.apache.tomcat.util.threads.InlineExecutorService.execute(InlineExecutorService.java:75)
		at java.base/java.util.concurrent.AbstractExecutorService.submit(AbstractExecutorService.java:123)
		at org.apache.catalina.startup.HostConfig.deployDescriptors(HostConfig.java:526)
		at org.apache.catalina.startup.HostConfig.deployApps(HostConfig.java:425)
		at org.apache.catalina.startup.HostConfig.start(HostConfig.java:1576)
		at org.apache.catalina.startup.HostConfig.lifecycleEvent(HostConfig.java:309)
		at org.apache.catalina.util.LifecycleBase.fireLifecycleEvent(LifecycleBase.java:123)
		at org.apache.catalina.util.LifecycleBase.setStateInternal(LifecycleBase.java:423)
		at org.apache.catalina.util.LifecycleBase.setState(LifecycleBase.java:366)
		at org.apache.catalina.core.ContainerBase.startInternal(ContainerBase.java:936)
		at org.apache.catalina.core.StandardHost.startInternal(StandardHost.java:843)
		at org.apache.catalina.util.LifecycleBase.start(LifecycleBase.java:183)
		at org.apache.catalina.core.ContainerBase$StartChild.call(ContainerBase.java:1384)
		at org.apache.catalina.core.ContainerBase$StartChild.call(ContainerBase.java:1374)
		at java.base/java.util.concurrent.FutureTask.run(FutureTask.java:264)
		at org.apache.tomcat.util.threads.InlineExecutorService.execute(InlineExecutorService.java:75)
		at java.base/java.util.concurrent.AbstractExecutorService.submit(AbstractExecutorService.java:145)
		at org.apache.catalina.core.ContainerBase.startInternal(ContainerBase.java:909)
		at org.apache.catalina.core.StandardEngine.startInternal(StandardEngine.java:262)
		at org.apache.catalina.util.LifecycleBase.start(LifecycleBase.java:183)
		at org.apache.catalina.core.StandardService.startInternal(StandardService.java:421)
		at org.apache.catalina.util.LifecycleBase.start(LifecycleBase.java:183)
		at org.apache.catalina.core.StandardServer.startInternal(StandardServer.java:930)
		at org.apache.catalina.util.LifecycleBase.start(LifecycleBase.java:183)
		at org.apache.catalina.startup.Catalina.start(Catalina.java:772)
		at java.base/jdk.internal.reflect.NativeMethodAccessorImpl.invoke0(Native Method)
		at java.base/jdk.internal.reflect.NativeMethodAccessorImpl.invoke(NativeMethodAccessorImpl.java:77)
		at java.base/jdk.internal.reflect.DelegatingMethodAccessorImpl.invoke(DelegatingMethodAccessorImpl.java:43)
		at java.base/java.lang.reflect.Method.invoke(Method.java:568)
		at org.apache.catalina.startup.Bootstrap.start(Bootstrap.java:342)
		at org.apache.catalina.startup.Bootstrap.main(Bootstrap.java:473)
20-Dec-2024 15:50:26.764 INFO [main] org.apache.catalina.core.ApplicationContext.log 2 Spring WebApplicationInitializers detected on classpath
20-Dec-2024 15:50:27.050 INFO [main] org.apache.catalina.core.ApplicationContext.log Initializing Spring DispatcherServlet 'dispatcher'
20-Dec-2024 17:52:05.615 INFO [Thread-4] org.apache.catalina.core.ApplicationContext.log Destroying Spring FrameworkServlet 'dispatcher'
20-Dec-2024 23:00:16.210 INFO [main] org.apache.catalina.core.ApplicationContext.log 2 Spring WebApplicationInitializers detected on classpath
20-Dec-2024 23:00:16.618 INFO [main] org.apache.catalina.core.ApplicationContext.log Initializing Spring DispatcherServlet 'dispatcher'
20-Dec-2024 23:13:36.949 INFO [Thread-4] org.apache.catalina.core.ApplicationContext.log Destroying Spring FrameworkServlet 'dispatcher'
20-Dec-2024 23:14:57.853 INFO [main] org.apache.catalina.core.ApplicationContext.log 2 Spring WebApplicationInitializers detected on classpath
20-Dec-2024 23:14:58.559 INFO [main] org.apache.catalina.core.ApplicationContext.log Initializing Spring DispatcherServlet 'dispatcher'
20-Dec-2024 23:34:44.858 SEVERE [http-nio-8083-exec-1] org.apache.catalina.core.ApplicationDispatcher.invoke Servlet.service() for servlet [jsp] threw exception
	javax.el.PropertyNotFoundException: Property [id] not found on type [com.xworkz.metroapplication.dto.UserRegistrationDto]
		at javax.el.BeanELResolver$BeanProperties.get(BeanELResolver.java:260)
		at javax.el.BeanELResolver$BeanProperties.access$300(BeanELResolver.java:212)
		at javax.el.BeanELResolver.property(BeanELResolver.java:333)
		at javax.el.BeanELResolver.getValue(BeanELResolver.java:92)
		at org.apache.jasper.el.JasperELResolver.getValue(JasperELResolver.java:125)
		at org.apache.el.parser.AstValue.getValue(AstValue.java:169)
		at org.apache.el.ValueExpressionImpl.getValue(ValueExpressionImpl.java:190)
		at org.apache.jasper.runtime.PageContextImpl.proprietaryEvaluate(PageContextImpl.java:701)
		at org.apache.jsp.UserProfileUpdate_jsp._jspService(UserProfileUpdate_jsp.java:202)
		at org.apache.jasper.runtime.HttpJspBase.service(HttpJspBase.java:71)
		at javax.servlet.http.HttpServlet.service(HttpServlet.java:733)
		at org.apache.jasper.servlet.JspServletWrapper.service(JspServletWrapper.java:477)
		at org.apache.jasper.servlet.JspServlet.serviceJspFile(JspServlet.java:385)
		at org.apache.jasper.servlet.JspServlet.service(JspServlet.java:329)
		at javax.servlet.http.HttpServlet.service(HttpServlet.java:733)
		at org.apache.catalina.core.ApplicationFilterChain.internalDoFilter(ApplicationFilterChain.java:231)
		at org.apache.catalina.core.ApplicationFilterChain.doFilter(ApplicationFilterChain.java:166)
		at org.apache.tomcat.websocket.server.WsFilter.doFilter(WsFilter.java:53)
		at org.apache.catalina.core.ApplicationFilterChain.internalDoFilter(ApplicationFilterChain.java:193)
		at org.apache.catalina.core.ApplicationFilterChain.doFilter(ApplicationFilterChain.java:166)
		at org.apache.catalina.core.ApplicationDispatcher.invoke(ApplicationDispatcher.java:712)
		at org.apache.catalina.core.ApplicationDispatcher.processRequest(ApplicationDispatcher.java:459)
		at org.apache.catalina.core.ApplicationDispatcher.doForward(ApplicationDispatcher.java:384)
		at org.apache.catalina.core.ApplicationDispatcher.forward(ApplicationDispatcher.java:312)
		at org.springframework.web.servlet.view.InternalResourceView.renderMergedOutputModel(InternalResourceView.java:171)
		at org.springframework.web.servlet.view.AbstractView.render(AbstractView.java:316)
		at org.springframework.web.servlet.DispatcherServlet.render(DispatcherServlet.java:1401)
		at org.springframework.web.servlet.DispatcherServlet.processDispatchResult(DispatcherServlet.java:1145)
		at org.springframework.web.servlet.DispatcherServlet.doDispatch(DispatcherServlet.java:1084)
		at org.springframework.web.servlet.DispatcherServlet.doService(DispatcherServlet.java:963)
		at org.springframework.web.servlet.FrameworkServlet.processRequest(FrameworkServlet.java:1006)
		at org.springframework.web.servlet.FrameworkServlet.doGet(FrameworkServlet.java:898)
		at javax.servlet.http.HttpServlet.service(HttpServlet.java:626)
		at org.springframework.web.servlet.FrameworkServlet.service(FrameworkServlet.java:883)
		at javax.servlet.http.HttpServlet.service(HttpServlet.java:733)
		at org.apache.catalina.core.ApplicationFilterChain.internalDoFilter(ApplicationFilterChain.java:231)
		at org.apache.catalina.core.ApplicationFilterChain.doFilter(ApplicationFilterChain.java:166)
		at org.apache.tomcat.websocket.server.WsFilter.doFilter(WsFilter.java:53)
		at org.apache.catalina.core.ApplicationFilterChain.internalDoFilter(ApplicationFilterChain.java:193)
		at org.apache.catalina.core.ApplicationFilterChain.doFilter(ApplicationFilterChain.java:166)
		at org.apache.catalina.core.StandardWrapperValve.invoke(StandardWrapperValve.java:202)
		at org.apache.catalina.core.StandardContextValve.invoke(StandardContextValve.java:97)
		at org.apache.catalina.authenticator.AuthenticatorBase.invoke(AuthenticatorBase.java:541)
		at org.apache.catalina.core.StandardHostValve.invoke(StandardHostValve.java:143)
		at org.apache.catalina.valves.ErrorReportValve.invoke(ErrorReportValve.java:92)
		at org.apache.catalina.valves.AbstractAccessLogValve.invoke(AbstractAccessLogValve.java:690)
		at org.apache.catalina.core.StandardEngineValve.invoke(StandardEngineValve.java:78)
		at org.apache.catalina.connector.CoyoteAdapter.service(CoyoteAdapter.java:343)
		at org.apache.coyote.http11.Http11Processor.service(Http11Processor.java:374)
		at org.apache.coyote.AbstractProcessorLight.process(AbstractProcessorLight.java:65)
		at org.apache.coyote.AbstractProtocol$ConnectionHandler.process(AbstractProtocol.java:868)
		at org.apache.tomcat.util.net.NioEndpoint$SocketProcessor.doRun(NioEndpoint.java:1590)
		at org.apache.tomcat.util.net.SocketProcessorBase.run(SocketProcessorBase.java:49)
		at java.base/java.util.concurrent.ThreadPoolExecutor.runWorker(ThreadPoolExecutor.java:1136)
		at java.base/java.util.concurrent.ThreadPoolExecutor$Worker.run(ThreadPoolExecutor.java:635)
		at org.apache.tomcat.util.threads.TaskThread$WrappingRunnable.run(TaskThread.java:61)
		at java.base/java.lang.Thread.run(Thread.java:842)
20-Dec-2024 23:34:44.859 SEVERE [http-nio-8083-exec-1] org.apache.catalina.core.StandardWrapperValve.invoke Servlet.service() for servlet [dispatcher] in context with path [/metro-application] threw exception [An exception occurred processing [/UserProfileUpdate.jsp] at line [72]

69:                             </div>
70: 
71:                             <form action="updateUserProfile" method="post" enctype="multipart/form-data">
72:                                 <input type="number" name="id" value="${userDto.id}" hidden>
73: 
74:                                 <!-- Row 1: First Name, Last Name -->
75:                                 <div class="row g-3 gx-5 mb-4">


Stacktrace:] with root cause
	javax.el.PropertyNotFoundException: Property [id] not found on type [com.xworkz.metroapplication.dto.UserRegistrationDto]
		at javax.el.BeanELResolver$BeanProperties.get(BeanELResolver.java:260)
		at javax.el.BeanELResolver$BeanProperties.access$300(BeanELResolver.java:212)
		at javax.el.BeanELResolver.property(BeanELResolver.java:333)
		at javax.el.BeanELResolver.getValue(BeanELResolver.java:92)
		at org.apache.jasper.el.JasperELResolver.getValue(JasperELResolver.java:125)
		at org.apache.el.parser.AstValue.getValue(AstValue.java:169)
		at org.apache.el.ValueExpressionImpl.getValue(ValueExpressionImpl.java:190)
		at org.apache.jasper.runtime.PageContextImpl.proprietaryEvaluate(PageContextImpl.java:701)
		at org.apache.jsp.UserProfileUpdate_jsp._jspService(UserProfileUpdate_jsp.java:202)
		at org.apache.jasper.runtime.HttpJspBase.service(HttpJspBase.java:71)
		at javax.servlet.http.HttpServlet.service(HttpServlet.java:733)
		at org.apache.jasper.servlet.JspServletWrapper.service(JspServletWrapper.java:477)
		at org.apache.jasper.servlet.JspServlet.serviceJspFile(JspServlet.java:385)
		at org.apache.jasper.servlet.JspServlet.service(JspServlet.java:329)
		at javax.servlet.http.HttpServlet.service(HttpServlet.java:733)
		at org.apache.catalina.core.ApplicationFilterChain.internalDoFilter(ApplicationFilterChain.java:231)
		at org.apache.catalina.core.ApplicationFilterChain.doFilter(ApplicationFilterChain.java:166)
		at org.apache.tomcat.websocket.server.WsFilter.doFilter(WsFilter.java:53)
		at org.apache.catalina.core.ApplicationFilterChain.internalDoFilter(ApplicationFilterChain.java:193)
		at org.apache.catalina.core.ApplicationFilterChain.doFilter(ApplicationFilterChain.java:166)
		at org.apache.catalina.core.ApplicationDispatcher.invoke(ApplicationDispatcher.java:712)
		at org.apache.catalina.core.ApplicationDispatcher.processRequest(ApplicationDispatcher.java:459)
		at org.apache.catalina.core.ApplicationDispatcher.doForward(ApplicationDispatcher.java:384)
		at org.apache.catalina.core.ApplicationDispatcher.forward(ApplicationDispatcher.java:312)
		at org.springframework.web.servlet.view.InternalResourceView.renderMergedOutputModel(InternalResourceView.java:171)
		at org.springframework.web.servlet.view.AbstractView.render(AbstractView.java:316)
		at org.springframework.web.servlet.DispatcherServlet.render(DispatcherServlet.java:1401)
		at org.springframework.web.servlet.DispatcherServlet.processDispatchResult(DispatcherServlet.java:1145)
		at org.springframework.web.servlet.DispatcherServlet.doDispatch(DispatcherServlet.java:1084)
		at org.springframework.web.servlet.DispatcherServlet.doService(DispatcherServlet.java:963)
		at org.springframework.web.servlet.FrameworkServlet.processRequest(FrameworkServlet.java:1006)
		at org.springframework.web.servlet.FrameworkServlet.doGet(FrameworkServlet.java:898)
		at javax.servlet.http.HttpServlet.service(HttpServlet.java:626)
		at org.springframework.web.servlet.FrameworkServlet.service(FrameworkServlet.java:883)
		at javax.servlet.http.HttpServlet.service(HttpServlet.java:733)
		at org.apache.catalina.core.ApplicationFilterChain.internalDoFilter(ApplicationFilterChain.java:231)
		at org.apache.catalina.core.ApplicationFilterChain.doFilter(ApplicationFilterChain.java:166)
		at org.apache.tomcat.websocket.server.WsFilter.doFilter(WsFilter.java:53)
		at org.apache.catalina.core.ApplicationFilterChain.internalDoFilter(ApplicationFilterChain.java:193)
		at org.apache.catalina.core.ApplicationFilterChain.doFilter(ApplicationFilterChain.java:166)
		at org.apache.catalina.core.StandardWrapperValve.invoke(StandardWrapperValve.java:202)
		at org.apache.catalina.core.StandardContextValve.invoke(StandardContextValve.java:97)
		at org.apache.catalina.authenticator.AuthenticatorBase.invoke(AuthenticatorBase.java:541)
		at org.apache.catalina.core.StandardHostValve.invoke(StandardHostValve.java:143)
		at org.apache.catalina.valves.ErrorReportValve.invoke(ErrorReportValve.java:92)
		at org.apache.catalina.valves.AbstractAccessLogValve.invoke(AbstractAccessLogValve.java:690)
		at org.apache.catalina.core.StandardEngineValve.invoke(StandardEngineValve.java:78)
		at org.apache.catalina.connector.CoyoteAdapter.service(CoyoteAdapter.java:343)
		at org.apache.coyote.http11.Http11Processor.service(Http11Processor.java:374)
		at org.apache.coyote.AbstractProcessorLight.process(AbstractProcessorLight.java:65)
		at org.apache.coyote.AbstractProtocol$ConnectionHandler.process(AbstractProtocol.java:868)
		at org.apache.tomcat.util.net.NioEndpoint$SocketProcessor.doRun(NioEndpoint.java:1590)
		at org.apache.tomcat.util.net.SocketProcessorBase.run(SocketProcessorBase.java:49)
		at java.base/java.util.concurrent.ThreadPoolExecutor.runWorker(ThreadPoolExecutor.java:1136)
		at java.base/java.util.concurrent.ThreadPoolExecutor$Worker.run(ThreadPoolExecutor.java:635)
		at org.apache.tomcat.util.threads.TaskThread$WrappingRunnable.run(TaskThread.java:61)
		at java.base/java.lang.Thread.run(Thread.java:842)
20-Dec-2024 23:39:26.733 INFO [Thread-4] org.apache.catalina.core.ApplicationContext.log Destroying Spring FrameworkServlet 'dispatcher'
20-Dec-2024 23:39:58.441 INFO [main] org.apache.catalina.core.ApplicationContext.log 2 Spring WebApplicationInitializers detected on classpath
20-Dec-2024 23:39:58.845 INFO [main] org.apache.catalina.core.ApplicationContext.log Initializing Spring DispatcherServlet 'dispatcher'
